{"numFailedTestSuites":59,"numFailedTests":0,"numPassedTestSuites":0,"numPassedTests":0,"numPendingTestSuites":0,"numPendingTests":0,"numRuntimeErrorTestSuites":59,"numTodoTests":0,"numTotalTestSuites":59,"numTotalTests":0,"openHandles":[],"snapshot":{"added":0,"didUpdate":false,"failure":false,"filesAdded":0,"filesRemoved":0,"filesRemovedList":[],"filesUnmatched":0,"filesUpdated":0,"matched":0,"total":0,"unchecked":0,"uncheckedKeysByFile":[],"unmatched":0,"updated":0},"startTime":1604856836343,"success":false,"testResults":[{"assertionResults":[],"coverage":{},"endTime":1604856842477,"message":"  \u001b[1m● \u001b[22mTest suite failed to run\n\n    Cannot find module 'babel-jest'\n    Require stack:\n    - /Applications/MAMP/htdocs/wfp-ui-next/config/jest/jsTransform.js\n    - /Applications/MAMP/htdocs/wfp-ui-next/node_modules/@jest/transform/build/ScriptTransformer.js\n    - /Applications/MAMP/htdocs/wfp-ui-next/node_modules/@jest/transform/build/index.js\n    - /Applications/MAMP/htdocs/wfp-ui-next/node_modules/jest-runtime/build/index.js\n    - /Applications/MAMP/htdocs/wfp-ui-next/node_modules/jest-runner/build/testWorker.js\n    - /Applications/MAMP/htdocs/wfp-ui-next/node_modules/jest-worker/build/workers/processChild.js\n\n    \u001b[0m \u001b[90m 1 | \u001b[39m\u001b[32m'use strict'\u001b[39m\u001b[33m;\u001b[39m\u001b[0m\n    \u001b[0m \u001b[90m 2 | \u001b[39m\u001b[0m\n    \u001b[0m\u001b[31m\u001b[1m>\u001b[22m\u001b[39m\u001b[90m 3 | \u001b[39m\u001b[36mconst\u001b[39m { createTransformer } \u001b[33m=\u001b[39m require(\u001b[32m'babel-jest'\u001b[39m)\u001b[33m;\u001b[39m\u001b[0m\n    \u001b[0m \u001b[90m   | \u001b[39m                              \u001b[31m\u001b[1m^\u001b[22m\u001b[39m\u001b[0m\n    \u001b[0m \u001b[90m 4 | \u001b[39m\u001b[36mconst\u001b[39m packageJson \u001b[33m=\u001b[39m require(\u001b[32m'../../package.json'\u001b[39m)\u001b[33m;\u001b[39m\u001b[0m\n    \u001b[0m \u001b[90m 5 | \u001b[39m\u001b[0m\n    \u001b[0m \u001b[90m 6 | \u001b[39m\u001b[90m// This is a custom Jest transformer that process *.js files\u001b[39m\u001b[0m\n\n      \u001b[2mat Object.<anonymous> (\u001b[22mconfig/jest/jsTransform.js\u001b[2m:3:31)\u001b[22m\n","name":"/Applications/MAMP/htdocs/wfp-ui-next/src/components/NumberInput/NumberInput-test.js","startTime":1604856842477,"status":"failed","summary":""},{"assertionResults":[],"coverage":{},"endTime":1604856842477,"message":"  \u001b[1m● \u001b[22mTest suite failed to run\n\n    Cannot find module 'babel-jest'\n    Require stack:\n    - /Applications/MAMP/htdocs/wfp-ui-next/config/jest/jsTransform.js\n    - /Applications/MAMP/htdocs/wfp-ui-next/node_modules/@jest/transform/build/ScriptTransformer.js\n    - /Applications/MAMP/htdocs/wfp-ui-next/node_modules/@jest/transform/build/index.js\n    - /Applications/MAMP/htdocs/wfp-ui-next/node_modules/jest-runtime/build/index.js\n    - /Applications/MAMP/htdocs/wfp-ui-next/node_modules/jest-runner/build/testWorker.js\n    - /Applications/MAMP/htdocs/wfp-ui-next/node_modules/jest-worker/build/workers/processChild.js\n\n    \u001b[0m \u001b[90m 1 | \u001b[39m\u001b[32m'use strict'\u001b[39m\u001b[33m;\u001b[39m\u001b[0m\n    \u001b[0m \u001b[90m 2 | \u001b[39m\u001b[0m\n    \u001b[0m\u001b[31m\u001b[1m>\u001b[22m\u001b[39m\u001b[90m 3 | \u001b[39m\u001b[36mconst\u001b[39m { createTransformer } \u001b[33m=\u001b[39m require(\u001b[32m'babel-jest'\u001b[39m)\u001b[33m;\u001b[39m\u001b[0m\n    \u001b[0m \u001b[90m   | \u001b[39m                              \u001b[31m\u001b[1m^\u001b[22m\u001b[39m\u001b[0m\n    \u001b[0m \u001b[90m 4 | \u001b[39m\u001b[36mconst\u001b[39m packageJson \u001b[33m=\u001b[39m require(\u001b[32m'../../package.json'\u001b[39m)\u001b[33m;\u001b[39m\u001b[0m\n    \u001b[0m \u001b[90m 5 | \u001b[39m\u001b[0m\n    \u001b[0m \u001b[90m 6 | \u001b[39m\u001b[90m// This is a custom Jest transformer that process *.js files\u001b[39m\u001b[0m\n\n      \u001b[2mat Object.<anonymous> (\u001b[22mconfig/jest/jsTransform.js\u001b[2m:3:31)\u001b[22m\n","name":"/Applications/MAMP/htdocs/wfp-ui-next/src/components/Notification/Notification-test.js","startTime":1604856842477,"status":"failed","summary":""},{"assertionResults":[],"coverage":{},"endTime":1604856842477,"message":"  \u001b[1m● \u001b[22mTest suite failed to run\n\n    Cannot find module 'babel-jest'\n    Require stack:\n    - /Applications/MAMP/htdocs/wfp-ui-next/config/jest/jsTransform.js\n    - /Applications/MAMP/htdocs/wfp-ui-next/node_modules/@jest/transform/build/ScriptTransformer.js\n    - /Applications/MAMP/htdocs/wfp-ui-next/node_modules/@jest/transform/build/index.js\n    - /Applications/MAMP/htdocs/wfp-ui-next/node_modules/jest-runtime/build/index.js\n    - /Applications/MAMP/htdocs/wfp-ui-next/node_modules/jest-runner/build/testWorker.js\n    - /Applications/MAMP/htdocs/wfp-ui-next/node_modules/jest-worker/build/workers/processChild.js\n\n    \u001b[0m \u001b[90m 1 | \u001b[39m\u001b[32m'use strict'\u001b[39m\u001b[33m;\u001b[39m\u001b[0m\n    \u001b[0m \u001b[90m 2 | \u001b[39m\u001b[0m\n    \u001b[0m\u001b[31m\u001b[1m>\u001b[22m\u001b[39m\u001b[90m 3 | \u001b[39m\u001b[36mconst\u001b[39m { createTransformer } \u001b[33m=\u001b[39m require(\u001b[32m'babel-jest'\u001b[39m)\u001b[33m;\u001b[39m\u001b[0m\n    \u001b[0m \u001b[90m   | \u001b[39m                              \u001b[31m\u001b[1m^\u001b[22m\u001b[39m\u001b[0m\n    \u001b[0m \u001b[90m 4 | \u001b[39m\u001b[36mconst\u001b[39m packageJson \u001b[33m=\u001b[39m require(\u001b[32m'../../package.json'\u001b[39m)\u001b[33m;\u001b[39m\u001b[0m\n    \u001b[0m \u001b[90m 5 | \u001b[39m\u001b[0m\n    \u001b[0m \u001b[90m 6 | \u001b[39m\u001b[90m// This is a custom Jest transformer that process *.js files\u001b[39m\u001b[0m\n\n      \u001b[2mat Object.<anonymous> (\u001b[22mconfig/jest/jsTransform.js\u001b[2m:3:31)\u001b[22m\n","name":"/Applications/MAMP/htdocs/wfp-ui-next/src/components/FileUploader/FileUploader-test.js","startTime":1604856842477,"status":"failed","summary":""},{"assertionResults":[],"coverage":{},"endTime":1604856842477,"message":"  \u001b[1m● \u001b[22mTest suite failed to run\n\n    Cannot find module 'babel-jest'\n    Require stack:\n    - /Applications/MAMP/htdocs/wfp-ui-next/config/jest/jsTransform.js\n    - /Applications/MAMP/htdocs/wfp-ui-next/node_modules/@jest/transform/build/ScriptTransformer.js\n    - /Applications/MAMP/htdocs/wfp-ui-next/node_modules/@jest/transform/build/index.js\n    - /Applications/MAMP/htdocs/wfp-ui-next/node_modules/jest-runtime/build/index.js\n    - /Applications/MAMP/htdocs/wfp-ui-next/node_modules/jest-runner/build/testWorker.js\n    - /Applications/MAMP/htdocs/wfp-ui-next/node_modules/jest-worker/build/workers/processChild.js\n\n    \u001b[0m \u001b[90m 1 | \u001b[39m\u001b[32m'use strict'\u001b[39m\u001b[33m;\u001b[39m\u001b[0m\n    \u001b[0m \u001b[90m 2 | \u001b[39m\u001b[0m\n    \u001b[0m\u001b[31m\u001b[1m>\u001b[22m\u001b[39m\u001b[90m 3 | \u001b[39m\u001b[36mconst\u001b[39m { createTransformer } \u001b[33m=\u001b[39m require(\u001b[32m'babel-jest'\u001b[39m)\u001b[33m;\u001b[39m\u001b[0m\n    \u001b[0m \u001b[90m   | \u001b[39m                              \u001b[31m\u001b[1m^\u001b[22m\u001b[39m\u001b[0m\n    \u001b[0m \u001b[90m 4 | \u001b[39m\u001b[36mconst\u001b[39m packageJson \u001b[33m=\u001b[39m require(\u001b[32m'../../package.json'\u001b[39m)\u001b[33m;\u001b[39m\u001b[0m\n    \u001b[0m \u001b[90m 5 | \u001b[39m\u001b[0m\n    \u001b[0m \u001b[90m 6 | \u001b[39m\u001b[90m// This is a custom Jest transformer that process *.js files\u001b[39m\u001b[0m\n\n      \u001b[2mat Object.<anonymous> (\u001b[22mconfig/jest/jsTransform.js\u001b[2m:3:31)\u001b[22m\n","name":"/Applications/MAMP/htdocs/wfp-ui-next/src/components/Slider/Slider-test.js","startTime":1604856842477,"status":"failed","summary":""},{"assertionResults":[],"coverage":{},"endTime":1604856842477,"message":"  \u001b[1m● \u001b[22mTest suite failed to run\n\n    Cannot find module 'babel-jest'\n    Require stack:\n    - /Applications/MAMP/htdocs/wfp-ui-next/config/jest/jsTransform.js\n    - /Applications/MAMP/htdocs/wfp-ui-next/node_modules/@jest/transform/build/ScriptTransformer.js\n    - /Applications/MAMP/htdocs/wfp-ui-next/node_modules/@jest/transform/build/index.js\n    - /Applications/MAMP/htdocs/wfp-ui-next/node_modules/jest-runtime/build/index.js\n    - /Applications/MAMP/htdocs/wfp-ui-next/node_modules/jest-runner/build/testWorker.js\n    - /Applications/MAMP/htdocs/wfp-ui-next/node_modules/jest-worker/build/workers/processChild.js\n\n    \u001b[0m \u001b[90m 1 | \u001b[39m\u001b[32m'use strict'\u001b[39m\u001b[33m;\u001b[39m\u001b[0m\n    \u001b[0m \u001b[90m 2 | \u001b[39m\u001b[0m\n    \u001b[0m\u001b[31m\u001b[1m>\u001b[22m\u001b[39m\u001b[90m 3 | \u001b[39m\u001b[36mconst\u001b[39m { createTransformer } \u001b[33m=\u001b[39m require(\u001b[32m'babel-jest'\u001b[39m)\u001b[33m;\u001b[39m\u001b[0m\n    \u001b[0m \u001b[90m   | \u001b[39m                              \u001b[31m\u001b[1m^\u001b[22m\u001b[39m\u001b[0m\n    \u001b[0m \u001b[90m 4 | \u001b[39m\u001b[36mconst\u001b[39m packageJson \u001b[33m=\u001b[39m require(\u001b[32m'../../package.json'\u001b[39m)\u001b[33m;\u001b[39m\u001b[0m\n    \u001b[0m \u001b[90m 5 | \u001b[39m\u001b[0m\n    \u001b[0m \u001b[90m 6 | \u001b[39m\u001b[90m// This is a custom Jest transformer that process *.js files\u001b[39m\u001b[0m\n\n      \u001b[2mat Object.<anonymous> (\u001b[22mconfig/jest/jsTransform.js\u001b[2m:3:31)\u001b[22m\n","name":"/Applications/MAMP/htdocs/wfp-ui-next/src/components/Search/Search-test.js","startTime":1604856842477,"status":"failed","summary":""},{"assertionResults":[],"coverage":{},"endTime":1604856842477,"message":"  \u001b[1m● \u001b[22mTest suite failed to run\n\n    Cannot find module 'babel-jest'\n    Require stack:\n    - /Applications/MAMP/htdocs/wfp-ui-next/config/jest/jsTransform.js\n    - /Applications/MAMP/htdocs/wfp-ui-next/node_modules/@jest/transform/build/ScriptTransformer.js\n    - /Applications/MAMP/htdocs/wfp-ui-next/node_modules/@jest/transform/build/index.js\n    - /Applications/MAMP/htdocs/wfp-ui-next/node_modules/jest-runtime/build/index.js\n    - /Applications/MAMP/htdocs/wfp-ui-next/node_modules/jest-runner/build/testWorker.js\n    - /Applications/MAMP/htdocs/wfp-ui-next/node_modules/jest-worker/build/workers/processChild.js\n\n    \u001b[0m \u001b[90m 1 | \u001b[39m\u001b[32m'use strict'\u001b[39m\u001b[33m;\u001b[39m\u001b[0m\n    \u001b[0m \u001b[90m 2 | \u001b[39m\u001b[0m\n    \u001b[0m\u001b[31m\u001b[1m>\u001b[22m\u001b[39m\u001b[90m 3 | \u001b[39m\u001b[36mconst\u001b[39m { createTransformer } \u001b[33m=\u001b[39m require(\u001b[32m'babel-jest'\u001b[39m)\u001b[33m;\u001b[39m\u001b[0m\n    \u001b[0m \u001b[90m   | \u001b[39m                              \u001b[31m\u001b[1m^\u001b[22m\u001b[39m\u001b[0m\n    \u001b[0m \u001b[90m 4 | \u001b[39m\u001b[36mconst\u001b[39m packageJson \u001b[33m=\u001b[39m require(\u001b[32m'../../package.json'\u001b[39m)\u001b[33m;\u001b[39m\u001b[0m\n    \u001b[0m \u001b[90m 5 | \u001b[39m\u001b[0m\n    \u001b[0m \u001b[90m 6 | \u001b[39m\u001b[90m// This is a custom Jest transformer that process *.js files\u001b[39m\u001b[0m\n\n      \u001b[2mat Object.<anonymous> (\u001b[22mconfig/jest/jsTransform.js\u001b[2m:3:31)\u001b[22m\n","name":"/Applications/MAMP/htdocs/wfp-ui-next/src/__tests__/index-test.js","startTime":1604856842477,"status":"failed","summary":""},{"assertionResults":[],"coverage":{},"endTime":1604856842477,"message":"  \u001b[1m● \u001b[22mTest suite failed to run\n\n    Cannot find module 'babel-jest'\n    Require stack:\n    - /Applications/MAMP/htdocs/wfp-ui-next/config/jest/jsTransform.js\n    - /Applications/MAMP/htdocs/wfp-ui-next/node_modules/@jest/transform/build/ScriptTransformer.js\n    - /Applications/MAMP/htdocs/wfp-ui-next/node_modules/@jest/transform/build/index.js\n    - /Applications/MAMP/htdocs/wfp-ui-next/node_modules/jest-runtime/build/index.js\n    - /Applications/MAMP/htdocs/wfp-ui-next/node_modules/jest-runner/build/testWorker.js\n    - /Applications/MAMP/htdocs/wfp-ui-next/node_modules/jest-worker/build/workers/processChild.js\n\n    \u001b[0m \u001b[90m 1 | \u001b[39m\u001b[32m'use strict'\u001b[39m\u001b[33m;\u001b[39m\u001b[0m\n    \u001b[0m \u001b[90m 2 | \u001b[39m\u001b[0m\n    \u001b[0m\u001b[31m\u001b[1m>\u001b[22m\u001b[39m\u001b[90m 3 | \u001b[39m\u001b[36mconst\u001b[39m { createTransformer } \u001b[33m=\u001b[39m require(\u001b[32m'babel-jest'\u001b[39m)\u001b[33m;\u001b[39m\u001b[0m\n    \u001b[0m \u001b[90m   | \u001b[39m                              \u001b[31m\u001b[1m^\u001b[22m\u001b[39m\u001b[0m\n    \u001b[0m \u001b[90m 4 | \u001b[39m\u001b[36mconst\u001b[39m packageJson \u001b[33m=\u001b[39m require(\u001b[32m'../../package.json'\u001b[39m)\u001b[33m;\u001b[39m\u001b[0m\n    \u001b[0m \u001b[90m 5 | \u001b[39m\u001b[0m\n    \u001b[0m \u001b[90m 6 | \u001b[39m\u001b[90m// This is a custom Jest transformer that process *.js files\u001b[39m\u001b[0m\n\n      \u001b[2mat Object.<anonymous> (\u001b[22mconfig/jest/jsTransform.js\u001b[2m:3:31)\u001b[22m\n","name":"/Applications/MAMP/htdocs/wfp-ui-next/src/components/Select/Select-test.js","startTime":1604856842477,"status":"failed","summary":""},{"assertionResults":[],"coverage":{},"endTime":1604856842477,"message":"  \u001b[1m● \u001b[22mTest suite failed to run\n\n    Cannot find module 'babel-jest'\n    Require stack:\n    - /Applications/MAMP/htdocs/wfp-ui-next/config/jest/jsTransform.js\n    - /Applications/MAMP/htdocs/wfp-ui-next/node_modules/@jest/transform/build/ScriptTransformer.js\n    - /Applications/MAMP/htdocs/wfp-ui-next/node_modules/@jest/transform/build/index.js\n    - /Applications/MAMP/htdocs/wfp-ui-next/node_modules/jest-runtime/build/index.js\n    - /Applications/MAMP/htdocs/wfp-ui-next/node_modules/jest-runner/build/testWorker.js\n    - /Applications/MAMP/htdocs/wfp-ui-next/node_modules/jest-worker/build/workers/processChild.js\n\n    \u001b[0m \u001b[90m 1 | \u001b[39m\u001b[32m'use strict'\u001b[39m\u001b[33m;\u001b[39m\u001b[0m\n    \u001b[0m \u001b[90m 2 | \u001b[39m\u001b[0m\n    \u001b[0m\u001b[31m\u001b[1m>\u001b[22m\u001b[39m\u001b[90m 3 | \u001b[39m\u001b[36mconst\u001b[39m { createTransformer } \u001b[33m=\u001b[39m require(\u001b[32m'babel-jest'\u001b[39m)\u001b[33m;\u001b[39m\u001b[0m\n    \u001b[0m \u001b[90m   | \u001b[39m                              \u001b[31m\u001b[1m^\u001b[22m\u001b[39m\u001b[0m\n    \u001b[0m \u001b[90m 4 | \u001b[39m\u001b[36mconst\u001b[39m packageJson \u001b[33m=\u001b[39m require(\u001b[32m'../../package.json'\u001b[39m)\u001b[33m;\u001b[39m\u001b[0m\n    \u001b[0m \u001b[90m 5 | \u001b[39m\u001b[0m\n    \u001b[0m \u001b[90m 6 | \u001b[39m\u001b[90m// This is a custom Jest transformer that process *.js files\u001b[39m\u001b[0m\n\n      \u001b[2mat Object.<anonymous> (\u001b[22mconfig/jest/jsTransform.js\u001b[2m:3:31)\u001b[22m\n","name":"/Applications/MAMP/htdocs/wfp-ui-next/src/components/Footer/Footer-test.js","startTime":1604856842477,"status":"failed","summary":""},{"assertionResults":[],"coverage":{},"endTime":1604856842477,"message":"  \u001b[1m● \u001b[22mTest suite failed to run\n\n    Cannot find module 'babel-jest'\n    Require stack:\n    - /Applications/MAMP/htdocs/wfp-ui-next/config/jest/jsTransform.js\n    - /Applications/MAMP/htdocs/wfp-ui-next/node_modules/@jest/transform/build/ScriptTransformer.js\n    - /Applications/MAMP/htdocs/wfp-ui-next/node_modules/@jest/transform/build/index.js\n    - /Applications/MAMP/htdocs/wfp-ui-next/node_modules/jest-runtime/build/index.js\n    - /Applications/MAMP/htdocs/wfp-ui-next/node_modules/jest-runner/build/testWorker.js\n    - /Applications/MAMP/htdocs/wfp-ui-next/node_modules/jest-worker/build/workers/processChild.js\n\n    \u001b[0m \u001b[90m 1 | \u001b[39m\u001b[32m'use strict'\u001b[39m\u001b[33m;\u001b[39m\u001b[0m\n    \u001b[0m \u001b[90m 2 | \u001b[39m\u001b[0m\n    \u001b[0m\u001b[31m\u001b[1m>\u001b[22m\u001b[39m\u001b[90m 3 | \u001b[39m\u001b[36mconst\u001b[39m { createTransformer } \u001b[33m=\u001b[39m require(\u001b[32m'babel-jest'\u001b[39m)\u001b[33m;\u001b[39m\u001b[0m\n    \u001b[0m \u001b[90m   | \u001b[39m                              \u001b[31m\u001b[1m^\u001b[22m\u001b[39m\u001b[0m\n    \u001b[0m \u001b[90m 4 | \u001b[39m\u001b[36mconst\u001b[39m packageJson \u001b[33m=\u001b[39m require(\u001b[32m'../../package.json'\u001b[39m)\u001b[33m;\u001b[39m\u001b[0m\n    \u001b[0m \u001b[90m 5 | \u001b[39m\u001b[0m\n    \u001b[0m \u001b[90m 6 | \u001b[39m\u001b[90m// This is a custom Jest transformer that process *.js files\u001b[39m\u001b[0m\n\n      \u001b[2mat Object.<anonymous> (\u001b[22mconfig/jest/jsTransform.js\u001b[2m:3:31)\u001b[22m\n","name":"/Applications/MAMP/htdocs/wfp-ui-next/src/components/Modal/Modal-test.js","startTime":1604856842477,"status":"failed","summary":""},{"assertionResults":[],"coverage":{},"endTime":1604856842477,"message":"  \u001b[1m● \u001b[22mTest suite failed to run\n\n    Cannot find module 'babel-jest'\n    Require stack:\n    - /Applications/MAMP/htdocs/wfp-ui-next/config/jest/jsTransform.js\n    - /Applications/MAMP/htdocs/wfp-ui-next/node_modules/@jest/transform/build/ScriptTransformer.js\n    - /Applications/MAMP/htdocs/wfp-ui-next/node_modules/@jest/transform/build/index.js\n    - /Applications/MAMP/htdocs/wfp-ui-next/node_modules/jest-runtime/build/index.js\n    - /Applications/MAMP/htdocs/wfp-ui-next/node_modules/jest-runner/build/testWorker.js\n    - /Applications/MAMP/htdocs/wfp-ui-next/node_modules/jest-worker/build/workers/processChild.js\n\n    \u001b[0m \u001b[90m 1 | \u001b[39m\u001b[32m'use strict'\u001b[39m\u001b[33m;\u001b[39m\u001b[0m\n    \u001b[0m \u001b[90m 2 | \u001b[39m\u001b[0m\n    \u001b[0m\u001b[31m\u001b[1m>\u001b[22m\u001b[39m\u001b[90m 3 | \u001b[39m\u001b[36mconst\u001b[39m { createTransformer } \u001b[33m=\u001b[39m require(\u001b[32m'babel-jest'\u001b[39m)\u001b[33m;\u001b[39m\u001b[0m\n    \u001b[0m \u001b[90m   | \u001b[39m                              \u001b[31m\u001b[1m^\u001b[22m\u001b[39m\u001b[0m\n    \u001b[0m \u001b[90m 4 | \u001b[39m\u001b[36mconst\u001b[39m packageJson \u001b[33m=\u001b[39m require(\u001b[32m'../../package.json'\u001b[39m)\u001b[33m;\u001b[39m\u001b[0m\n    \u001b[0m \u001b[90m 5 | \u001b[39m\u001b[0m\n    \u001b[0m \u001b[90m 6 | \u001b[39m\u001b[90m// This is a custom Jest transformer that process *.js files\u001b[39m\u001b[0m\n\n      \u001b[2mat Object.<anonymous> (\u001b[22mconfig/jest/jsTransform.js\u001b[2m:3:31)\u001b[22m\n","name":"/Applications/MAMP/htdocs/wfp-ui-next/src/components/Button/Button-test.js","startTime":1604856842477,"status":"failed","summary":""},{"assertionResults":[],"coverage":{},"endTime":1604856842477,"message":"  \u001b[1m● \u001b[22mTest suite failed to run\n\n    Cannot find module 'babel-jest'\n    Require stack:\n    - /Applications/MAMP/htdocs/wfp-ui-next/config/jest/jsTransform.js\n    - /Applications/MAMP/htdocs/wfp-ui-next/node_modules/@jest/transform/build/ScriptTransformer.js\n    - /Applications/MAMP/htdocs/wfp-ui-next/node_modules/@jest/transform/build/index.js\n    - /Applications/MAMP/htdocs/wfp-ui-next/node_modules/jest-runtime/build/index.js\n    - /Applications/MAMP/htdocs/wfp-ui-next/node_modules/jest-runner/build/testWorker.js\n    - /Applications/MAMP/htdocs/wfp-ui-next/node_modules/jest-worker/build/workers/processChild.js\n\n    \u001b[0m \u001b[90m 1 | \u001b[39m\u001b[32m'use strict'\u001b[39m\u001b[33m;\u001b[39m\u001b[0m\n    \u001b[0m \u001b[90m 2 | \u001b[39m\u001b[0m\n    \u001b[0m\u001b[31m\u001b[1m>\u001b[22m\u001b[39m\u001b[90m 3 | \u001b[39m\u001b[36mconst\u001b[39m { createTransformer } \u001b[33m=\u001b[39m require(\u001b[32m'babel-jest'\u001b[39m)\u001b[33m;\u001b[39m\u001b[0m\n    \u001b[0m \u001b[90m   | \u001b[39m                              \u001b[31m\u001b[1m^\u001b[22m\u001b[39m\u001b[0m\n    \u001b[0m \u001b[90m 4 | \u001b[39m\u001b[36mconst\u001b[39m packageJson \u001b[33m=\u001b[39m require(\u001b[32m'../../package.json'\u001b[39m)\u001b[33m;\u001b[39m\u001b[0m\n    \u001b[0m \u001b[90m 5 | \u001b[39m\u001b[0m\n    \u001b[0m \u001b[90m 6 | \u001b[39m\u001b[90m// This is a custom Jest transformer that process *.js files\u001b[39m\u001b[0m\n\n      \u001b[2mat Object.<anonymous> (\u001b[22mconfig/jest/jsTransform.js\u001b[2m:3:31)\u001b[22m\n","name":"/Applications/MAMP/htdocs/wfp-ui-next/src/components/FormError/FormError-test.js","startTime":1604856842477,"status":"failed","summary":""},{"assertionResults":[],"coverage":{},"endTime":1604856842477,"message":"  \u001b[1m● \u001b[22mTest suite failed to run\n\n    Cannot find module 'babel-jest'\n    Require stack:\n    - /Applications/MAMP/htdocs/wfp-ui-next/config/jest/jsTransform.js\n    - /Applications/MAMP/htdocs/wfp-ui-next/node_modules/@jest/transform/build/ScriptTransformer.js\n    - /Applications/MAMP/htdocs/wfp-ui-next/node_modules/@jest/transform/build/index.js\n    - /Applications/MAMP/htdocs/wfp-ui-next/node_modules/jest-runtime/build/index.js\n    - /Applications/MAMP/htdocs/wfp-ui-next/node_modules/jest-runner/build/testWorker.js\n    - /Applications/MAMP/htdocs/wfp-ui-next/node_modules/jest-worker/build/workers/processChild.js\n\n    \u001b[0m \u001b[90m 1 | \u001b[39m\u001b[32m'use strict'\u001b[39m\u001b[33m;\u001b[39m\u001b[0m\n    \u001b[0m \u001b[90m 2 | \u001b[39m\u001b[0m\n    \u001b[0m\u001b[31m\u001b[1m>\u001b[22m\u001b[39m\u001b[90m 3 | \u001b[39m\u001b[36mconst\u001b[39m { createTransformer } \u001b[33m=\u001b[39m require(\u001b[32m'babel-jest'\u001b[39m)\u001b[33m;\u001b[39m\u001b[0m\n    \u001b[0m \u001b[90m   | \u001b[39m                              \u001b[31m\u001b[1m^\u001b[22m\u001b[39m\u001b[0m\n    \u001b[0m \u001b[90m 4 | \u001b[39m\u001b[36mconst\u001b[39m packageJson \u001b[33m=\u001b[39m require(\u001b[32m'../../package.json'\u001b[39m)\u001b[33m;\u001b[39m\u001b[0m\n    \u001b[0m \u001b[90m 5 | \u001b[39m\u001b[0m\n    \u001b[0m \u001b[90m 6 | \u001b[39m\u001b[90m// This is a custom Jest transformer that process *.js files\u001b[39m\u001b[0m\n\n      \u001b[2mat Object.<anonymous> (\u001b[22mconfig/jest/jsTransform.js\u001b[2m:3:31)\u001b[22m\n","name":"/Applications/MAMP/htdocs/wfp-ui-next/src/components/List/List-test.js","startTime":1604856842477,"status":"failed","summary":""},{"assertionResults":[],"coverage":{},"endTime":1604856842477,"message":"  \u001b[1m● \u001b[22mTest suite failed to run\n\n    Cannot find module 'babel-jest'\n    Require stack:\n    - /Applications/MAMP/htdocs/wfp-ui-next/config/jest/jsTransform.js\n    - /Applications/MAMP/htdocs/wfp-ui-next/node_modules/@jest/transform/build/ScriptTransformer.js\n    - /Applications/MAMP/htdocs/wfp-ui-next/node_modules/@jest/transform/build/index.js\n    - /Applications/MAMP/htdocs/wfp-ui-next/node_modules/jest-runtime/build/index.js\n    - /Applications/MAMP/htdocs/wfp-ui-next/node_modules/jest-runner/build/testWorker.js\n    - /Applications/MAMP/htdocs/wfp-ui-next/node_modules/jest-worker/build/workers/processChild.js\n\n    \u001b[0m \u001b[90m 1 | \u001b[39m\u001b[32m'use strict'\u001b[39m\u001b[33m;\u001b[39m\u001b[0m\n    \u001b[0m \u001b[90m 2 | \u001b[39m\u001b[0m\n    \u001b[0m\u001b[31m\u001b[1m>\u001b[22m\u001b[39m\u001b[90m 3 | \u001b[39m\u001b[36mconst\u001b[39m { createTransformer } \u001b[33m=\u001b[39m require(\u001b[32m'babel-jest'\u001b[39m)\u001b[33m;\u001b[39m\u001b[0m\n    \u001b[0m \u001b[90m   | \u001b[39m                              \u001b[31m\u001b[1m^\u001b[22m\u001b[39m\u001b[0m\n    \u001b[0m \u001b[90m 4 | \u001b[39m\u001b[36mconst\u001b[39m packageJson \u001b[33m=\u001b[39m require(\u001b[32m'../../package.json'\u001b[39m)\u001b[33m;\u001b[39m\u001b[0m\n    \u001b[0m \u001b[90m 5 | \u001b[39m\u001b[0m\n    \u001b[0m \u001b[90m 6 | \u001b[39m\u001b[90m// This is a custom Jest transformer that process *.js files\u001b[39m\u001b[0m\n\n      \u001b[2mat Object.<anonymous> (\u001b[22mconfig/jest/jsTransform.js\u001b[2m:3:31)\u001b[22m\n","name":"/Applications/MAMP/htdocs/wfp-ui-next/src/components/Hero/Hero-test.js","startTime":1604856842477,"status":"failed","summary":""},{"assertionResults":[],"coverage":{},"endTime":1604856842477,"message":"  \u001b[1m● \u001b[22mTest suite failed to run\n\n    Cannot find module 'babel-jest'\n    Require stack:\n    - /Applications/MAMP/htdocs/wfp-ui-next/config/jest/jsTransform.js\n    - /Applications/MAMP/htdocs/wfp-ui-next/node_modules/@jest/transform/build/ScriptTransformer.js\n    - /Applications/MAMP/htdocs/wfp-ui-next/node_modules/@jest/transform/build/index.js\n    - /Applications/MAMP/htdocs/wfp-ui-next/node_modules/jest-runtime/build/index.js\n    - /Applications/MAMP/htdocs/wfp-ui-next/node_modules/jest-runner/build/testWorker.js\n    - /Applications/MAMP/htdocs/wfp-ui-next/node_modules/jest-worker/build/workers/processChild.js\n\n    \u001b[0m \u001b[90m 1 | \u001b[39m\u001b[32m'use strict'\u001b[39m\u001b[33m;\u001b[39m\u001b[0m\n    \u001b[0m \u001b[90m 2 | \u001b[39m\u001b[0m\n    \u001b[0m\u001b[31m\u001b[1m>\u001b[22m\u001b[39m\u001b[90m 3 | \u001b[39m\u001b[36mconst\u001b[39m { createTransformer } \u001b[33m=\u001b[39m require(\u001b[32m'babel-jest'\u001b[39m)\u001b[33m;\u001b[39m\u001b[0m\n    \u001b[0m \u001b[90m   | \u001b[39m                              \u001b[31m\u001b[1m^\u001b[22m\u001b[39m\u001b[0m\n    \u001b[0m \u001b[90m 4 | \u001b[39m\u001b[36mconst\u001b[39m packageJson \u001b[33m=\u001b[39m require(\u001b[32m'../../package.json'\u001b[39m)\u001b[33m;\u001b[39m\u001b[0m\n    \u001b[0m \u001b[90m 5 | \u001b[39m\u001b[0m\n    \u001b[0m \u001b[90m 6 | \u001b[39m\u001b[90m// This is a custom Jest transformer that process *.js files\u001b[39m\u001b[0m\n\n      \u001b[2mat Object.<anonymous> (\u001b[22mconfig/jest/jsTransform.js\u001b[2m:3:31)\u001b[22m\n","name":"/Applications/MAMP/htdocs/wfp-ui-next/src/components/Module/Module-test.js","startTime":1604856842477,"status":"failed","summary":""},{"assertionResults":[],"coverage":{},"endTime":1604856842477,"message":"  \u001b[1m● \u001b[22mTest suite failed to run\n\n    Cannot find module 'babel-jest'\n    Require stack:\n    - /Applications/MAMP/htdocs/wfp-ui-next/config/jest/jsTransform.js\n    - /Applications/MAMP/htdocs/wfp-ui-next/node_modules/@jest/transform/build/ScriptTransformer.js\n    - /Applications/MAMP/htdocs/wfp-ui-next/node_modules/@jest/transform/build/index.js\n    - /Applications/MAMP/htdocs/wfp-ui-next/node_modules/jest-runtime/build/index.js\n    - /Applications/MAMP/htdocs/wfp-ui-next/node_modules/jest-runner/build/testWorker.js\n    - /Applications/MAMP/htdocs/wfp-ui-next/node_modules/jest-worker/build/workers/processChild.js\n\n    \u001b[0m \u001b[90m 1 | \u001b[39m\u001b[32m'use strict'\u001b[39m\u001b[33m;\u001b[39m\u001b[0m\n    \u001b[0m \u001b[90m 2 | \u001b[39m\u001b[0m\n    \u001b[0m\u001b[31m\u001b[1m>\u001b[22m\u001b[39m\u001b[90m 3 | \u001b[39m\u001b[36mconst\u001b[39m { createTransformer } \u001b[33m=\u001b[39m require(\u001b[32m'babel-jest'\u001b[39m)\u001b[33m;\u001b[39m\u001b[0m\n    \u001b[0m \u001b[90m   | \u001b[39m                              \u001b[31m\u001b[1m^\u001b[22m\u001b[39m\u001b[0m\n    \u001b[0m \u001b[90m 4 | \u001b[39m\u001b[36mconst\u001b[39m packageJson \u001b[33m=\u001b[39m require(\u001b[32m'../../package.json'\u001b[39m)\u001b[33m;\u001b[39m\u001b[0m\n    \u001b[0m \u001b[90m 5 | \u001b[39m\u001b[0m\n    \u001b[0m \u001b[90m 6 | \u001b[39m\u001b[90m// This is a custom Jest transformer that process *.js files\u001b[39m\u001b[0m\n\n      \u001b[2mat Object.<anonymous> (\u001b[22mconfig/jest/jsTransform.js\u001b[2m:3:31)\u001b[22m\n","name":"/Applications/MAMP/htdocs/wfp-ui-next/src/components/FormGroup/FormGroup-test.js","startTime":1604856842477,"status":"failed","summary":""},{"assertionResults":[],"coverage":{},"endTime":1604856842477,"message":"  \u001b[1m● \u001b[22mTest suite failed to run\n\n    Cannot find module 'babel-jest'\n    Require stack:\n    - /Applications/MAMP/htdocs/wfp-ui-next/config/jest/jsTransform.js\n    - /Applications/MAMP/htdocs/wfp-ui-next/node_modules/@jest/transform/build/ScriptTransformer.js\n    - /Applications/MAMP/htdocs/wfp-ui-next/node_modules/@jest/transform/build/index.js\n    - /Applications/MAMP/htdocs/wfp-ui-next/node_modules/jest-runtime/build/index.js\n    - /Applications/MAMP/htdocs/wfp-ui-next/node_modules/jest-runner/build/testWorker.js\n    - /Applications/MAMP/htdocs/wfp-ui-next/node_modules/jest-worker/build/workers/processChild.js\n\n    \u001b[0m \u001b[90m 1 | \u001b[39m\u001b[32m'use strict'\u001b[39m\u001b[33m;\u001b[39m\u001b[0m\n    \u001b[0m \u001b[90m 2 | \u001b[39m\u001b[0m\n    \u001b[0m\u001b[31m\u001b[1m>\u001b[22m\u001b[39m\u001b[90m 3 | \u001b[39m\u001b[36mconst\u001b[39m { createTransformer } \u001b[33m=\u001b[39m require(\u001b[32m'babel-jest'\u001b[39m)\u001b[33m;\u001b[39m\u001b[0m\n    \u001b[0m \u001b[90m   | \u001b[39m                              \u001b[31m\u001b[1m^\u001b[22m\u001b[39m\u001b[0m\n    \u001b[0m \u001b[90m 4 | \u001b[39m\u001b[36mconst\u001b[39m packageJson \u001b[33m=\u001b[39m require(\u001b[32m'../../package.json'\u001b[39m)\u001b[33m;\u001b[39m\u001b[0m\n    \u001b[0m \u001b[90m 5 | \u001b[39m\u001b[0m\n    \u001b[0m \u001b[90m 6 | \u001b[39m\u001b[90m// This is a custom Jest transformer that process *.js files\u001b[39m\u001b[0m\n\n      \u001b[2mat Object.<anonymous> (\u001b[22mconfig/jest/jsTransform.js\u001b[2m:3:31)\u001b[22m\n","name":"/Applications/MAMP/htdocs/wfp-ui-next/src/components/ReduxFormWrapper/ReduxFormWrapper-test.js","startTime":1604856842477,"status":"failed","summary":""},{"assertionResults":[],"coverage":{},"endTime":1604856842477,"message":"  \u001b[1m● \u001b[22mTest suite failed to run\n\n    Cannot find module 'babel-jest'\n    Require stack:\n    - /Applications/MAMP/htdocs/wfp-ui-next/config/jest/jsTransform.js\n    - /Applications/MAMP/htdocs/wfp-ui-next/node_modules/@jest/transform/build/ScriptTransformer.js\n    - /Applications/MAMP/htdocs/wfp-ui-next/node_modules/@jest/transform/build/index.js\n    - /Applications/MAMP/htdocs/wfp-ui-next/node_modules/jest-runtime/build/index.js\n    - /Applications/MAMP/htdocs/wfp-ui-next/node_modules/jest-runner/build/testWorker.js\n    - /Applications/MAMP/htdocs/wfp-ui-next/node_modules/jest-worker/build/workers/processChild.js\n\n    \u001b[0m \u001b[90m 1 | \u001b[39m\u001b[32m'use strict'\u001b[39m\u001b[33m;\u001b[39m\u001b[0m\n    \u001b[0m \u001b[90m 2 | \u001b[39m\u001b[0m\n    \u001b[0m\u001b[31m\u001b[1m>\u001b[22m\u001b[39m\u001b[90m 3 | \u001b[39m\u001b[36mconst\u001b[39m { createTransformer } \u001b[33m=\u001b[39m require(\u001b[32m'babel-jest'\u001b[39m)\u001b[33m;\u001b[39m\u001b[0m\n    \u001b[0m \u001b[90m   | \u001b[39m                              \u001b[31m\u001b[1m^\u001b[22m\u001b[39m\u001b[0m\n    \u001b[0m \u001b[90m 4 | \u001b[39m\u001b[36mconst\u001b[39m packageJson \u001b[33m=\u001b[39m require(\u001b[32m'../../package.json'\u001b[39m)\u001b[33m;\u001b[39m\u001b[0m\n    \u001b[0m \u001b[90m 5 | \u001b[39m\u001b[0m\n    \u001b[0m \u001b[90m 6 | \u001b[39m\u001b[90m// This is a custom Jest transformer that process *.js files\u001b[39m\u001b[0m\n\n      \u001b[2mat Object.<anonymous> (\u001b[22mconfig/jest/jsTransform.js\u001b[2m:3:31)\u001b[22m\n","name":"/Applications/MAMP/htdocs/wfp-ui-next/src/components/RadioButton/RadioButton-test.js","startTime":1604856842477,"status":"failed","summary":""},{"assertionResults":[],"coverage":{},"endTime":1604856842477,"message":"  \u001b[1m● \u001b[22mTest suite failed to run\n\n    Cannot find module 'babel-jest'\n    Require stack:\n    - /Applications/MAMP/htdocs/wfp-ui-next/config/jest/jsTransform.js\n    - /Applications/MAMP/htdocs/wfp-ui-next/node_modules/@jest/transform/build/ScriptTransformer.js\n    - /Applications/MAMP/htdocs/wfp-ui-next/node_modules/@jest/transform/build/index.js\n    - /Applications/MAMP/htdocs/wfp-ui-next/node_modules/jest-runtime/build/index.js\n    - /Applications/MAMP/htdocs/wfp-ui-next/node_modules/jest-runner/build/testWorker.js\n    - /Applications/MAMP/htdocs/wfp-ui-next/node_modules/jest-worker/build/workers/processChild.js\n\n    \u001b[0m \u001b[90m 1 | \u001b[39m\u001b[32m'use strict'\u001b[39m\u001b[33m;\u001b[39m\u001b[0m\n    \u001b[0m \u001b[90m 2 | \u001b[39m\u001b[0m\n    \u001b[0m\u001b[31m\u001b[1m>\u001b[22m\u001b[39m\u001b[90m 3 | \u001b[39m\u001b[36mconst\u001b[39m { createTransformer } \u001b[33m=\u001b[39m require(\u001b[32m'babel-jest'\u001b[39m)\u001b[33m;\u001b[39m\u001b[0m\n    \u001b[0m \u001b[90m   | \u001b[39m                              \u001b[31m\u001b[1m^\u001b[22m\u001b[39m\u001b[0m\n    \u001b[0m \u001b[90m 4 | \u001b[39m\u001b[36mconst\u001b[39m packageJson \u001b[33m=\u001b[39m require(\u001b[32m'../../package.json'\u001b[39m)\u001b[33m;\u001b[39m\u001b[0m\n    \u001b[0m \u001b[90m 5 | \u001b[39m\u001b[0m\n    \u001b[0m \u001b[90m 6 | \u001b[39m\u001b[90m// This is a custom Jest transformer that process *.js files\u001b[39m\u001b[0m\n\n      \u001b[2mat Object.<anonymous> (\u001b[22mconfig/jest/jsTransform.js\u001b[2m:3:31)\u001b[22m\n","name":"/Applications/MAMP/htdocs/wfp-ui-next/src/components/TextArea/TextArea-test.js","startTime":1604856842477,"status":"failed","summary":""},{"assertionResults":[],"coverage":{},"endTime":1604856842477,"message":"  \u001b[1m● \u001b[22mTest suite failed to run\n\n    Cannot find module 'babel-jest'\n    Require stack:\n    - /Applications/MAMP/htdocs/wfp-ui-next/config/jest/jsTransform.js\n    - /Applications/MAMP/htdocs/wfp-ui-next/node_modules/@jest/transform/build/ScriptTransformer.js\n    - /Applications/MAMP/htdocs/wfp-ui-next/node_modules/@jest/transform/build/index.js\n    - /Applications/MAMP/htdocs/wfp-ui-next/node_modules/jest-runtime/build/index.js\n    - /Applications/MAMP/htdocs/wfp-ui-next/node_modules/jest-runner/build/testWorker.js\n    - /Applications/MAMP/htdocs/wfp-ui-next/node_modules/jest-worker/build/workers/processChild.js\n\n    \u001b[0m \u001b[90m 1 | \u001b[39m\u001b[32m'use strict'\u001b[39m\u001b[33m;\u001b[39m\u001b[0m\n    \u001b[0m \u001b[90m 2 | \u001b[39m\u001b[0m\n    \u001b[0m\u001b[31m\u001b[1m>\u001b[22m\u001b[39m\u001b[90m 3 | \u001b[39m\u001b[36mconst\u001b[39m { createTransformer } \u001b[33m=\u001b[39m require(\u001b[32m'babel-jest'\u001b[39m)\u001b[33m;\u001b[39m\u001b[0m\n    \u001b[0m \u001b[90m   | \u001b[39m                              \u001b[31m\u001b[1m^\u001b[22m\u001b[39m\u001b[0m\n    \u001b[0m \u001b[90m 4 | \u001b[39m\u001b[36mconst\u001b[39m packageJson \u001b[33m=\u001b[39m require(\u001b[32m'../../package.json'\u001b[39m)\u001b[33m;\u001b[39m\u001b[0m\n    \u001b[0m \u001b[90m 5 | \u001b[39m\u001b[0m\n    \u001b[0m \u001b[90m 6 | \u001b[39m\u001b[90m// This is a custom Jest transformer that process *.js files\u001b[39m\u001b[0m\n\n      \u001b[2mat Object.<anonymous> (\u001b[22mconfig/jest/jsTransform.js\u001b[2m:3:31)\u001b[22m\n","name":"/Applications/MAMP/htdocs/wfp-ui-next/src/internal/__tests__/ClickListener-test.js","startTime":1604856842477,"status":"failed","summary":""},{"assertionResults":[],"coverage":{},"endTime":1604856842477,"message":"  \u001b[1m● \u001b[22mTest suite failed to run\n\n    Cannot find module 'babel-jest'\n    Require stack:\n    - /Applications/MAMP/htdocs/wfp-ui-next/config/jest/jsTransform.js\n    - /Applications/MAMP/htdocs/wfp-ui-next/node_modules/@jest/transform/build/ScriptTransformer.js\n    - /Applications/MAMP/htdocs/wfp-ui-next/node_modules/@jest/transform/build/index.js\n    - /Applications/MAMP/htdocs/wfp-ui-next/node_modules/jest-runtime/build/index.js\n    - /Applications/MAMP/htdocs/wfp-ui-next/node_modules/jest-runner/build/testWorker.js\n    - /Applications/MAMP/htdocs/wfp-ui-next/node_modules/jest-worker/build/workers/processChild.js\n\n    \u001b[0m \u001b[90m 1 | \u001b[39m\u001b[32m'use strict'\u001b[39m\u001b[33m;\u001b[39m\u001b[0m\n    \u001b[0m \u001b[90m 2 | \u001b[39m\u001b[0m\n    \u001b[0m\u001b[31m\u001b[1m>\u001b[22m\u001b[39m\u001b[90m 3 | \u001b[39m\u001b[36mconst\u001b[39m { createTransformer } \u001b[33m=\u001b[39m require(\u001b[32m'babel-jest'\u001b[39m)\u001b[33m;\u001b[39m\u001b[0m\n    \u001b[0m \u001b[90m   | \u001b[39m                              \u001b[31m\u001b[1m^\u001b[22m\u001b[39m\u001b[0m\n    \u001b[0m \u001b[90m 4 | \u001b[39m\u001b[36mconst\u001b[39m packageJson \u001b[33m=\u001b[39m require(\u001b[32m'../../package.json'\u001b[39m)\u001b[33m;\u001b[39m\u001b[0m\n    \u001b[0m \u001b[90m 5 | \u001b[39m\u001b[0m\n    \u001b[0m \u001b[90m 6 | \u001b[39m\u001b[90m// This is a custom Jest transformer that process *.js files\u001b[39m\u001b[0m\n\n      \u001b[2mat Object.<anonymous> (\u001b[22mconfig/jest/jsTransform.js\u001b[2m:3:31)\u001b[22m\n","name":"/Applications/MAMP/htdocs/wfp-ui-next/src/components/Tabs/Tabs-test.js","startTime":1604856842477,"status":"failed","summary":""},{"assertionResults":[],"coverage":{},"endTime":1604856842477,"message":"  \u001b[1m● \u001b[22mTest suite failed to run\n\n    Cannot find module 'babel-jest'\n    Require stack:\n    - /Applications/MAMP/htdocs/wfp-ui-next/config/jest/jsTransform.js\n    - /Applications/MAMP/htdocs/wfp-ui-next/node_modules/@jest/transform/build/ScriptTransformer.js\n    - /Applications/MAMP/htdocs/wfp-ui-next/node_modules/@jest/transform/build/index.js\n    - /Applications/MAMP/htdocs/wfp-ui-next/node_modules/jest-runtime/build/index.js\n    - /Applications/MAMP/htdocs/wfp-ui-next/node_modules/jest-runner/build/testWorker.js\n    - /Applications/MAMP/htdocs/wfp-ui-next/node_modules/jest-worker/build/workers/processChild.js\n\n    \u001b[0m \u001b[90m 1 | \u001b[39m\u001b[32m'use strict'\u001b[39m\u001b[33m;\u001b[39m\u001b[0m\n    \u001b[0m \u001b[90m 2 | \u001b[39m\u001b[0m\n    \u001b[0m\u001b[31m\u001b[1m>\u001b[22m\u001b[39m\u001b[90m 3 | \u001b[39m\u001b[36mconst\u001b[39m { createTransformer } \u001b[33m=\u001b[39m require(\u001b[32m'babel-jest'\u001b[39m)\u001b[33m;\u001b[39m\u001b[0m\n    \u001b[0m \u001b[90m   | \u001b[39m                              \u001b[31m\u001b[1m^\u001b[22m\u001b[39m\u001b[0m\n    \u001b[0m \u001b[90m 4 | \u001b[39m\u001b[36mconst\u001b[39m packageJson \u001b[33m=\u001b[39m require(\u001b[32m'../../package.json'\u001b[39m)\u001b[33m;\u001b[39m\u001b[0m\n    \u001b[0m \u001b[90m 5 | \u001b[39m\u001b[0m\n    \u001b[0m \u001b[90m 6 | \u001b[39m\u001b[90m// This is a custom Jest transformer that process *.js files\u001b[39m\u001b[0m\n\n      \u001b[2mat Object.<anonymous> (\u001b[22mconfig/jest/jsTransform.js\u001b[2m:3:31)\u001b[22m\n","name":"/Applications/MAMP/htdocs/wfp-ui-next/src/components/SelectItem/SelectItem-test.js","startTime":1604856842477,"status":"failed","summary":""},{"assertionResults":[],"coverage":{},"endTime":1604856842477,"message":"  \u001b[1m● \u001b[22mTest suite failed to run\n\n    Cannot find module 'babel-jest'\n    Require stack:\n    - /Applications/MAMP/htdocs/wfp-ui-next/config/jest/jsTransform.js\n    - /Applications/MAMP/htdocs/wfp-ui-next/node_modules/@jest/transform/build/ScriptTransformer.js\n    - /Applications/MAMP/htdocs/wfp-ui-next/node_modules/@jest/transform/build/index.js\n    - /Applications/MAMP/htdocs/wfp-ui-next/node_modules/jest-runtime/build/index.js\n    - /Applications/MAMP/htdocs/wfp-ui-next/node_modules/jest-runner/build/testWorker.js\n    - /Applications/MAMP/htdocs/wfp-ui-next/node_modules/jest-worker/build/workers/processChild.js\n\n    \u001b[0m \u001b[90m 1 | \u001b[39m\u001b[32m'use strict'\u001b[39m\u001b[33m;\u001b[39m\u001b[0m\n    \u001b[0m \u001b[90m 2 | \u001b[39m\u001b[0m\n    \u001b[0m\u001b[31m\u001b[1m>\u001b[22m\u001b[39m\u001b[90m 3 | \u001b[39m\u001b[36mconst\u001b[39m { createTransformer } \u001b[33m=\u001b[39m require(\u001b[32m'babel-jest'\u001b[39m)\u001b[33m;\u001b[39m\u001b[0m\n    \u001b[0m \u001b[90m   | \u001b[39m                              \u001b[31m\u001b[1m^\u001b[22m\u001b[39m\u001b[0m\n    \u001b[0m \u001b[90m 4 | \u001b[39m\u001b[36mconst\u001b[39m packageJson \u001b[33m=\u001b[39m require(\u001b[32m'../../package.json'\u001b[39m)\u001b[33m;\u001b[39m\u001b[0m\n    \u001b[0m \u001b[90m 5 | \u001b[39m\u001b[0m\n    \u001b[0m \u001b[90m 6 | \u001b[39m\u001b[90m// This is a custom Jest transformer that process *.js files\u001b[39m\u001b[0m\n\n      \u001b[2mat Object.<anonymous> (\u001b[22mconfig/jest/jsTransform.js\u001b[2m:3:31)\u001b[22m\n","name":"/Applications/MAMP/htdocs/wfp-ui-next/src/internal/__tests__/Selection-test.js","startTime":1604856842477,"status":"failed","summary":""},{"assertionResults":[],"coverage":{},"endTime":1604856842477,"message":"  \u001b[1m● \u001b[22mTest suite failed to run\n\n    Cannot find module 'babel-jest'\n    Require stack:\n    - /Applications/MAMP/htdocs/wfp-ui-next/config/jest/jsTransform.js\n    - /Applications/MAMP/htdocs/wfp-ui-next/node_modules/@jest/transform/build/ScriptTransformer.js\n    - /Applications/MAMP/htdocs/wfp-ui-next/node_modules/@jest/transform/build/index.js\n    - /Applications/MAMP/htdocs/wfp-ui-next/node_modules/jest-runtime/build/index.js\n    - /Applications/MAMP/htdocs/wfp-ui-next/node_modules/jest-runner/build/testWorker.js\n    - /Applications/MAMP/htdocs/wfp-ui-next/node_modules/jest-worker/build/workers/processChild.js\n\n    \u001b[0m \u001b[90m 1 | \u001b[39m\u001b[32m'use strict'\u001b[39m\u001b[33m;\u001b[39m\u001b[0m\n    \u001b[0m \u001b[90m 2 | \u001b[39m\u001b[0m\n    \u001b[0m\u001b[31m\u001b[1m>\u001b[22m\u001b[39m\u001b[90m 3 | \u001b[39m\u001b[36mconst\u001b[39m { createTransformer } \u001b[33m=\u001b[39m require(\u001b[32m'babel-jest'\u001b[39m)\u001b[33m;\u001b[39m\u001b[0m\n    \u001b[0m \u001b[90m   | \u001b[39m                              \u001b[31m\u001b[1m^\u001b[22m\u001b[39m\u001b[0m\n    \u001b[0m \u001b[90m 4 | \u001b[39m\u001b[36mconst\u001b[39m packageJson \u001b[33m=\u001b[39m require(\u001b[32m'../../package.json'\u001b[39m)\u001b[33m;\u001b[39m\u001b[0m\n    \u001b[0m \u001b[90m 5 | \u001b[39m\u001b[0m\n    \u001b[0m \u001b[90m 6 | \u001b[39m\u001b[90m// This is a custom Jest transformer that process *.js files\u001b[39m\u001b[0m\n\n      \u001b[2mat Object.<anonymous> (\u001b[22mconfig/jest/jsTransform.js\u001b[2m:3:31)\u001b[22m\n","name":"/Applications/MAMP/htdocs/wfp-ui-next/src/components/ContentSwitcher/ContentSwitcher-test.js","startTime":1604856842477,"status":"failed","summary":""},{"assertionResults":[],"coverage":{},"endTime":1604856842477,"message":"  \u001b[1m● \u001b[22mTest suite failed to run\n\n    Cannot find module 'babel-jest'\n    Require stack:\n    - /Applications/MAMP/htdocs/wfp-ui-next/config/jest/jsTransform.js\n    - /Applications/MAMP/htdocs/wfp-ui-next/node_modules/@jest/transform/build/ScriptTransformer.js\n    - /Applications/MAMP/htdocs/wfp-ui-next/node_modules/@jest/transform/build/index.js\n    - /Applications/MAMP/htdocs/wfp-ui-next/node_modules/jest-runtime/build/index.js\n    - /Applications/MAMP/htdocs/wfp-ui-next/node_modules/jest-runner/build/testWorker.js\n    - /Applications/MAMP/htdocs/wfp-ui-next/node_modules/jest-worker/build/workers/processChild.js\n\n    \u001b[0m \u001b[90m 1 | \u001b[39m\u001b[32m'use strict'\u001b[39m\u001b[33m;\u001b[39m\u001b[0m\n    \u001b[0m \u001b[90m 2 | \u001b[39m\u001b[0m\n    \u001b[0m\u001b[31m\u001b[1m>\u001b[22m\u001b[39m\u001b[90m 3 | \u001b[39m\u001b[36mconst\u001b[39m { createTransformer } \u001b[33m=\u001b[39m require(\u001b[32m'babel-jest'\u001b[39m)\u001b[33m;\u001b[39m\u001b[0m\n    \u001b[0m \u001b[90m   | \u001b[39m                              \u001b[31m\u001b[1m^\u001b[22m\u001b[39m\u001b[0m\n    \u001b[0m \u001b[90m 4 | \u001b[39m\u001b[36mconst\u001b[39m packageJson \u001b[33m=\u001b[39m require(\u001b[32m'../../package.json'\u001b[39m)\u001b[33m;\u001b[39m\u001b[0m\n    \u001b[0m \u001b[90m 5 | \u001b[39m\u001b[0m\n    \u001b[0m \u001b[90m 6 | \u001b[39m\u001b[90m// This is a custom Jest transformer that process *.js files\u001b[39m\u001b[0m\n\n      \u001b[2mat Object.<anonymous> (\u001b[22mconfig/jest/jsTransform.js\u001b[2m:3:31)\u001b[22m\n","name":"/Applications/MAMP/htdocs/wfp-ui-next/src/components/Unit/Unit-test.js","startTime":1604856842477,"status":"failed","summary":""},{"assertionResults":[],"coverage":{},"endTime":1604856842477,"message":"  \u001b[1m● \u001b[22mTest suite failed to run\n\n    Cannot find module 'babel-jest'\n    Require stack:\n    - /Applications/MAMP/htdocs/wfp-ui-next/config/jest/jsTransform.js\n    - /Applications/MAMP/htdocs/wfp-ui-next/node_modules/@jest/transform/build/ScriptTransformer.js\n    - /Applications/MAMP/htdocs/wfp-ui-next/node_modules/@jest/transform/build/index.js\n    - /Applications/MAMP/htdocs/wfp-ui-next/node_modules/jest-runtime/build/index.js\n    - /Applications/MAMP/htdocs/wfp-ui-next/node_modules/jest-runner/build/testWorker.js\n    - /Applications/MAMP/htdocs/wfp-ui-next/node_modules/jest-worker/build/workers/processChild.js\n\n    \u001b[0m \u001b[90m 1 | \u001b[39m\u001b[32m'use strict'\u001b[39m\u001b[33m;\u001b[39m\u001b[0m\n    \u001b[0m \u001b[90m 2 | \u001b[39m\u001b[0m\n    \u001b[0m\u001b[31m\u001b[1m>\u001b[22m\u001b[39m\u001b[90m 3 | \u001b[39m\u001b[36mconst\u001b[39m { createTransformer } \u001b[33m=\u001b[39m require(\u001b[32m'babel-jest'\u001b[39m)\u001b[33m;\u001b[39m\u001b[0m\n    \u001b[0m \u001b[90m   | \u001b[39m                              \u001b[31m\u001b[1m^\u001b[22m\u001b[39m\u001b[0m\n    \u001b[0m \u001b[90m 4 | \u001b[39m\u001b[36mconst\u001b[39m packageJson \u001b[33m=\u001b[39m require(\u001b[32m'../../package.json'\u001b[39m)\u001b[33m;\u001b[39m\u001b[0m\n    \u001b[0m \u001b[90m 5 | \u001b[39m\u001b[0m\n    \u001b[0m \u001b[90m 6 | \u001b[39m\u001b[90m// This is a custom Jest transformer that process *.js files\u001b[39m\u001b[0m\n\n      \u001b[2mat Object.<anonymous> (\u001b[22mconfig/jest/jsTransform.js\u001b[2m:3:31)\u001b[22m\n","name":"/Applications/MAMP/htdocs/wfp-ui-next/src/components/Form/Form-test.js","startTime":1604856842477,"status":"failed","summary":""},{"assertionResults":[],"coverage":{},"endTime":1604856842477,"message":"  \u001b[1m● \u001b[22mTest suite failed to run\n\n    Cannot find module 'babel-jest'\n    Require stack:\n    - /Applications/MAMP/htdocs/wfp-ui-next/config/jest/jsTransform.js\n    - /Applications/MAMP/htdocs/wfp-ui-next/node_modules/@jest/transform/build/ScriptTransformer.js\n    - /Applications/MAMP/htdocs/wfp-ui-next/node_modules/@jest/transform/build/index.js\n    - /Applications/MAMP/htdocs/wfp-ui-next/node_modules/jest-runtime/build/index.js\n    - /Applications/MAMP/htdocs/wfp-ui-next/node_modules/jest-runner/build/testWorker.js\n    - /Applications/MAMP/htdocs/wfp-ui-next/node_modules/jest-worker/build/workers/processChild.js\n\n    \u001b[0m \u001b[90m 1 | \u001b[39m\u001b[32m'use strict'\u001b[39m\u001b[33m;\u001b[39m\u001b[0m\n    \u001b[0m \u001b[90m 2 | \u001b[39m\u001b[0m\n    \u001b[0m\u001b[31m\u001b[1m>\u001b[22m\u001b[39m\u001b[90m 3 | \u001b[39m\u001b[36mconst\u001b[39m { createTransformer } \u001b[33m=\u001b[39m require(\u001b[32m'babel-jest'\u001b[39m)\u001b[33m;\u001b[39m\u001b[0m\n    \u001b[0m \u001b[90m   | \u001b[39m                              \u001b[31m\u001b[1m^\u001b[22m\u001b[39m\u001b[0m\n    \u001b[0m \u001b[90m 4 | \u001b[39m\u001b[36mconst\u001b[39m packageJson \u001b[33m=\u001b[39m require(\u001b[32m'../../package.json'\u001b[39m)\u001b[33m;\u001b[39m\u001b[0m\n    \u001b[0m \u001b[90m 5 | \u001b[39m\u001b[0m\n    \u001b[0m \u001b[90m 6 | \u001b[39m\u001b[90m// This is a custom Jest transformer that process *.js files\u001b[39m\u001b[0m\n\n      \u001b[2mat Object.<anonymous> (\u001b[22mconfig/jest/jsTransform.js\u001b[2m:3:31)\u001b[22m\n","name":"/Applications/MAMP/htdocs/wfp-ui-next/src/components/Loading/Loading-test.js","startTime":1604856842477,"status":"failed","summary":""},{"assertionResults":[],"coverage":{},"endTime":1604856842477,"message":"  \u001b[1m● \u001b[22mTest suite failed to run\n\n    Cannot find module 'babel-jest'\n    Require stack:\n    - /Applications/MAMP/htdocs/wfp-ui-next/config/jest/jsTransform.js\n    - /Applications/MAMP/htdocs/wfp-ui-next/node_modules/@jest/transform/build/ScriptTransformer.js\n    - /Applications/MAMP/htdocs/wfp-ui-next/node_modules/@jest/transform/build/index.js\n    - /Applications/MAMP/htdocs/wfp-ui-next/node_modules/jest-runtime/build/index.js\n    - /Applications/MAMP/htdocs/wfp-ui-next/node_modules/jest-runner/build/testWorker.js\n    - /Applications/MAMP/htdocs/wfp-ui-next/node_modules/jest-worker/build/workers/processChild.js\n\n    \u001b[0m \u001b[90m 1 | \u001b[39m\u001b[32m'use strict'\u001b[39m\u001b[33m;\u001b[39m\u001b[0m\n    \u001b[0m \u001b[90m 2 | \u001b[39m\u001b[0m\n    \u001b[0m\u001b[31m\u001b[1m>\u001b[22m\u001b[39m\u001b[90m 3 | \u001b[39m\u001b[36mconst\u001b[39m { createTransformer } \u001b[33m=\u001b[39m require(\u001b[32m'babel-jest'\u001b[39m)\u001b[33m;\u001b[39m\u001b[0m\n    \u001b[0m \u001b[90m   | \u001b[39m                              \u001b[31m\u001b[1m^\u001b[22m\u001b[39m\u001b[0m\n    \u001b[0m \u001b[90m 4 | \u001b[39m\u001b[36mconst\u001b[39m packageJson \u001b[33m=\u001b[39m require(\u001b[32m'../../package.json'\u001b[39m)\u001b[33m;\u001b[39m\u001b[0m\n    \u001b[0m \u001b[90m 5 | \u001b[39m\u001b[0m\n    \u001b[0m \u001b[90m 6 | \u001b[39m\u001b[90m// This is a custom Jest transformer that process *.js files\u001b[39m\u001b[0m\n\n      \u001b[2mat Object.<anonymous> (\u001b[22mconfig/jest/jsTransform.js\u001b[2m:3:31)\u001b[22m\n","name":"/Applications/MAMP/htdocs/wfp-ui-next/src/components/Icon/Icon-test.js","startTime":1604856842477,"status":"failed","summary":""},{"assertionResults":[],"coverage":{},"endTime":1604856842477,"message":"  \u001b[1m● \u001b[22mTest suite failed to run\n\n    Cannot find module 'babel-jest'\n    Require stack:\n    - /Applications/MAMP/htdocs/wfp-ui-next/config/jest/jsTransform.js\n    - /Applications/MAMP/htdocs/wfp-ui-next/node_modules/@jest/transform/build/ScriptTransformer.js\n    - /Applications/MAMP/htdocs/wfp-ui-next/node_modules/@jest/transform/build/index.js\n    - /Applications/MAMP/htdocs/wfp-ui-next/node_modules/jest-runtime/build/index.js\n    - /Applications/MAMP/htdocs/wfp-ui-next/node_modules/jest-runner/build/testWorker.js\n    - /Applications/MAMP/htdocs/wfp-ui-next/node_modules/jest-worker/build/workers/processChild.js\n\n    \u001b[0m \u001b[90m 1 | \u001b[39m\u001b[32m'use strict'\u001b[39m\u001b[33m;\u001b[39m\u001b[0m\n    \u001b[0m \u001b[90m 2 | \u001b[39m\u001b[0m\n    \u001b[0m\u001b[31m\u001b[1m>\u001b[22m\u001b[39m\u001b[90m 3 | \u001b[39m\u001b[36mconst\u001b[39m { createTransformer } \u001b[33m=\u001b[39m require(\u001b[32m'babel-jest'\u001b[39m)\u001b[33m;\u001b[39m\u001b[0m\n    \u001b[0m \u001b[90m   | \u001b[39m                              \u001b[31m\u001b[1m^\u001b[22m\u001b[39m\u001b[0m\n    \u001b[0m \u001b[90m 4 | \u001b[39m\u001b[36mconst\u001b[39m packageJson \u001b[33m=\u001b[39m require(\u001b[32m'../../package.json'\u001b[39m)\u001b[33m;\u001b[39m\u001b[0m\n    \u001b[0m \u001b[90m 5 | \u001b[39m\u001b[0m\n    \u001b[0m \u001b[90m 6 | \u001b[39m\u001b[90m// This is a custom Jest transformer that process *.js files\u001b[39m\u001b[0m\n\n      \u001b[2mat Object.<anonymous> (\u001b[22mconfig/jest/jsTransform.js\u001b[2m:3:31)\u001b[22m\n","name":"/Applications/MAMP/htdocs/wfp-ui-next/src/components/ModalWrapper/ModalWrapper-test.js","startTime":1604856842477,"status":"failed","summary":""},{"assertionResults":[],"coverage":{},"endTime":1604856842477,"message":"  \u001b[1m● \u001b[22mTest suite failed to run\n\n    Cannot find module 'babel-jest'\n    Require stack:\n    - /Applications/MAMP/htdocs/wfp-ui-next/config/jest/jsTransform.js\n    - /Applications/MAMP/htdocs/wfp-ui-next/node_modules/@jest/transform/build/ScriptTransformer.js\n    - /Applications/MAMP/htdocs/wfp-ui-next/node_modules/@jest/transform/build/index.js\n    - /Applications/MAMP/htdocs/wfp-ui-next/node_modules/jest-runtime/build/index.js\n    - /Applications/MAMP/htdocs/wfp-ui-next/node_modules/jest-runner/build/testWorker.js\n    - /Applications/MAMP/htdocs/wfp-ui-next/node_modules/jest-worker/build/workers/processChild.js\n\n    \u001b[0m \u001b[90m 1 | \u001b[39m\u001b[32m'use strict'\u001b[39m\u001b[33m;\u001b[39m\u001b[0m\n    \u001b[0m \u001b[90m 2 | \u001b[39m\u001b[0m\n    \u001b[0m\u001b[31m\u001b[1m>\u001b[22m\u001b[39m\u001b[90m 3 | \u001b[39m\u001b[36mconst\u001b[39m { createTransformer } \u001b[33m=\u001b[39m require(\u001b[32m'babel-jest'\u001b[39m)\u001b[33m;\u001b[39m\u001b[0m\n    \u001b[0m \u001b[90m   | \u001b[39m                              \u001b[31m\u001b[1m^\u001b[22m\u001b[39m\u001b[0m\n    \u001b[0m \u001b[90m 4 | \u001b[39m\u001b[36mconst\u001b[39m packageJson \u001b[33m=\u001b[39m require(\u001b[32m'../../package.json'\u001b[39m)\u001b[33m;\u001b[39m\u001b[0m\n    \u001b[0m \u001b[90m 5 | \u001b[39m\u001b[0m\n    \u001b[0m \u001b[90m 6 | \u001b[39m\u001b[90m// This is a custom Jest transformer that process *.js files\u001b[39m\u001b[0m\n\n      \u001b[2mat Object.<anonymous> (\u001b[22mconfig/jest/jsTransform.js\u001b[2m:3:31)\u001b[22m\n","name":"/Applications/MAMP/htdocs/wfp-ui-next/src/components/Checkbox/Checkbox-test.js","startTime":1604856842477,"status":"failed","summary":""},{"assertionResults":[],"coverage":{},"endTime":1604856842477,"message":"  \u001b[1m● \u001b[22mTest suite failed to run\n\n    Cannot find module 'babel-jest'\n    Require stack:\n    - /Applications/MAMP/htdocs/wfp-ui-next/config/jest/jsTransform.js\n    - /Applications/MAMP/htdocs/wfp-ui-next/node_modules/@jest/transform/build/ScriptTransformer.js\n    - /Applications/MAMP/htdocs/wfp-ui-next/node_modules/@jest/transform/build/index.js\n    - /Applications/MAMP/htdocs/wfp-ui-next/node_modules/jest-runtime/build/index.js\n    - /Applications/MAMP/htdocs/wfp-ui-next/node_modules/jest-runner/build/testWorker.js\n    - /Applications/MAMP/htdocs/wfp-ui-next/node_modules/jest-worker/build/workers/processChild.js\n\n    \u001b[0m \u001b[90m 1 | \u001b[39m\u001b[32m'use strict'\u001b[39m\u001b[33m;\u001b[39m\u001b[0m\n    \u001b[0m \u001b[90m 2 | \u001b[39m\u001b[0m\n    \u001b[0m\u001b[31m\u001b[1m>\u001b[22m\u001b[39m\u001b[90m 3 | \u001b[39m\u001b[36mconst\u001b[39m { createTransformer } \u001b[33m=\u001b[39m require(\u001b[32m'babel-jest'\u001b[39m)\u001b[33m;\u001b[39m\u001b[0m\n    \u001b[0m \u001b[90m   | \u001b[39m                              \u001b[31m\u001b[1m^\u001b[22m\u001b[39m\u001b[0m\n    \u001b[0m \u001b[90m 4 | \u001b[39m\u001b[36mconst\u001b[39m packageJson \u001b[33m=\u001b[39m require(\u001b[32m'../../package.json'\u001b[39m)\u001b[33m;\u001b[39m\u001b[0m\n    \u001b[0m \u001b[90m 5 | \u001b[39m\u001b[0m\n    \u001b[0m \u001b[90m 6 | \u001b[39m\u001b[90m// This is a custom Jest transformer that process *.js files\u001b[39m\u001b[0m\n\n      \u001b[2mat Object.<anonymous> (\u001b[22mconfig/jest/jsTransform.js\u001b[2m:3:31)\u001b[22m\n","name":"/Applications/MAMP/htdocs/wfp-ui-next/src/components/Toggle/Toggle-test.js","startTime":1604856842477,"status":"failed","summary":""},{"assertionResults":[],"coverage":{},"endTime":1604856842477,"message":"  \u001b[1m● \u001b[22mTest suite failed to run\n\n    Cannot find module 'babel-jest'\n    Require stack:\n    - /Applications/MAMP/htdocs/wfp-ui-next/config/jest/jsTransform.js\n    - /Applications/MAMP/htdocs/wfp-ui-next/node_modules/@jest/transform/build/ScriptTransformer.js\n    - /Applications/MAMP/htdocs/wfp-ui-next/node_modules/@jest/transform/build/index.js\n    - /Applications/MAMP/htdocs/wfp-ui-next/node_modules/jest-runtime/build/index.js\n    - /Applications/MAMP/htdocs/wfp-ui-next/node_modules/jest-runner/build/testWorker.js\n    - /Applications/MAMP/htdocs/wfp-ui-next/node_modules/jest-worker/build/workers/processChild.js\n\n    \u001b[0m \u001b[90m 1 | \u001b[39m\u001b[32m'use strict'\u001b[39m\u001b[33m;\u001b[39m\u001b[0m\n    \u001b[0m \u001b[90m 2 | \u001b[39m\u001b[0m\n    \u001b[0m\u001b[31m\u001b[1m>\u001b[22m\u001b[39m\u001b[90m 3 | \u001b[39m\u001b[36mconst\u001b[39m { createTransformer } \u001b[33m=\u001b[39m require(\u001b[32m'babel-jest'\u001b[39m)\u001b[33m;\u001b[39m\u001b[0m\n    \u001b[0m \u001b[90m   | \u001b[39m                              \u001b[31m\u001b[1m^\u001b[22m\u001b[39m\u001b[0m\n    \u001b[0m \u001b[90m 4 | \u001b[39m\u001b[36mconst\u001b[39m packageJson \u001b[33m=\u001b[39m require(\u001b[32m'../../package.json'\u001b[39m)\u001b[33m;\u001b[39m\u001b[0m\n    \u001b[0m \u001b[90m 5 | \u001b[39m\u001b[0m\n    \u001b[0m \u001b[90m 6 | \u001b[39m\u001b[90m// This is a custom Jest transformer that process *.js files\u001b[39m\u001b[0m\n\n      \u001b[2mat Object.<anonymous> (\u001b[22mconfig/jest/jsTransform.js\u001b[2m:3:31)\u001b[22m\n","name":"/Applications/MAMP/htdocs/wfp-ui-next/src/components/Blockquote/Blockquote-test.js","startTime":1604856842477,"status":"failed","summary":""},{"assertionResults":[],"coverage":{},"endTime":1604856842477,"message":"  \u001b[1m● \u001b[22mTest suite failed to run\n\n    Cannot find module 'babel-jest'\n    Require stack:\n    - /Applications/MAMP/htdocs/wfp-ui-next/config/jest/jsTransform.js\n    - /Applications/MAMP/htdocs/wfp-ui-next/node_modules/@jest/transform/build/ScriptTransformer.js\n    - /Applications/MAMP/htdocs/wfp-ui-next/node_modules/@jest/transform/build/index.js\n    - /Applications/MAMP/htdocs/wfp-ui-next/node_modules/jest-runtime/build/index.js\n    - /Applications/MAMP/htdocs/wfp-ui-next/node_modules/jest-runner/build/testWorker.js\n    - /Applications/MAMP/htdocs/wfp-ui-next/node_modules/jest-worker/build/workers/processChild.js\n\n    \u001b[0m \u001b[90m 1 | \u001b[39m\u001b[32m'use strict'\u001b[39m\u001b[33m;\u001b[39m\u001b[0m\n    \u001b[0m \u001b[90m 2 | \u001b[39m\u001b[0m\n    \u001b[0m\u001b[31m\u001b[1m>\u001b[22m\u001b[39m\u001b[90m 3 | \u001b[39m\u001b[36mconst\u001b[39m { createTransformer } \u001b[33m=\u001b[39m require(\u001b[32m'babel-jest'\u001b[39m)\u001b[33m;\u001b[39m\u001b[0m\n    \u001b[0m \u001b[90m   | \u001b[39m                              \u001b[31m\u001b[1m^\u001b[22m\u001b[39m\u001b[0m\n    \u001b[0m \u001b[90m 4 | \u001b[39m\u001b[36mconst\u001b[39m packageJson \u001b[33m=\u001b[39m require(\u001b[32m'../../package.json'\u001b[39m)\u001b[33m;\u001b[39m\u001b[0m\n    \u001b[0m \u001b[90m 5 | \u001b[39m\u001b[0m\n    \u001b[0m \u001b[90m 6 | \u001b[39m\u001b[90m// This is a custom Jest transformer that process *.js files\u001b[39m\u001b[0m\n\n      \u001b[2mat Object.<anonymous> (\u001b[22mconfig/jest/jsTransform.js\u001b[2m:3:31)\u001b[22m\n","name":"/Applications/MAMP/htdocs/wfp-ui-next/src/prop-types/__tests__/childrenOf-test.js","startTime":1604856842477,"status":"failed","summary":""},{"assertionResults":[],"coverage":{},"endTime":1604856842477,"message":"  \u001b[1m● \u001b[22mTest suite failed to run\n\n    Cannot find module 'babel-jest'\n    Require stack:\n    - /Applications/MAMP/htdocs/wfp-ui-next/config/jest/jsTransform.js\n    - /Applications/MAMP/htdocs/wfp-ui-next/node_modules/@jest/transform/build/ScriptTransformer.js\n    - /Applications/MAMP/htdocs/wfp-ui-next/node_modules/@jest/transform/build/index.js\n    - /Applications/MAMP/htdocs/wfp-ui-next/node_modules/jest-runtime/build/index.js\n    - /Applications/MAMP/htdocs/wfp-ui-next/node_modules/jest-runner/build/testWorker.js\n    - /Applications/MAMP/htdocs/wfp-ui-next/node_modules/jest-worker/build/workers/processChild.js\n\n    \u001b[0m \u001b[90m 1 | \u001b[39m\u001b[32m'use strict'\u001b[39m\u001b[33m;\u001b[39m\u001b[0m\n    \u001b[0m \u001b[90m 2 | \u001b[39m\u001b[0m\n    \u001b[0m\u001b[31m\u001b[1m>\u001b[22m\u001b[39m\u001b[90m 3 | \u001b[39m\u001b[36mconst\u001b[39m { createTransformer } \u001b[33m=\u001b[39m require(\u001b[32m'babel-jest'\u001b[39m)\u001b[33m;\u001b[39m\u001b[0m\n    \u001b[0m \u001b[90m   | \u001b[39m                              \u001b[31m\u001b[1m^\u001b[22m\u001b[39m\u001b[0m\n    \u001b[0m \u001b[90m 4 | \u001b[39m\u001b[36mconst\u001b[39m packageJson \u001b[33m=\u001b[39m require(\u001b[32m'../../package.json'\u001b[39m)\u001b[33m;\u001b[39m\u001b[0m\n    \u001b[0m \u001b[90m 5 | \u001b[39m\u001b[0m\n    \u001b[0m \u001b[90m 6 | \u001b[39m\u001b[90m// This is a custom Jest transformer that process *.js files\u001b[39m\u001b[0m\n\n      \u001b[2mat Object.<anonymous> (\u001b[22mconfig/jest/jsTransform.js\u001b[2m:3:31)\u001b[22m\n","name":"/Applications/MAMP/htdocs/wfp-ui-next/src/components/Tab/Tab-test.js","startTime":1604856842477,"status":"failed","summary":""},{"assertionResults":[],"coverage":{},"endTime":1604856842477,"message":"  \u001b[1m● \u001b[22mTest suite failed to run\n\n    Cannot find module 'babel-jest'\n    Require stack:\n    - /Applications/MAMP/htdocs/wfp-ui-next/config/jest/jsTransform.js\n    - /Applications/MAMP/htdocs/wfp-ui-next/node_modules/@jest/transform/build/ScriptTransformer.js\n    - /Applications/MAMP/htdocs/wfp-ui-next/node_modules/@jest/transform/build/index.js\n    - /Applications/MAMP/htdocs/wfp-ui-next/node_modules/jest-runtime/build/index.js\n    - /Applications/MAMP/htdocs/wfp-ui-next/node_modules/jest-runner/build/testWorker.js\n    - /Applications/MAMP/htdocs/wfp-ui-next/node_modules/jest-worker/build/workers/processChild.js\n\n    \u001b[0m \u001b[90m 1 | \u001b[39m\u001b[32m'use strict'\u001b[39m\u001b[33m;\u001b[39m\u001b[0m\n    \u001b[0m \u001b[90m 2 | \u001b[39m\u001b[0m\n    \u001b[0m\u001b[31m\u001b[1m>\u001b[22m\u001b[39m\u001b[90m 3 | \u001b[39m\u001b[36mconst\u001b[39m { createTransformer } \u001b[33m=\u001b[39m require(\u001b[32m'babel-jest'\u001b[39m)\u001b[33m;\u001b[39m\u001b[0m\n    \u001b[0m \u001b[90m   | \u001b[39m                              \u001b[31m\u001b[1m^\u001b[22m\u001b[39m\u001b[0m\n    \u001b[0m \u001b[90m 4 | \u001b[39m\u001b[36mconst\u001b[39m packageJson \u001b[33m=\u001b[39m require(\u001b[32m'../../package.json'\u001b[39m)\u001b[33m;\u001b[39m\u001b[0m\n    \u001b[0m \u001b[90m 5 | \u001b[39m\u001b[0m\n    \u001b[0m \u001b[90m 6 | \u001b[39m\u001b[90m// This is a custom Jest transformer that process *.js files\u001b[39m\u001b[0m\n\n      \u001b[2mat Object.<anonymous> (\u001b[22mconfig/jest/jsTransform.js\u001b[2m:3:31)\u001b[22m\n","name":"/Applications/MAMP/htdocs/wfp-ui-next/src/components/SkeletonText/SkeletonText-test.js","startTime":1604856842477,"status":"failed","summary":""},{"assertionResults":[],"coverage":{},"endTime":1604856842477,"message":"  \u001b[1m● \u001b[22mTest suite failed to run\n\n    Cannot find module 'babel-jest'\n    Require stack:\n    - /Applications/MAMP/htdocs/wfp-ui-next/config/jest/jsTransform.js\n    - /Applications/MAMP/htdocs/wfp-ui-next/node_modules/@jest/transform/build/ScriptTransformer.js\n    - /Applications/MAMP/htdocs/wfp-ui-next/node_modules/@jest/transform/build/index.js\n    - /Applications/MAMP/htdocs/wfp-ui-next/node_modules/jest-runtime/build/index.js\n    - /Applications/MAMP/htdocs/wfp-ui-next/node_modules/jest-runner/build/testWorker.js\n    - /Applications/MAMP/htdocs/wfp-ui-next/node_modules/jest-worker/build/workers/processChild.js\n\n    \u001b[0m \u001b[90m 1 | \u001b[39m\u001b[32m'use strict'\u001b[39m\u001b[33m;\u001b[39m\u001b[0m\n    \u001b[0m \u001b[90m 2 | \u001b[39m\u001b[0m\n    \u001b[0m\u001b[31m\u001b[1m>\u001b[22m\u001b[39m\u001b[90m 3 | \u001b[39m\u001b[36mconst\u001b[39m { createTransformer } \u001b[33m=\u001b[39m require(\u001b[32m'babel-jest'\u001b[39m)\u001b[33m;\u001b[39m\u001b[0m\n    \u001b[0m \u001b[90m   | \u001b[39m                              \u001b[31m\u001b[1m^\u001b[22m\u001b[39m\u001b[0m\n    \u001b[0m \u001b[90m 4 | \u001b[39m\u001b[36mconst\u001b[39m packageJson \u001b[33m=\u001b[39m require(\u001b[32m'../../package.json'\u001b[39m)\u001b[33m;\u001b[39m\u001b[0m\n    \u001b[0m \u001b[90m 5 | \u001b[39m\u001b[0m\n    \u001b[0m \u001b[90m 6 | \u001b[39m\u001b[90m// This is a custom Jest transformer that process *.js files\u001b[39m\u001b[0m\n\n      \u001b[2mat Object.<anonymous> (\u001b[22mconfig/jest/jsTransform.js\u001b[2m:3:31)\u001b[22m\n","name":"/Applications/MAMP/htdocs/wfp-ui-next/src/components/StepNavigation/StepNavigation-test.js","startTime":1604856842477,"status":"failed","summary":""},{"assertionResults":[],"coverage":{},"endTime":1604856842477,"message":"  \u001b[1m● \u001b[22mTest suite failed to run\n\n    Cannot find module 'babel-jest'\n    Require stack:\n    - /Applications/MAMP/htdocs/wfp-ui-next/config/jest/jsTransform.js\n    - /Applications/MAMP/htdocs/wfp-ui-next/node_modules/@jest/transform/build/ScriptTransformer.js\n    - /Applications/MAMP/htdocs/wfp-ui-next/node_modules/@jest/transform/build/index.js\n    - /Applications/MAMP/htdocs/wfp-ui-next/node_modules/jest-runtime/build/index.js\n    - /Applications/MAMP/htdocs/wfp-ui-next/node_modules/jest-runner/build/testWorker.js\n    - /Applications/MAMP/htdocs/wfp-ui-next/node_modules/jest-worker/build/workers/processChild.js\n\n    \u001b[0m \u001b[90m 1 | \u001b[39m\u001b[32m'use strict'\u001b[39m\u001b[33m;\u001b[39m\u001b[0m\n    \u001b[0m \u001b[90m 2 | \u001b[39m\u001b[0m\n    \u001b[0m\u001b[31m\u001b[1m>\u001b[22m\u001b[39m\u001b[90m 3 | \u001b[39m\u001b[36mconst\u001b[39m { createTransformer } \u001b[33m=\u001b[39m require(\u001b[32m'babel-jest'\u001b[39m)\u001b[33m;\u001b[39m\u001b[0m\n    \u001b[0m \u001b[90m   | \u001b[39m                              \u001b[31m\u001b[1m^\u001b[22m\u001b[39m\u001b[0m\n    \u001b[0m \u001b[90m 4 | \u001b[39m\u001b[36mconst\u001b[39m packageJson \u001b[33m=\u001b[39m require(\u001b[32m'../../package.json'\u001b[39m)\u001b[33m;\u001b[39m\u001b[0m\n    \u001b[0m \u001b[90m 5 | \u001b[39m\u001b[0m\n    \u001b[0m \u001b[90m 6 | \u001b[39m\u001b[90m// This is a custom Jest transformer that process *.js files\u001b[39m\u001b[0m\n\n      \u001b[2mat Object.<anonymous> (\u001b[22mconfig/jest/jsTransform.js\u001b[2m:3:31)\u001b[22m\n","name":"/Applications/MAMP/htdocs/wfp-ui-next/src/prop-types/__tests__/childrenOfType-test.js","startTime":1604856842477,"status":"failed","summary":""},{"assertionResults":[],"coverage":{},"endTime":1604856842477,"message":"  \u001b[1m● \u001b[22mTest suite failed to run\n\n    Cannot find module 'babel-jest'\n    Require stack:\n    - /Applications/MAMP/htdocs/wfp-ui-next/config/jest/jsTransform.js\n    - /Applications/MAMP/htdocs/wfp-ui-next/node_modules/@jest/transform/build/ScriptTransformer.js\n    - /Applications/MAMP/htdocs/wfp-ui-next/node_modules/@jest/transform/build/index.js\n    - /Applications/MAMP/htdocs/wfp-ui-next/node_modules/jest-runtime/build/index.js\n    - /Applications/MAMP/htdocs/wfp-ui-next/node_modules/jest-runner/build/testWorker.js\n    - /Applications/MAMP/htdocs/wfp-ui-next/node_modules/jest-worker/build/workers/processChild.js\n\n    \u001b[0m \u001b[90m 1 | \u001b[39m\u001b[32m'use strict'\u001b[39m\u001b[33m;\u001b[39m\u001b[0m\n    \u001b[0m \u001b[90m 2 | \u001b[39m\u001b[0m\n    \u001b[0m\u001b[31m\u001b[1m>\u001b[22m\u001b[39m\u001b[90m 3 | \u001b[39m\u001b[36mconst\u001b[39m { createTransformer } \u001b[33m=\u001b[39m require(\u001b[32m'babel-jest'\u001b[39m)\u001b[33m;\u001b[39m\u001b[0m\n    \u001b[0m \u001b[90m   | \u001b[39m                              \u001b[31m\u001b[1m^\u001b[22m\u001b[39m\u001b[0m\n    \u001b[0m \u001b[90m 4 | \u001b[39m\u001b[36mconst\u001b[39m packageJson \u001b[33m=\u001b[39m require(\u001b[32m'../../package.json'\u001b[39m)\u001b[33m;\u001b[39m\u001b[0m\n    \u001b[0m \u001b[90m 5 | \u001b[39m\u001b[0m\n    \u001b[0m \u001b[90m 6 | \u001b[39m\u001b[90m// This is a custom Jest transformer that process *.js files\u001b[39m\u001b[0m\n\n      \u001b[2mat Object.<anonymous> (\u001b[22mconfig/jest/jsTransform.js\u001b[2m:3:31)\u001b[22m\n","name":"/Applications/MAMP/htdocs/wfp-ui-next/src/components/Tag/Tag-test.js","startTime":1604856842477,"status":"failed","summary":""},{"assertionResults":[],"coverage":{},"endTime":1604856842477,"message":"  \u001b[1m● \u001b[22mTest suite failed to run\n\n    Cannot find module 'babel-jest'\n    Require stack:\n    - /Applications/MAMP/htdocs/wfp-ui-next/config/jest/jsTransform.js\n    - /Applications/MAMP/htdocs/wfp-ui-next/node_modules/@jest/transform/build/ScriptTransformer.js\n    - /Applications/MAMP/htdocs/wfp-ui-next/node_modules/@jest/transform/build/index.js\n    - /Applications/MAMP/htdocs/wfp-ui-next/node_modules/jest-runtime/build/index.js\n    - /Applications/MAMP/htdocs/wfp-ui-next/node_modules/jest-runner/build/testWorker.js\n    - /Applications/MAMP/htdocs/wfp-ui-next/node_modules/jest-worker/build/workers/processChild.js\n\n    \u001b[0m \u001b[90m 1 | \u001b[39m\u001b[32m'use strict'\u001b[39m\u001b[33m;\u001b[39m\u001b[0m\n    \u001b[0m \u001b[90m 2 | \u001b[39m\u001b[0m\n    \u001b[0m\u001b[31m\u001b[1m>\u001b[22m\u001b[39m\u001b[90m 3 | \u001b[39m\u001b[36mconst\u001b[39m { createTransformer } \u001b[33m=\u001b[39m require(\u001b[32m'babel-jest'\u001b[39m)\u001b[33m;\u001b[39m\u001b[0m\n    \u001b[0m \u001b[90m   | \u001b[39m                              \u001b[31m\u001b[1m^\u001b[22m\u001b[39m\u001b[0m\n    \u001b[0m \u001b[90m 4 | \u001b[39m\u001b[36mconst\u001b[39m packageJson \u001b[33m=\u001b[39m require(\u001b[32m'../../package.json'\u001b[39m)\u001b[33m;\u001b[39m\u001b[0m\n    \u001b[0m \u001b[90m 5 | \u001b[39m\u001b[0m\n    \u001b[0m \u001b[90m 6 | \u001b[39m\u001b[90m// This is a custom Jest transformer that process *.js files\u001b[39m\u001b[0m\n\n      \u001b[2mat Object.<anonymous> (\u001b[22mconfig/jest/jsTransform.js\u001b[2m:3:31)\u001b[22m\n","name":"/Applications/MAMP/htdocs/wfp-ui-next/src/components/StepNavigationItem/StepNavigationItem-test.js","startTime":1604856842477,"status":"failed","summary":""},{"assertionResults":[],"coverage":{},"endTime":1604856842477,"message":"  \u001b[1m● \u001b[22mTest suite failed to run\n\n    Cannot find module 'babel-jest'\n    Require stack:\n    - /Applications/MAMP/htdocs/wfp-ui-next/config/jest/jsTransform.js\n    - /Applications/MAMP/htdocs/wfp-ui-next/node_modules/@jest/transform/build/ScriptTransformer.js\n    - /Applications/MAMP/htdocs/wfp-ui-next/node_modules/@jest/transform/build/index.js\n    - /Applications/MAMP/htdocs/wfp-ui-next/node_modules/jest-runtime/build/index.js\n    - /Applications/MAMP/htdocs/wfp-ui-next/node_modules/jest-runner/build/testWorker.js\n    - /Applications/MAMP/htdocs/wfp-ui-next/node_modules/jest-worker/build/workers/processChild.js\n\n    \u001b[0m \u001b[90m 1 | \u001b[39m\u001b[32m'use strict'\u001b[39m\u001b[33m;\u001b[39m\u001b[0m\n    \u001b[0m \u001b[90m 2 | \u001b[39m\u001b[0m\n    \u001b[0m\u001b[31m\u001b[1m>\u001b[22m\u001b[39m\u001b[90m 3 | \u001b[39m\u001b[36mconst\u001b[39m { createTransformer } \u001b[33m=\u001b[39m require(\u001b[32m'babel-jest'\u001b[39m)\u001b[33m;\u001b[39m\u001b[0m\n    \u001b[0m \u001b[90m   | \u001b[39m                              \u001b[31m\u001b[1m^\u001b[22m\u001b[39m\u001b[0m\n    \u001b[0m \u001b[90m 4 | \u001b[39m\u001b[36mconst\u001b[39m packageJson \u001b[33m=\u001b[39m require(\u001b[32m'../../package.json'\u001b[39m)\u001b[33m;\u001b[39m\u001b[0m\n    \u001b[0m \u001b[90m 5 | \u001b[39m\u001b[0m\n    \u001b[0m \u001b[90m 6 | \u001b[39m\u001b[90m// This is a custom Jest transformer that process *.js files\u001b[39m\u001b[0m\n\n      \u001b[2mat Object.<anonymous> (\u001b[22mconfig/jest/jsTransform.js\u001b[2m:3:31)\u001b[22m\n","name":"/Applications/MAMP/htdocs/wfp-ui-next/src/components/Breadcrumb/Breadcrumb-test.js","startTime":1604856842477,"status":"failed","summary":""},{"assertionResults":[],"coverage":{},"endTime":1604856842477,"message":"  \u001b[1m● \u001b[22mTest suite failed to run\n\n    Cannot find module 'babel-jest'\n    Require stack:\n    - /Applications/MAMP/htdocs/wfp-ui-next/config/jest/jsTransform.js\n    - /Applications/MAMP/htdocs/wfp-ui-next/node_modules/@jest/transform/build/ScriptTransformer.js\n    - /Applications/MAMP/htdocs/wfp-ui-next/node_modules/@jest/transform/build/index.js\n    - /Applications/MAMP/htdocs/wfp-ui-next/node_modules/jest-runtime/build/index.js\n    - /Applications/MAMP/htdocs/wfp-ui-next/node_modules/jest-runner/build/testWorker.js\n    - /Applications/MAMP/htdocs/wfp-ui-next/node_modules/jest-worker/build/workers/processChild.js\n\n    \u001b[0m \u001b[90m 1 | \u001b[39m\u001b[32m'use strict'\u001b[39m\u001b[33m;\u001b[39m\u001b[0m\n    \u001b[0m \u001b[90m 2 | \u001b[39m\u001b[0m\n    \u001b[0m\u001b[31m\u001b[1m>\u001b[22m\u001b[39m\u001b[90m 3 | \u001b[39m\u001b[36mconst\u001b[39m { createTransformer } \u001b[33m=\u001b[39m require(\u001b[32m'babel-jest'\u001b[39m)\u001b[33m;\u001b[39m\u001b[0m\n    \u001b[0m \u001b[90m   | \u001b[39m                              \u001b[31m\u001b[1m^\u001b[22m\u001b[39m\u001b[0m\n    \u001b[0m \u001b[90m 4 | \u001b[39m\u001b[36mconst\u001b[39m packageJson \u001b[33m=\u001b[39m require(\u001b[32m'../../package.json'\u001b[39m)\u001b[33m;\u001b[39m\u001b[0m\n    \u001b[0m \u001b[90m 5 | \u001b[39m\u001b[0m\n    \u001b[0m \u001b[90m 6 | \u001b[39m\u001b[90m// This is a custom Jest transformer that process *.js files\u001b[39m\u001b[0m\n\n      \u001b[2mat Object.<anonymous> (\u001b[22mconfig/jest/jsTransform.js\u001b[2m:3:31)\u001b[22m\n","name":"/Applications/MAMP/htdocs/wfp-ui-next/src/components/Switch/Switch-test.js","startTime":1604856842477,"status":"failed","summary":""},{"assertionResults":[],"coverage":{},"endTime":1604856842477,"message":"  \u001b[1m● \u001b[22mTest suite failed to run\n\n    Cannot find module 'babel-jest'\n    Require stack:\n    - /Applications/MAMP/htdocs/wfp-ui-next/config/jest/jsTransform.js\n    - /Applications/MAMP/htdocs/wfp-ui-next/node_modules/@jest/transform/build/ScriptTransformer.js\n    - /Applications/MAMP/htdocs/wfp-ui-next/node_modules/@jest/transform/build/index.js\n    - /Applications/MAMP/htdocs/wfp-ui-next/node_modules/jest-runtime/build/index.js\n    - /Applications/MAMP/htdocs/wfp-ui-next/node_modules/jest-runner/build/testWorker.js\n    - /Applications/MAMP/htdocs/wfp-ui-next/node_modules/jest-worker/build/workers/processChild.js\n\n    \u001b[0m \u001b[90m 1 | \u001b[39m\u001b[32m'use strict'\u001b[39m\u001b[33m;\u001b[39m\u001b[0m\n    \u001b[0m \u001b[90m 2 | \u001b[39m\u001b[0m\n    \u001b[0m\u001b[31m\u001b[1m>\u001b[22m\u001b[39m\u001b[90m 3 | \u001b[39m\u001b[36mconst\u001b[39m { createTransformer } \u001b[33m=\u001b[39m require(\u001b[32m'babel-jest'\u001b[39m)\u001b[33m;\u001b[39m\u001b[0m\n    \u001b[0m \u001b[90m   | \u001b[39m                              \u001b[31m\u001b[1m^\u001b[22m\u001b[39m\u001b[0m\n    \u001b[0m \u001b[90m 4 | \u001b[39m\u001b[36mconst\u001b[39m packageJson \u001b[33m=\u001b[39m require(\u001b[32m'../../package.json'\u001b[39m)\u001b[33m;\u001b[39m\u001b[0m\n    \u001b[0m \u001b[90m 5 | \u001b[39m\u001b[0m\n    \u001b[0m \u001b[90m 6 | \u001b[39m\u001b[90m// This is a custom Jest transformer that process *.js files\u001b[39m\u001b[0m\n\n      \u001b[2mat Object.<anonymous> (\u001b[22mconfig/jest/jsTransform.js\u001b[2m:3:31)\u001b[22m\n","name":"/Applications/MAMP/htdocs/wfp-ui-next/src/components/Value/Value-test.js","startTime":1604856842477,"status":"failed","summary":""},{"assertionResults":[],"coverage":{},"endTime":1604856842477,"message":"  \u001b[1m● \u001b[22mTest suite failed to run\n\n    Cannot find module 'babel-jest'\n    Require stack:\n    - /Applications/MAMP/htdocs/wfp-ui-next/config/jest/jsTransform.js\n    - /Applications/MAMP/htdocs/wfp-ui-next/node_modules/@jest/transform/build/ScriptTransformer.js\n    - /Applications/MAMP/htdocs/wfp-ui-next/node_modules/@jest/transform/build/index.js\n    - /Applications/MAMP/htdocs/wfp-ui-next/node_modules/jest-runtime/build/index.js\n    - /Applications/MAMP/htdocs/wfp-ui-next/node_modules/jest-runner/build/testWorker.js\n    - /Applications/MAMP/htdocs/wfp-ui-next/node_modules/jest-worker/build/workers/processChild.js\n\n    \u001b[0m \u001b[90m 1 | \u001b[39m\u001b[32m'use strict'\u001b[39m\u001b[33m;\u001b[39m\u001b[0m\n    \u001b[0m \u001b[90m 2 | \u001b[39m\u001b[0m\n    \u001b[0m\u001b[31m\u001b[1m>\u001b[22m\u001b[39m\u001b[90m 3 | \u001b[39m\u001b[36mconst\u001b[39m { createTransformer } \u001b[33m=\u001b[39m require(\u001b[32m'babel-jest'\u001b[39m)\u001b[33m;\u001b[39m\u001b[0m\n    \u001b[0m \u001b[90m   | \u001b[39m                              \u001b[31m\u001b[1m^\u001b[22m\u001b[39m\u001b[0m\n    \u001b[0m \u001b[90m 4 | \u001b[39m\u001b[36mconst\u001b[39m packageJson \u001b[33m=\u001b[39m require(\u001b[32m'../../package.json'\u001b[39m)\u001b[33m;\u001b[39m\u001b[0m\n    \u001b[0m \u001b[90m 5 | \u001b[39m\u001b[0m\n    \u001b[0m \u001b[90m 6 | \u001b[39m\u001b[90m// This is a custom Jest transformer that process *.js files\u001b[39m\u001b[0m\n\n      \u001b[2mat Object.<anonymous> (\u001b[22mconfig/jest/jsTransform.js\u001b[2m:3:31)\u001b[22m\n","name":"/Applications/MAMP/htdocs/wfp-ui-next/src/tools/__tests__/events-test.js","startTime":1604856842477,"status":"failed","summary":""},{"assertionResults":[],"coverage":{},"endTime":1604856842477,"message":"  \u001b[1m● \u001b[22mTest suite failed to run\n\n    Cannot find module 'babel-jest'\n    Require stack:\n    - /Applications/MAMP/htdocs/wfp-ui-next/config/jest/jsTransform.js\n    - /Applications/MAMP/htdocs/wfp-ui-next/node_modules/@jest/transform/build/ScriptTransformer.js\n    - /Applications/MAMP/htdocs/wfp-ui-next/node_modules/@jest/transform/build/index.js\n    - /Applications/MAMP/htdocs/wfp-ui-next/node_modules/jest-runtime/build/index.js\n    - /Applications/MAMP/htdocs/wfp-ui-next/node_modules/jest-runner/build/testWorker.js\n    - /Applications/MAMP/htdocs/wfp-ui-next/node_modules/jest-worker/build/workers/processChild.js\n\n    \u001b[0m \u001b[90m 1 | \u001b[39m\u001b[32m'use strict'\u001b[39m\u001b[33m;\u001b[39m\u001b[0m\n    \u001b[0m \u001b[90m 2 | \u001b[39m\u001b[0m\n    \u001b[0m\u001b[31m\u001b[1m>\u001b[22m\u001b[39m\u001b[90m 3 | \u001b[39m\u001b[36mconst\u001b[39m { createTransformer } \u001b[33m=\u001b[39m require(\u001b[32m'babel-jest'\u001b[39m)\u001b[33m;\u001b[39m\u001b[0m\n    \u001b[0m \u001b[90m   | \u001b[39m                              \u001b[31m\u001b[1m^\u001b[22m\u001b[39m\u001b[0m\n    \u001b[0m \u001b[90m 4 | \u001b[39m\u001b[36mconst\u001b[39m packageJson \u001b[33m=\u001b[39m require(\u001b[32m'../../package.json'\u001b[39m)\u001b[33m;\u001b[39m\u001b[0m\n    \u001b[0m \u001b[90m 5 | \u001b[39m\u001b[0m\n    \u001b[0m \u001b[90m 6 | \u001b[39m\u001b[90m// This is a custom Jest transformer that process *.js files\u001b[39m\u001b[0m\n\n      \u001b[2mat Object.<anonymous> (\u001b[22mconfig/jest/jsTransform.js\u001b[2m:3:31)\u001b[22m\n","name":"/Applications/MAMP/htdocs/wfp-ui-next/src/internal/__tests__/InnerClickListener-test.js","startTime":1604856842477,"status":"failed","summary":""},{"assertionResults":[],"coverage":{},"endTime":1604856842477,"message":"  \u001b[1m● \u001b[22mTest suite failed to run\n\n    Cannot find module 'babel-jest'\n    Require stack:\n    - /Applications/MAMP/htdocs/wfp-ui-next/config/jest/jsTransform.js\n    - /Applications/MAMP/htdocs/wfp-ui-next/node_modules/@jest/transform/build/ScriptTransformer.js\n    - /Applications/MAMP/htdocs/wfp-ui-next/node_modules/@jest/transform/build/index.js\n    - /Applications/MAMP/htdocs/wfp-ui-next/node_modules/jest-runtime/build/index.js\n    - /Applications/MAMP/htdocs/wfp-ui-next/node_modules/jest-runner/build/testWorker.js\n    - /Applications/MAMP/htdocs/wfp-ui-next/node_modules/jest-worker/build/workers/processChild.js\n\n    \u001b[0m \u001b[90m 1 | \u001b[39m\u001b[32m'use strict'\u001b[39m\u001b[33m;\u001b[39m\u001b[0m\n    \u001b[0m \u001b[90m 2 | \u001b[39m\u001b[0m\n    \u001b[0m\u001b[31m\u001b[1m>\u001b[22m\u001b[39m\u001b[90m 3 | \u001b[39m\u001b[36mconst\u001b[39m { cre
[...]
 Cannot find module 'babel-jest'\n    Require stack:\n    - /Applications/MAMP/htdocs/wfp-ui-next/config/jest/jsTransform.js\n    - /Applications/MAMP/htdocs/wfp-ui-next/node_modules/@jest/transform/build/ScriptTransformer.js\n    - /Applications/MAMP/htdocs/wfp-ui-next/node_modules/@jest/transform/build/index.js\n    - /Applications/MAMP/htdocs/wfp-ui-next/node_modules/jest-runtime/build/index.js\n    - /Applications/MAMP/htdocs/wfp-ui-next/node_modules/jest-runner/build/testWorker.js\n    - /Applications/MAMP/htdocs/wfp-ui-next/node_modules/jest-worker/build/workers/processChild.js\n\n    \u001b[0m \u001b[90m 1 | \u001b[39m\u001b[32m'use strict'\u001b[39m\u001b[33m;\u001b[39m\u001b[0m\n    \u001b[0m \u001b[90m 2 | \u001b[39m\u001b[0m\n    \u001b[0m\u001b[31m\u001b[1m>\u001b[22m\u001b[39m\u001b[90m 3 | \u001b[39m\u001b[36mconst\u001b[39m { createTransformer } \u001b[33m=\u001b[39m require(\u001b[32m'babel-jest'\u001b[39m)\u001b[33m;\u001b[39m\u001b[0m\n    \u001b[0m \u001b[90m   | \u001b[39m                              \u001b[31m\u001b[1m^\u001b[22m\u001b[39m\u001b[0m\n    \u001b[0m \u001b[90m 4 | \u001b[39m\u001b[36mconst\u001b[39m packageJson \u001b[33m=\u001b[39m require(\u001b[32m'../../package.json'\u001b[39m)\u001b[33m;\u001b[39m\u001b[0m\n    \u001b[0m \u001b[90m 5 | \u001b[39m\u001b[0m\n    \u001b[0m \u001b[90m 6 | \u001b[39m\u001b[90m// This is a custom Jest transformer that process *.js files\u001b[39m\u001b[0m\n\n      \u001b[2mat Object.<anonymous> (\u001b[22mconfig/jest/jsTransform.js\u001b[2m:3:31)\u001b[22m\n","name":"/Applications/MAMP/htdocs/wfp-ui-next/src/components/User/User-test.js","startTime":1604856842477,"status":"failed","summary":""},{"assertionResults":[],"coverage":{},"endTime":1604856842477,"message":"  \u001b[1m● \u001b[22mTest suite failed to run\n\n    Cannot find module 'babel-jest'\n    Require stack:\n    - /Applications/MAMP/htdocs/wfp-ui-next/config/jest/jsTransform.js\n    - /Applications/MAMP/htdocs/wfp-ui-next/node_modules/@jest/transform/build/ScriptTransformer.js\n    - /Applications/MAMP/htdocs/wfp-ui-next/node_modules/@jest/transform/build/index.js\n    - /Applications/MAMP/htdocs/wfp-ui-next/node_modules/jest-runtime/build/index.js\n    - /Applications/MAMP/htdocs/wfp-ui-next/node_modules/jest-runner/build/testWorker.js\n    - /Applications/MAMP/htdocs/wfp-ui-next/node_modules/jest-worker/build/workers/processChild.js\n\n    \u001b[0m \u001b[90m 1 | \u001b[39m\u001b[32m'use strict'\u001b[39m\u001b[33m;\u001b[39m\u001b[0m\n    \u001b[0m \u001b[90m 2 | \u001b[39m\u001b[0m\n    \u001b[0m\u001b[31m\u001b[1m>\u001b[22m\u001b[39m\u001b[90m 3 | \u001b[39m\u001b[36mconst\u001b[39m { createTransformer } \u001b[33m=\u001b[39m require(\u001b[32m'babel-jest'\u001b[39m)\u001b[33m;\u001b[39m\u001b[0m\n    \u001b[0m \u001b[90m   | \u001b[39m                              \u001b[31m\u001b[1m^\u001b[22m\u001b[39m\u001b[0m\n    \u001b[0m \u001b[90m 4 | \u001b[39m\u001b[36mconst\u001b[39m packageJson \u001b[33m=\u001b[39m require(\u001b[32m'../../package.json'\u001b[39m)\u001b[33m;\u001b[39m\u001b[0m\n    \u001b[0m \u001b[90m 5 | \u001b[39m\u001b[0m\n    \u001b[0m \u001b[90m 6 | \u001b[39m\u001b[90m// This is a custom Jest transformer that process *.js files\u001b[39m\u001b[0m\n\n      \u001b[2mat Object.<anonymous> (\u001b[22mconfig/jest/jsTransform.js\u001b[2m:3:31)\u001b[22m\n","name":"/Applications/MAMP/htdocs/wfp-ui-next/src/components/FormItem/FormItem-test.js","startTime":1604856842477,"status":"failed","summary":""},{"assertionResults":[],"coverage":{},"endTime":1604856842477,"message":"  \u001b[1m● \u001b[22mTest suite failed to run\n\n    Cannot find module 'babel-jest'\n    Require stack:\n    - /Applications/MAMP/htdocs/wfp-ui-next/config/jest/jsTransform.js\n    - /Applications/MAMP/htdocs/wfp-ui-next/node_modules/@jest/transform/build/ScriptTransformer.js\n    - /Applications/MAMP/htdocs/wfp-ui-next/node_modules/@jest/transform/build/index.js\n    - /Applications/MAMP/htdocs/wfp-ui-next/node_modules/jest-runtime/build/index.js\n    - /Applications/MAMP/htdocs/wfp-ui-next/node_modules/jest-runner/build/testWorker.js\n    - /Applications/MAMP/htdocs/wfp-ui-next/node_modules/jest-worker/build/workers/processChild.js\n\n    \u001b[0m \u001b[90m 1 | \u001b[39m\u001b[32m'use strict'\u001b[39m\u001b[33m;\u001b[39m\u001b[0m\n    \u001b[0m \u001b[90m 2 | \u001b[39m\u001b[0m\n    \u001b[0m\u001b[31m\u001b[1m>\u001b[22m\u001b[39m\u001b[90m 3 | \u001b[39m\u001b[36mconst\u001b[39m { createTransformer } \u001b[33m=\u001b[39m require(\u001b[32m'babel-jest'\u001b[39m)\u001b[33m;\u001b[39m\u001b[0m\n    \u001b[0m \u001b[90m   | \u001b[39m                              \u001b[31m\u001b[1m^\u001b[22m\u001b[39m\u001b[0m\n    \u001b[0m \u001b[90m 4 | \u001b[39m\u001b[36mconst\u001b[39m packageJson \u001b[33m=\u001b[39m require(\u001b[32m'../../package.json'\u001b[39m)\u001b[33m;\u001b[39m\u001b[0m\n    \u001b[0m \u001b[90m 5 | \u001b[39m\u001b[0m\n    \u001b[0m \u001b[90m 6 | \u001b[39m\u001b[90m// This is a custom Jest transformer that process *.js files\u001b[39m\u001b[0m\n\n      \u001b[2mat Object.<anonymous> (\u001b[22mconfig/jest/jsTransform.js\u001b[2m:3:31)\u001b[22m\n","name":"/Applications/MAMP/htdocs/wfp-ui-next/src/tools/__tests__/array-test.js","startTime":1604856842477,"status":"failed","summary":""},{"assertionResults":[],"coverage":{},"endTime":1604856842477,"message":"  \u001b[1m● \u001b[22mTest suite failed to run\n\n    Cannot find module 'babel-jest'\n    Require stack:\n    - /Applications/MAMP/htdocs/wfp-ui-next/config/jest/jsTransform.js\n    - /Applications/MAMP/htdocs/wfp-ui-next/node_modules/@jest/transform/build/ScriptTransformer.js\n    - /Applications/MAMP/htdocs/wfp-ui-next/node_modules/@jest/transform/build/index.js\n    - /Applications/MAMP/htdocs/wfp-ui-next/node_modules/jest-runtime/build/index.js\n    - /Applications/MAMP/htdocs/wfp-ui-next/node_modules/jest-runner/build/testWorker.js\n    - /Applications/MAMP/htdocs/wfp-ui-next/node_modules/jest-worker/build/workers/processChild.js\n\n    \u001b[0m \u001b[90m 1 | \u001b[39m\u001b[32m'use strict'\u001b[39m\u001b[33m;\u001b[39m\u001b[0m\n    \u001b[0m \u001b[90m 2 | \u001b[39m\u001b[0m\n    \u001b[0m\u001b[31m\u001b[1m>\u001b[22m\u001b[39m\u001b[90m 3 | \u001b[39m\u001b[36mconst\u001b[39m { createTransformer } \u001b[33m=\u001b[39m require(\u001b[32m'babel-jest'\u001b[39m)\u001b[33m;\u001b[39m\u001b[0m\n    \u001b[0m \u001b[90m   | \u001b[39m                              \u001b[31m\u001b[1m^\u001b[22m\u001b[39m\u001b[0m\n    \u001b[0m \u001b[90m 4 | \u001b[39m\u001b[36mconst\u001b[39m packageJson \u001b[33m=\u001b[39m require(\u001b[32m'../../package.json'\u001b[39m)\u001b[33m;\u001b[39m\u001b[0m\n    \u001b[0m \u001b[90m 5 | \u001b[39m\u001b[0m\n    \u001b[0m \u001b[90m 6 | \u001b[39m\u001b[90m// This is a custom Jest transformer that process *.js files\u001b[39m\u001b[0m\n\n      \u001b[2mat Object.<anonymous> (\u001b[22mconfig/jest/jsTransform.js\u001b[2m:3:31)\u001b[22m\n","name":"/Applications/MAMP/htdocs/wfp-ui-next/src/components/ReadMore/ReadMore-test.js","startTime":1604856842477,"status":"failed","summary":""},{"assertionResults":[],"coverage":{},"endTime":1604856842477,"message":"  \u001b[1m● \u001b[22mTest suite failed to run\n\n    Cannot find module 'babel-jest'\n    Require stack:\n    - /Applications/MAMP/htdocs/wfp-ui-next/config/jest/jsTransform.js\n    - /Applications/MAMP/htdocs/wfp-ui-next/node_modules/@jest/transform/build/ScriptTransformer.js\n    - /Applications/MAMP/htdocs/wfp-ui-next/node_modules/@jest/transform/build/index.js\n    - /Applications/MAMP/htdocs/wfp-ui-next/node_modules/jest-runtime/build/index.js\n    - /Applications/MAMP/htdocs/wfp-ui-next/node_modules/jest-runner/build/testWorker.js\n    - /Applications/MAMP/htdocs/wfp-ui-next/node_modules/jest-worker/build/workers/processChild.js\n\n    \u001b[0m \u001b[90m 1 | \u001b[39m\u001b[32m'use strict'\u001b[39m\u001b[33m;\u001b[39m\u001b[0m\n    \u001b[0m \u001b[90m 2 | \u001b[39m\u001b[0m\n    \u001b[0m\u001b[31m\u001b[1m>\u001b[22m\u001b[39m\u001b[90m 3 | \u001b[39m\u001b[36mconst\u001b[39m { createTransformer } \u001b[33m=\u001b[39m require(\u001b[32m'babel-jest'\u001b[39m)\u001b[33m;\u001b[39m\u001b[0m\n    \u001b[0m \u001b[90m   | \u001b[39m                              \u001b[31m\u001b[1m^\u001b[22m\u001b[39m\u001b[0m\n    \u001b[0m \u001b[90m 4 | \u001b[39m\u001b[36mconst\u001b[39m packageJson \u001b[33m=\u001b[39m require(\u001b[32m'../../package.json'\u001b[39m)\u001b[33m;\u001b[39m\u001b[0m\n    \u001b[0m \u001b[90m 5 | \u001b[39m\u001b[0m\n    \u001b[0m \u001b[90m 6 | \u001b[39m\u001b[90m// This is a custom Jest transformer that process *.js files\u001b[39m\u001b[0m\n\n      \u001b[2mat Object.<anonymous> (\u001b[22mconfig/jest/jsTransform.js\u001b[2m:3:31)\u001b[22m\n","name":"/Applications/MAMP/htdocs/wfp-ui-next/src/prop-types/tools/__tests__/getDisplayName-test.js","startTime":1604856842477,"status":"failed","summary":""},{"assertionResults":[],"coverage":{},"endTime":1604856842477,"message":"  \u001b[1m● \u001b[22mTest suite failed to run\n\n    Cannot find module 'babel-jest'\n    Require stack:\n    - /Applications/MAMP/htdocs/wfp-ui-next/config/jest/jsTransform.js\n    - /Applications/MAMP/htdocs/wfp-ui-next/node_modules/@jest/transform/build/ScriptTransformer.js\n    - /Applications/MAMP/htdocs/wfp-ui-next/node_modules/@jest/transform/build/index.js\n    - /Applications/MAMP/htdocs/wfp-ui-next/node_modules/jest-runtime/build/index.js\n    - /Applications/MAMP/htdocs/wfp-ui-next/node_modules/jest-runner/build/testWorker.js\n    - /Applications/MAMP/htdocs/wfp-ui-next/node_modules/jest-worker/build/workers/processChild.js\n\n    \u001b[0m \u001b[90m 1 | \u001b[39m\u001b[32m'use strict'\u001b[39m\u001b[33m;\u001b[39m\u001b[0m\n    \u001b[0m \u001b[90m 2 | \u001b[39m\u001b[0m\n    \u001b[0m\u001b[31m\u001b[1m>\u001b[22m\u001b[39m\u001b[90m 3 | \u001b[39m\u001b[36mconst\u001b[39m { createTransformer } \u001b[33m=\u001b[39m require(\u001b[32m'babel-jest'\u001b[39m)\u001b[33m;\u001b[39m\u001b[0m\n    \u001b[0m \u001b[90m   | \u001b[39m                              \u001b[31m\u001b[1m^\u001b[22m\u001b[39m\u001b[0m\n    \u001b[0m \u001b[90m 4 | \u001b[39m\u001b[36mconst\u001b[39m packageJson \u001b[33m=\u001b[39m require(\u001b[32m'../../package.json'\u001b[39m)\u001b[33m;\u001b[39m\u001b[0m\n    \u001b[0m \u001b[90m 5 | \u001b[39m\u001b[0m\n    \u001b[0m \u001b[90m 6 | \u001b[39m\u001b[90m// This is a custom Jest transformer that process *.js files\u001b[39m\u001b[0m\n\n      \u001b[2mat Object.<anonymous> (\u001b[22mconfig/jest/jsTransform.js\u001b[2m:3:31)\u001b[22m\n","name":"/Applications/MAMP/htdocs/wfp-ui-next/src/tools/__tests__/uniqueId-test.js","startTime":1604856842477,"status":"failed","summary":""},{"assertionResults":[],"coverage":{},"endTime":1604856842477,"message":"  \u001b[1m● \u001b[22mTest suite failed to run\n\n    Cannot find module 'babel-jest'\n    Require stack:\n    - /Applications/MAMP/htdocs/wfp-ui-next/config/jest/jsTransform.js\n    - /Applications/MAMP/htdocs/wfp-ui-next/node_modules/@jest/transform/build/ScriptTransformer.js\n    - /Applications/MAMP/htdocs/wfp-ui-next/node_modules/@jest/transform/build/index.js\n    - /Applications/MAMP/htdocs/wfp-ui-next/node_modules/jest-runtime/build/index.js\n    - /Applications/MAMP/htdocs/wfp-ui-next/node_modules/jest-runner/build/testWorker.js\n    - /Applications/MAMP/htdocs/wfp-ui-next/node_modules/jest-worker/build/workers/processChild.js\n\n    \u001b[0m \u001b[90m 1 | \u001b[39m\u001b[32m'use strict'\u001b[39m\u001b[33m;\u001b[39m\u001b[0m\n    \u001b[0m \u001b[90m 2 | \u001b[39m\u001b[0m\n    \u001b[0m\u001b[31m\u001b[1m>\u001b[22m\u001b[39m\u001b[90m 3 | \u001b[39m\u001b[36mconst\u001b[39m { createTransformer } \u001b[33m=\u001b[39m require(\u001b[32m'babel-jest'\u001b[39m)\u001b[33m;\u001b[39m\u001b[0m\n    \u001b[0m \u001b[90m   | \u001b[39m                              \u001b[31m\u001b[1m^\u001b[22m\u001b[39m\u001b[0m\n    \u001b[0m \u001b[90m 4 | \u001b[39m\u001b[36mconst\u001b[39m packageJson \u001b[33m=\u001b[39m require(\u001b[32m'../../package.json'\u001b[39m)\u001b[33m;\u001b[39m\u001b[0m\n    \u001b[0m \u001b[90m 5 | \u001b[39m\u001b[0m\n    \u001b[0m \u001b[90m 6 | \u001b[39m\u001b[90m// This is a custom Jest transformer that process *.js files\u001b[39m\u001b[0m\n\n      \u001b[2mat Object.<anonymous> (\u001b[22mconfig/jest/jsTransform.js\u001b[2m:3:31)\u001b[22m\n","name":"/Applications/MAMP/htdocs/wfp-ui-next/src/components/CheckboxGroup/RadioButtonGroup-test.js","startTime":1604856842477,"status":"failed","summary":""},{"assertionResults":[],"coverage":{},"endTime":1604856842477,"message":"  \u001b[1m● \u001b[22mTest suite failed to run\n\n    Cannot find module 'babel-jest'\n    Require stack:\n    - /Applications/MAMP/htdocs/wfp-ui-next/config/jest/jsTransform.js\n    - /Applications/MAMP/htdocs/wfp-ui-next/node_modules/@jest/transform/build/ScriptTransformer.js\n    - /Applications/MAMP/htdocs/wfp-ui-next/node_modules/@jest/transform/build/index.js\n    - /Applications/MAMP/htdocs/wfp-ui-next/node_modules/jest-runtime/build/index.js\n    - /Applications/MAMP/htdocs/wfp-ui-next/node_modules/jest-runner/build/testWorker.js\n    - /Applications/MAMP/htdocs/wfp-ui-next/node_modules/jest-worker/build/workers/processChild.js\n\n    \u001b[0m \u001b[90m 1 | \u001b[39m\u001b[32m'use strict'\u001b[39m\u001b[33m;\u001b[39m\u001b[0m\n    \u001b[0m \u001b[90m 2 | \u001b[39m\u001b[0m\n    \u001b[0m\u001b[31m\u001b[1m>\u001b[22m\u001b[39m\u001b[90m 3 | \u001b[39m\u001b[36mconst\u001b[39m { createTransformer } \u001b[33m=\u001b[39m require(\u001b[32m'babel-jest'\u001b[39m)\u001b[33m;\u001b[39m\u001b[0m\n    \u001b[0m \u001b[90m   | \u001b[39m                              \u001b[31m\u001b[1m^\u001b[22m\u001b[39m\u001b[0m\n    \u001b[0m \u001b[90m 4 | \u001b[39m\u001b[36mconst\u001b[39m packageJson \u001b[33m=\u001b[39m require(\u001b[32m'../../package.json'\u001b[39m)\u001b[33m;\u001b[39m\u001b[0m\n    \u001b[0m \u001b[90m 5 | \u001b[39m\u001b[0m\n    \u001b[0m \u001b[90m 6 | \u001b[39m\u001b[90m// This is a custom Jest transformer that process *.js files\u001b[39m\u001b[0m\n\n      \u001b[2mat Object.<anonymous> (\u001b[22mconfig/jest/jsTransform.js\u001b[2m:3:31)\u001b[22m\n","name":"/Applications/MAMP/htdocs/wfp-ui-next/src/components/InputGroup/InputGroup-test.js","startTime":1604856842477,"status":"failed","summary":""},{"assertionResults":[],"coverage":{},"endTime":1604856842477,"message":"  \u001b[1m● \u001b[22mTest suite failed to run\n\n    Cannot find module 'babel-jest'\n    Require stack:\n    - /Applications/MAMP/htdocs/wfp-ui-next/config/jest/jsTransform.js\n    - /Applications/MAMP/htdocs/wfp-ui-next/node_modules/@jest/transform/build/ScriptTransformer.js\n    - /Applications/MAMP/htdocs/wfp-ui-next/node_modules/@jest/transform/build/index.js\n    - /Applications/MAMP/htdocs/wfp-ui-next/node_modules/jest-runtime/build/index.js\n    - /Applications/MAMP/htdocs/wfp-ui-next/node_modules/jest-runner/build/testWorker.js\n    - /Applications/MAMP/htdocs/wfp-ui-next/node_modules/jest-worker/build/workers/processChild.js\n\n    \u001b[0m \u001b[90m 1 | \u001b[39m\u001b[32m'use strict'\u001b[39m\u001b[33m;\u001b[39m\u001b[0m\n    \u001b[0m \u001b[90m 2 | \u001b[39m\u001b[0m\n    \u001b[0m\u001b[31m\u001b[1m>\u001b[22m\u001b[39m\u001b[90m 3 | \u001b[39m\u001b[36mconst\u001b[39m { createTransformer } \u001b[33m=\u001b[39m require(\u001b[32m'babel-jest'\u001b[39m)\u001b[33m;\u001b[39m\u001b[0m\n    \u001b[0m \u001b[90m   | \u001b[39m                              \u001b[31m\u001b[1m^\u001b[22m\u001b[39m\u001b[0m\n    \u001b[0m \u001b[90m 4 | \u001b[39m\u001b[36mconst\u001b[39m packageJson \u001b[33m=\u001b[39m require(\u001b[32m'../../package.json'\u001b[39m)\u001b[33m;\u001b[39m\u001b[0m\n    \u001b[0m \u001b[90m 5 | \u001b[39m\u001b[0m\n    \u001b[0m \u001b[90m 6 | \u001b[39m\u001b[90m// This is a custom Jest transformer that process *.js files\u001b[39m\u001b[0m\n\n      \u001b[2mat Object.<anonymous> (\u001b[22mconfig/jest/jsTransform.js\u001b[2m:3:31)\u001b[22m\n","name":"/Applications/MAMP/htdocs/wfp-ui-next/src/components/TextInput/TextInput-test.js","startTime":1604856842477,"status":"failed","summary":""},{"assertionResults":[],"coverage":{},"endTime":1604856842477,"message":"  \u001b[1m● \u001b[22mTest suite failed to run\n\n    Cannot find module 'babel-jest'\n    Require stack:\n    - /Applications/MAMP/htdocs/wfp-ui-next/config/jest/jsTransform.js\n    - /Applications/MAMP/htdocs/wfp-ui-next/node_modules/@jest/transform/build/ScriptTransformer.js\n    - /Applications/MAMP/htdocs/wfp-ui-next/node_modules/@jest/transform/build/index.js\n    - /Applications/MAMP/htdocs/wfp-ui-next/node_modules/jest-runtime/build/index.js\n    - /Applications/MAMP/htdocs/wfp-ui-next/node_modules/jest-runner/build/testWorker.js\n    - /Applications/MAMP/htdocs/wfp-ui-next/node_modules/jest-worker/build/workers/processChild.js\n\n    \u001b[0m \u001b[90m 1 | \u001b[39m\u001b[32m'use strict'\u001b[39m\u001b[33m;\u001b[39m\u001b[0m\n    \u001b[0m \u001b[90m 2 | \u001b[39m\u001b[0m\n    \u001b[0m\u001b[31m\u001b[1m>\u001b[22m\u001b[39m\u001b[90m 3 | \u001b[39m\u001b[36mconst\u001b[39m { createTransformer } \u001b[33m=\u001b[39m require(\u001b[32m'babel-jest'\u001b[39m)\u001b[33m;\u001b[39m\u001b[0m\n    \u001b[0m \u001b[90m   | \u001b[39m                              \u001b[31m\u001b[1m^\u001b[22m\u001b[39m\u001b[0m\n    \u001b[0m \u001b[90m 4 | \u001b[39m\u001b[36mconst\u001b[39m packageJson \u001b[33m=\u001b[39m require(\u001b[32m'../../package.json'\u001b[39m)\u001b[33m;\u001b[39m\u001b[0m\n    \u001b[0m \u001b[90m 5 | \u001b[39m\u001b[0m\n    \u001b[0m \u001b[90m 6 | \u001b[39m\u001b[90m// This is a custom Jest transformer that process *.js files\u001b[39m\u001b[0m\n\n      \u001b[2mat Object.<anonymous> (\u001b[22mconfig/jest/jsTransform.js\u001b[2m:3:31)\u001b[22m\n","name":"/Applications/MAMP/htdocs/wfp-ui-next/src/components/Pagination/Pagination-test.js","startTime":1604856842477,"status":"failed","summary":""},{"assertionResults":[],"coverage":{},"endTime":1604856842477,"message":"  \u001b[1m● \u001b[22mTest suite failed to run\n\n    Cannot find module 'babel-jest'\n    Require stack:\n    - /Applications/MAMP/htdocs/wfp-ui-next/config/jest/jsTransform.js\n    - /Applications/MAMP/htdocs/wfp-ui-next/node_modules/@jest/transform/build/ScriptTransformer.js\n    - /Applications/MAMP/htdocs/wfp-ui-next/node_modules/@jest/transform/build/index.js\n    - /Applications/MAMP/htdocs/wfp-ui-next/node_modules/jest-runtime/build/index.js\n    - /Applications/MAMP/htdocs/wfp-ui-next/node_modules/jest-runner/build/testWorker.js\n    - /Applications/MAMP/htdocs/wfp-ui-next/node_modules/jest-worker/build/workers/processChild.js\n\n    \u001b[0m \u001b[90m 1 | \u001b[39m\u001b[32m'use strict'\u001b[39m\u001b[33m;\u001b[39m\u001b[0m\n    \u001b[0m \u001b[90m 2 | \u001b[39m\u001b[0m\n    \u001b[0m\u001b[31m\u001b[1m>\u001b[22m\u001b[39m\u001b[90m 3 | \u001b[39m\u001b[36mconst\u001b[39m { createTransformer } \u001b[33m=\u001b[39m require(\u001b[32m'babel-jest'\u001b[39m)\u001b[33m;\u001b[39m\u001b[0m\n    \u001b[0m \u001b[90m   | \u001b[39m                              \u001b[31m\u001b[1m^\u001b[22m\u001b[39m\u001b[0m\n    \u001b[0m \u001b[90m 4 | \u001b[39m\u001b[36mconst\u001b[39m packageJson \u001b[33m=\u001b[39m require(\u001b[32m'../../package.json'\u001b[39m)\u001b[33m;\u001b[39m\u001b[0m\n    \u001b[0m \u001b[90m 5 | \u001b[39m\u001b[0m\n    \u001b[0m \u001b[90m 6 | \u001b[39m\u001b[90m// This is a custom Jest transformer that process *.js files\u001b[39m\u001b[0m\n\n      \u001b[2mat Object.<anonymous> (\u001b[22mconfig/jest/jsTransform.js\u001b[2m:3:31)\u001b[22m\n","name":"/Applications/MAMP/htdocs/wfp-ui-next/src/components/InlineLoading/InlineLoading-test.js","startTime":1604856842477,"status":"failed","summary":""}],"wasInterrupted":false}