{"numFailedTestSuites":8,"numFailedTests":24,"numPassedTestSuites":46,"numPassedTests":598,"numPendingTestSuites":0,"numPendingTests":0,"numRuntimeErrorTestSuites":0,"numTotalTestSuites":54,"numTotalTests":622,"openHandles":[],"snapshot":{"added":0,"didUpdate":false,"failure":true,"filesAdded":0,"filesRemoved":3,"filesUnmatched":1,"filesUpdated":0,"matched":5,"total":6,"unchecked":0,"uncheckedKeysByFile":[],"unmatched":1,"updated":0},"startTime":1545669004525,"success":false,"testResults":[{"assertionResults":[{"ancestorTitles":["Tag","Renders as expected"],"failureMessages":[],"fullName":"Tag Renders as expected should render with the appropriate type","location":null,"status":"passed","title":"should render with the appropriate type"},{"ancestorTitles":["Tag","Renders as expected"],"failureMessages":["Error: \u001b[2mexpect(\u001b[22m\u001b[31mreceived\u001b[39m\u001b[2m).toEqual(\u001b[22m\u001b[32mexpected\u001b[39m\u001b[2m)\u001b[22m\n\nExpected value to equal:\n  \u001b[32m\"IBM\"\u001b[39m\nReceived:\n  \u001b[31m\"\"\u001b[39m\n    at Object.toEqual (/Applications/MAMP/htdocs/wfp-ui-next/src/components/Tag/Tag-test.js:18:26)\n    at Object.asyncJestTest (/Applications/MAMP/htdocs/wfp-ui-next/node_modules/jest-jasmine2/build/jasmine_async.js:108:37)\n    at resolve (/Applications/MAMP/htdocs/wfp-ui-next/node_modules/jest-jasmine2/build/queue_runner.js:56:12)\n    at new Promise (<anonymous>)\n    at mapper (/Applications/MAMP/htdocs/wfp-ui-next/node_modules/jest-jasmine2/build/queue_runner.js:43:19)\n    at promise.then (/Applications/MAMP/htdocs/wfp-ui-next/node_modules/jest-jasmine2/build/queue_runner.js:87:41)\n    at <anonymous>\n    at process._tickCallback (internal/process/next_tick.js:182:7)"],"fullName":"Tag Renders as expected should provide a default label based on the type","location":null,"status":"failed","title":"should provide a default label based on the type"},{"ancestorTitles":["Tag"],"failureMessages":[],"fullName":"Tag should allow for a custom label","location":null,"status":"passed","title":"should allow for a custom label"},{"ancestorTitles":["Tag"],"failureMessages":[],"fullName":"Tag should support extra class names","location":null,"status":"passed","title":"should support extra class names"},{"ancestorTitles":["TagSkeleton","Renders as expected"],"failureMessages":[],"fullName":"TagSkeleton Renders as expected Has the expected classes","location":null,"status":"passed","title":"Has the expected classes"}],"endTime":1545669006829,"message":"\u001b[1m\u001b[31m  \u001b[1m● \u001b[1mTag › Renders as expected › should provide a default label based on the type\u001b[39m\u001b[22m\n\n    \u001b[2mexpect(\u001b[22m\u001b[31mreceived\u001b[39m\u001b[2m).toEqual(\u001b[22m\u001b[32mexpected\u001b[39m\u001b[2m)\u001b[22m\n\n    Expected value to equal:\n      \u001b[32m\"IBM\"\u001b[39m\n    Received:\n      \u001b[31m\"\"\u001b[39m\n\u001b[2m\u001b[22m\n\u001b[2m    \u001b[0m \u001b[90m 16 | \u001b[39m      expect(tag\u001b[33m.\u001b[39mtext())\u001b[33m.\u001b[39mtoEqual(\u001b[32m'Beta'\u001b[39m)\u001b[33m;\u001b[39m\u001b[0m\u001b[22m\n\u001b[2m    \u001b[0m \u001b[90m 17 | \u001b[39m      tag\u001b[33m.\u001b[39msetProps({ type\u001b[33m:\u001b[39m \u001b[32m'ibm'\u001b[39m })\u001b[33m;\u001b[39m\u001b[0m\u001b[22m\n\u001b[2m    \u001b[0m\u001b[31m\u001b[1m>\u001b[2m\u001b[39m\u001b[90m 18 | \u001b[39m      expect(tag\u001b[33m.\u001b[39mtext())\u001b[33m.\u001b[39mtoEqual(\u001b[32m'IBM'\u001b[39m)\u001b[33m;\u001b[39m\u001b[0m\u001b[22m\n\u001b[2m    \u001b[0m \u001b[90m    | \u001b[39m                         \u001b[31m\u001b[1m^\u001b[2m\u001b[39m\u001b[0m\u001b[22m\n\u001b[2m    \u001b[0m \u001b[90m 19 | \u001b[39m    })\u001b[33m;\u001b[39m\u001b[0m\u001b[22m\n\u001b[2m    \u001b[0m \u001b[90m 20 | \u001b[39m  })\u001b[33m;\u001b[39m\u001b[0m\u001b[22m\n\u001b[2m    \u001b[0m \u001b[90m 21 | \u001b[39m\u001b[0m\u001b[22m\n\u001b[2m\u001b[22m\n\u001b[2m      \u001b[2mat Object.toEqual (\u001b[2m\u001b[0m\u001b[36msrc/components/Tag/Tag-test.js\u001b[39m\u001b[0m\u001b[2m:18:26)\u001b[2m\u001b[22m\n","name":"/Applications/MAMP/htdocs/wfp-ui-next/src/components/Tag/Tag-test.js","startTime":1545669006382,"status":"failed","summary":""},{"assertionResults":[{"ancestorTitles":["RadioButton","renders as expected","input"],"failureMessages":[],"fullName":"RadioButton renders as expected input is of type radio","location":null,"status":"passed","title":"is of type radio"},{"ancestorTitles":["RadioButton","renders as expected","input"],"failureMessages":[],"fullName":"RadioButton renders as expected input has the expected class","location":null,"status":"passed","title":"has the expected class"},{"ancestorTitles":["RadioButton","renders as expected","input"],"failureMessages":[],"fullName":"RadioButton renders as expected input has a unique id set by default","location":null,"status":"passed","title":"has a unique id set by default"},{"ancestorTitles":["RadioButton","renders as expected","input"],"failureMessages":[],"fullName":"RadioButton renders as expected input should have checked set when checked is passed","location":null,"status":"passed","title":"should have checked set when checked is passed"},{"ancestorTitles":["RadioButton","renders as expected","input"],"failureMessages":[],"fullName":"RadioButton renders as expected input should set the name prop as expected","location":null,"status":"passed","title":"should set the name prop as expected"},{"ancestorTitles":["RadioButton","renders as expected","label"],"failureMessages":[],"fullName":"RadioButton renders as expected label should set htmlFor","location":null,"status":"passed","title":"should set htmlFor"},{"ancestorTitles":["RadioButton","renders as expected","label"],"failureMessages":[],"fullName":"RadioButton renders as expected label should set the correct class","location":null,"status":"passed","title":"should set the correct class"},{"ancestorTitles":["RadioButton","renders as expected","label"],"failureMessages":[],"fullName":"RadioButton renders as expected label should render a span with the correct class","location":null,"status":"passed","title":"should render a span with the correct class"},{"ancestorTitles":["RadioButton","renders as expected","label"],"failureMessages":[],"fullName":"RadioButton renders as expected label should render label text","location":null,"status":"passed","title":"should render label text"},{"ancestorTitles":["RadioButton","renders as expected","wrapper"],"failureMessages":[],"fullName":"RadioButton renders as expected wrapper should have the correct class","location":null,"status":"passed","title":"should have the correct class"},{"ancestorTitles":["RadioButton","renders as expected","wrapper"],"failureMessages":[],"fullName":"RadioButton renders as expected wrapper should have extra classes applied","location":null,"status":"passed","title":"should have extra classes applied"},{"ancestorTitles":["RadioButton"],"failureMessages":[],"fullName":"RadioButton should set defaultChecked as expected","location":null,"status":"passed","title":"should set defaultChecked as expected"},{"ancestorTitles":["RadioButton"],"failureMessages":[],"fullName":"RadioButton should set id if one is passed in","location":null,"status":"passed","title":"should set id if one is passed in"},{"ancestorTitles":["RadioButton","events"],"failureMessages":[],"fullName":"RadioButton events should invoke onChange with expected arguments","location":null,"status":"passed","title":"should invoke onChange with expected arguments"},{"ancestorTitles":["RadioButtonSkeleton","Renders as expected"],"failureMessages":[],"fullName":"RadioButtonSkeleton Renders as expected Has the expected classes","location":null,"status":"passed","title":"Has the expected classes"}],"endTime":1545669007002,"message":"","name":"/Applications/MAMP/htdocs/wfp-ui-next/src/components/RadioButton/RadioButton-test.js","startTime":1545669006432,"status":"passed","summary":""},{"assertionResults":[{"ancestorTitles":["Tab","renders as expected"],"failureMessages":["Error: \u001b[2mexpect(\u001b[22m\u001b[31mreceived\u001b[39m\u001b[2m).toBe(\u001b[22m\u001b[32mexpected\u001b[39m\u001b[2m) // Object.is equality\u001b[22m\n\nExpected: \u001b[32mtrue\u001b[39m\nReceived: \u001b[31mfalse\u001b[39m\n    at Object.toBe (/Applications/MAMP/htdocs/wfp-ui-next/src/components/Tab/Tab-test.js:11:47)\n    at Object.asyncJestTest (/Applications/MAMP/htdocs/wfp-ui-next/node_modules/jest-jasmine2/build/jasmine_async.js:108:37)\n    at resolve (/Applications/MAMP/htdocs/wfp-ui-next/node_modules/jest-jasmine2/build/queue_runner.js:56:12)\n    at new Promise (<anonymous>)\n    at mapper (/Applications/MAMP/htdocs/wfp-ui-next/node_modules/jest-jasmine2/build/queue_runner.js:43:19)\n    at promise.then (/Applications/MAMP/htdocs/wfp-ui-next/node_modules/jest-jasmine2/build/queue_runner.js:87:41)\n    at <anonymous>\n    at process._tickCallback (internal/process/next_tick.js:182:7)"],"fullName":"Tab renders as expected adds extra classes that are passed via className","location":null,"status":"failed","title":"adds extra classes that are passed via className"},{"ancestorTitles":["Tab","renders as expected"],"failureMessages":[],"fullName":"Tab renders as expected renders <a> with expected className","location":null,"status":"passed","title":"renders <a> with expected className"},{"ancestorTitles":["Tab","renders as expected"],"failureMessages":["Error: \u001b[2mexpect(\u001b[22m\u001b[31mreceived\u001b[39m\u001b[2m).toEqual(\u001b[22m\u001b[32mexpected\u001b[39m\u001b[2m)\u001b[22m\n\nExpected value to equal:\n  \u001b[32m\"presentation\"\u001b[39m\nReceived:\n  \u001b[31mundefined\u001b[39m\n\nDifference:\n\n  Comparing two different types of values. Expected \u001b[32mstring\u001b[39m but received \u001b[31mundefined\u001b[39m.\n    at Object.toEqual (/Applications/MAMP/htdocs/wfp-ui-next/src/components/Tab/Tab-test.js:19:36)\n    at Object.asyncJestTest (/Applications/MAMP/htdocs/wfp-ui-next/node_modules/jest-jasmine2/build/jasmine_async.js:108:37)\n    at resolve (/Applications/MAMP/htdocs/wfp-ui-next/node_modules/jest-jasmine2/build/queue_runner.js:56:12)\n    at new Promise (<anonymous>)\n    at mapper (/Applications/MAMP/htdocs/wfp-ui-next/node_modules/jest-jasmine2/build/queue_runner.js:43:19)\n    at promise.then (/Applications/MAMP/htdocs/wfp-ui-next/node_modules/jest-jasmine2/build/queue_runner.js:87:41)\n    at <anonymous>\n    at process._tickCallback (internal/process/next_tick.js:182:7)"],"fullName":"Tab renders as expected renders <li> with [role=\"presentation\"]","location":null,"status":"failed","title":"renders <li> with [role=\"presentation\"]"},{"ancestorTitles":["Tab","renders as expected"],"failureMessages":[],"fullName":"Tab renders as expected renders <a> with [role=\"tab\"]","location":null,"status":"passed","title":"renders <a> with [role=\"tab\"]"},{"ancestorTitles":["Tab","renders as expected"],"failureMessages":[],"fullName":"Tab renders as expected renders <a> with tabindex set to 0","location":null,"status":"passed","title":"renders <a> with tabindex set to 0"},{"ancestorTitles":["Tab","renders as expected"],"failureMessages":[],"fullName":"Tab renders as expected sets tabIndex on <a> if one is passed via props","location":null,"status":"passed","title":"sets tabIndex on <a> if one is passed via props"},{"ancestorTitles":["Tab","renders as expected"],"failureMessages":[],"fullName":"Tab renders as expected uses label to set children on <a> when passed via props","location":null,"status":"passed","title":"uses label to set children on <a> when passed via props"},{"ancestorTitles":["Tab","renders as expected"],"failureMessages":[],"fullName":"Tab renders as expected sets href as # by default","location":null,"status":"passed","title":"sets href as # by default"},{"ancestorTitles":["Tab","renders as expected"],"failureMessages":[],"fullName":"Tab renders as expected sets new href value when passed in via props","location":null,"status":"passed","title":"sets new href value when passed in via props"},{"ancestorTitles":["Tab","renders as expected"],"failureMessages":[],"fullName":"Tab renders as expected should not have [className=\"wfp--tabs__nav-item--selected\"] by default","location":null,"status":"passed","title":"should not have [className=\"wfp--tabs__nav-item--selected\"] by default"},{"ancestorTitles":["Tab","renders as expected"],"failureMessages":["Error: \u001b[2mexpect(\u001b[22m\u001b[31mreceived\u001b[39m\u001b[2m).toBe(\u001b[22m\u001b[32mexpected\u001b[39m\u001b[2m) // Object.is equality\u001b[22m\n\nExpected: \u001b[32mtrue\u001b[39m\nReceived: \u001b[31mfalse\u001b[39m\n    at Object.toBe (/Applications/MAMP/htdocs/wfp-ui-next/src/components/Tab/Tab-test.js:54:65)\n    at Object.asyncJestTest (/Applications/MAMP/htdocs/wfp-ui-next/node_modules/jest-jasmine2/build/jasmine_async.js:108:37)\n    at resolve (/Applications/MAMP/htdocs/wfp-ui-next/node_modules/jest-jasmine2/build/queue_runner.js:56:12)\n    at new Promise (<anonymous>)\n    at mapper (/Applications/MAMP/htdocs/wfp-ui-next/node_modules/jest-jasmine2/build/queue_runner.js:43:19)\n    at promise.then (/Applications/MAMP/htdocs/wfp-ui-next/node_modules/jest-jasmine2/build/queue_runner.js:87:41)\n    at <anonymous>\n    at process._tickCallback (internal/process/next_tick.js:182:7)"],"fullName":"Tab renders as expected adds [className=\"wfp--tabs__nav-item--selected\"] when selected prop is true","location":null,"status":"failed","title":"adds [className=\"wfp--tabs__nav-item--selected\"] when selected prop is true"},{"ancestorTitles":["Tab","events","click"],"failureMessages":["Error: \u001b[2mexpect(\u001b[22m\u001b[31mjest.fn()\u001b[39m\u001b[2m).toBeCalled(\u001b[22m\u001b[2m)\u001b[22m\n\nExpected mock function to have been called, but it was not called.\n    at Object.toBeCalled (/Applications/MAMP/htdocs/wfp-ui-next/src/components/Tab/Tab-test.js:67:32)\n    at Object.asyncJestTest (/Applications/MAMP/htdocs/wfp-ui-next/node_modules/jest-jasmine2/build/jasmine_async.js:108:37)\n    at resolve (/Applications/MAMP/htdocs/wfp-ui-next/node_modules/jest-jasmine2/build/queue_runner.js:56:12)\n    at new Promise (<anonymous>)\n    at mapper (/Applications/MAMP/htdocs/wfp-ui-next/node_modules/jest-jasmine2/build/queue_runner.js:43:19)\n    at promise.then (/Applications/MAMP/htdocs/wfp-ui-next/node_modules/jest-jasmine2/build/queue_runner.js:87:41)\n    at <anonymous>\n    at process._tickCallback (internal/process/next_tick.js:182:7)"],"fullName":"Tab events click invokes handleTabClick from onClick prop","location":null,"status":"failed","title":"invokes handleTabClick from onClick prop"},{"ancestorTitles":["Tab","events","click"],"failureMessages":["Error: \u001b[2mexpect(\u001b[22m\u001b[31mjest.fn()\u001b[39m\u001b[2m).toBeCalled(\u001b[22m\u001b[2m)\u001b[22m\n\nExpected mock function to have been called, but it was not called.\n    at Object.toBeCalled (/Applications/MAMP/htdocs/wfp-ui-next/src/components/Tab/Tab-test.js:73:25)\n    at Object.asyncJestTest (/Applications/MAMP/htdocs/wfp-ui-next/node_modules/jest-jasmine2/build/jasmine_async.js:108:37)\n    at resolve (/Applications/MAMP/htdocs/wfp-ui-next/node_modules/jest-jasmine2/build/queue_runner.js:56:12)\n    at new Promise (<anonymous>)\n    at mapper (/Applications/MAMP/htdocs/wfp-ui-next/node_modules/jest-jasmine2/build/queue_runner.js:43:19)\n    at promise.then (/Applications/MAMP/htdocs/wfp-ui-next/node_modules/jest-jasmine2/build/queue_runner.js:87:41)\n    at <anonymous>\n    at process._tickCallback (internal/process/next_tick.js:182:7)"],"fullName":"Tab events click invokes onClick when a function is passed to onClick prop","location":null,"status":"failed","title":"invokes onClick when a function is passed to onClick prop"},{"ancestorTitles":["Tab","events","keydown"],"failureMessages":["Error: \u001b[2mexpect(\u001b[22m\u001b[31mjest.fn()\u001b[39m\u001b[2m).toBeCalled(\u001b[22m\u001b[2m)\u001b[22m\n\nExpected mock function to have been called, but it was not called.\n    at Object.toBeCalled (/Applications/MAMP/htdocs/wfp-ui-next/src/components/Tab/Tab-test.js:86:27)\n    at Object.asyncJestTest (/Applications/MAMP/htdocs/wfp-ui-next/node_modules/jest-jasmine2/build/jasmine_async.js:108:37)\n    at resolve (/Applications/MAMP/htdocs/wfp-ui-next/node_modules/jest-jasmine2/build/queue_runner.js:56:12)\n    at new Promise (<anonymous>)\n    at mapper (/Applications/MAMP/htdocs/wfp-ui-next/node_modules/jest-jasmine2/build/queue_runner.js:43:19)\n    at promise.then (/Applications/MAMP/htdocs/wfp-ui-next/node_modules/jest-jasmine2/build/queue_runner.js:87:41)\n    at <anonymous>\n    at process._tickCallback (internal/process/next_tick.js:182:7)"],"fullName":"Tab events keydown invokes onKeyDown when a function is passed to onKeyDown prop","location":null,"status":"failed","title":"invokes onKeyDown when a function is passed to onKeyDown prop"},{"ancestorTitles":["Tab","events","keydown"],"failureMessages":["Error: \u001b[2mexpect(\u001b[22m\u001b[31mjest.fn()\u001b[39m\u001b[2m).toBeCalled(\u001b[22m\u001b[2m)\u001b[22m\n\nExpected mock function to have been called, but it was not called.\n    at Object.toBeCalled (/Applications/MAMP/htdocs/wfp-ui-next/src/components/Tab/Tab-test.js:92:27)\n    at Object.asyncJestTest (/Applications/MAMP/htdocs/wfp-ui-next/node_modules/jest-jasmine2/build/jasmine_async.js:108:37)\n    at resolve (/Applications/MAMP/htdocs/wfp-ui-next/node_modules/jest-jasmine2/build/queue_runner.js:56:12)\n    at new Promise (<anonymous>)\n    at mapper (/Applications/MAMP/htdocs/wfp-ui-next/node_modules/jest-jasmine2/build/queue_runner.js:43:19)\n    at promise.then (/Applications/MAMP/htdocs/wfp-ui-next/node_modules/jest-jasmine2/build/queue_runner.js:87:41)\n    at <anonymous>\n    at process._tickCallback (internal/process/next_tick.js:182:7)"],"fullName":"Tab events keydown invokes handleTabAnchorFocus when onKeyDown occurs for appropriate events","location":null,"status":"failed","title":"invokes handleTabAnchorFocus when onKeyDown occurs for appropriate events"}],"endTime":1545669006944,"message":"\u001b[1m\u001b[31m  \u001b[1m● \u001b[1mTab › renders as expected › adds extra classes that are passed via className\u001b[39m\u001b[22m\n\n    \u001b[2mexpect(\u001b[22m\u001b[31mreceived\u001b[39m\u001b[2m).toBe(\u001b[22m\u001b[32mexpected\u001b[39m\u001b[2m) // Object.is equality\u001b[22m\n\n    Expected: \u001b[32mtrue\u001b[39m\n    Received: \u001b[31mfalse\u001b[39m\n\u001b[2m\u001b[22m\n\u001b[2m    \u001b[0m \u001b[90m  9 | \u001b[39m    it(\u001b[32m'adds extra classes that are passed via className'\u001b[39m\u001b[33m,\u001b[39m () \u001b[33m=>\u001b[39m {\u001b[0m\u001b[22m\n\u001b[2m    \u001b[0m \u001b[90m 10 | \u001b[39m      wrapper\u001b[33m.\u001b[39msetProps({ className\u001b[33m:\u001b[39m \u001b[32m'extra-class'\u001b[39m })\u001b[33m;\u001b[39m\u001b[0m\u001b[22m\n\u001b[2m    \u001b[0m\u001b[31m\u001b[1m>\u001b[2m\u001b[39m\u001b[90m 11 | \u001b[39m      expect(wrapper\u001b[33m.\u001b[39mhasClass(\u001b[32m'extra-class'\u001b[39m))\u001b[33m.\u001b[39mtoBe(\u001b[36mtrue\u001b[39m)\u001b[33m;\u001b[39m\u001b[0m\u001b[22m\n\u001b[2m    \u001b[0m \u001b[90m    | \u001b[39m                                              \u001b[31m\u001b[1m^\u001b[2m\u001b[39m\u001b[0m\u001b[22m\n\u001b[2m    \u001b[0m \u001b[90m 12 | \u001b[39m    })\u001b[33m;\u001b[39m\u001b[0m\u001b[22m\n\u001b[2m    \u001b[0m \u001b[90m 13 | \u001b[39m\u001b[0m\u001b[22m\n\u001b[2m    \u001b[0m \u001b[90m 14 | \u001b[39m    it(\u001b[32m'renders <a> with expected className'\u001b[39m\u001b[33m,\u001b[39m () \u001b[33m=>\u001b[39m {\u001b[0m\u001b[22m\n\u001b[2m\u001b[22m\n\u001b[2m      \u001b[2mat Object.toBe (\u001b[2m\u001b[0m\u001b[36msrc/components/Tab/Tab-test.js\u001b[39m\u001b[0m\u001b[2m:11:47)\u001b[2m\u001b[22m\n\n\u001b[1m\u001b[31m  \u001b[1m● \u001b[1mTab › renders as expected › renders <li> with [role=\"presentation\"]\u001b[39m\u001b[22m\n\n    \u001b[2mexpect(\u001b[22m\u001b[31mreceived\u001b[39m\u001b[2m).toEqual(\u001b[22m\u001b[32mexpected\u001b[39m\u001b[2m)\u001b[22m\n\n    Expected value to equal:\n      \u001b[32m\"presentation\"\u001b[39m\n    Received:\n      \u001b[31mundefined\u001b[39m\n\n    Difference:\n\n      Comparing two different types of values. Expected \u001b[32mstring\u001b[39m but received \u001b[31mundefined\u001b[39m.\n\u001b[2m\u001b[22m\n\u001b[2m    \u001b[0m \u001b[90m 17 | \u001b[39m\u001b[0m\u001b[22m\n\u001b[2m    \u001b[0m \u001b[90m 18 | \u001b[39m    it(\u001b[32m'renders <li> with [role=\"presentation\"]'\u001b[39m\u001b[33m,\u001b[39m () \u001b[33m=>\u001b[39m {\u001b[0m\u001b[22m\n\u001b[2m    \u001b[0m\u001b[31m\u001b[1m>\u001b[2m\u001b[39m\u001b[90m 19 | \u001b[39m      expect(wrapper\u001b[33m.\u001b[39mprops()\u001b[33m.\u001b[39mrole)\u001b[33m.\u001b[39mtoEqual(\u001b[32m'presentation'\u001b[39m)\u001b[33m;\u001b[39m\u001b[0m\u001b[22m\n\u001b[2m    \u001b[0m \u001b[90m    | \u001b[39m                                   \u001b[31m\u001b[1m^\u001b[2m\u001b[39m\u001b[0m\u001b[22m\n\u001b[2m    \u001b[0m \u001b[90m 20 | \u001b[39m    })\u001b[33m;\u001b[39m\u001b[0m\u001b[22m\n\u001b[2m    \u001b[0m \u001b[90m 21 | \u001b[39m\u001b[0m\u001b[22m\n\u001b[2m    \u001b[0m \u001b[90m 22 | \u001b[39m    it(\u001b[32m'renders <a> with [role=\"tab\"]'\u001b[39m\u001b[33m,\u001b[39m () \u001b[33m=>\u001b[39m {\u001b[0m\u001b[22m\n\u001b[2m\u001b[22m\n\u001b[2m      \u001b[2mat Object.toEqual (\u001b[2m\u001b[0m\u001b[36msrc/components/Tab/Tab-test.js\u001b[39m\u001b[0m\u001b[2m:19:36)\u001b[2m\u001b[22m\n\n\u001b[1m\u001b[31m  \u001b[1m● \u001b[1mTab › renders as expected › adds [className=\"wfp--tabs__nav-item--selected\"] when selected prop is true\u001b[39m\u001b[22m\n\n    \u001b[2mexpect(\u001b[22m\u001b[31mreceived\u001b[39m\u001b[2m).toBe(\u001b[22m\u001b[32mexpected\u001b[39m\u001b[2m) // Object.is equality\u001b[22m\n\n    Expected: \u001b[32mtrue\u001b[39m\n    Received: \u001b[31mfalse\u001b[39m\n\u001b[2m\u001b[22m\n\u001b[2m    \u001b[0m \u001b[90m 52 | \u001b[39m    it(\u001b[32m'adds [className=\"wfp--tabs__nav-item--selected\"] when selected prop is true'\u001b[39m\u001b[33m,\u001b[39m () \u001b[33m=>\u001b[39m {\u001b[0m\u001b[22m\n\u001b[2m    \u001b[0m \u001b[90m 53 | \u001b[39m      wrapper\u001b[33m.\u001b[39msetProps({ selected\u001b[33m:\u001b[39m \u001b[36mtrue\u001b[39m })\u001b[33m;\u001b[39m\u001b[0m\u001b[22m\n\u001b[2m    \u001b[0m\u001b[31m\u001b[1m>\u001b[2m\u001b[39m\u001b[90m 54 | \u001b[39m      expect(wrapper\u001b[33m.\u001b[39mhasClass(\u001b[32m'wfp--tabs__nav-item--selected'\u001b[39m))\u001b[33m.\u001b[39mtoBe(\u001b[36mtrue\u001b[39m)\u001b[33m;\u001b[39m\u001b[0m\u001b[22m\n\u001b[2m    \u001b[0m \u001b[90m    | \u001b[39m                                                                \u001b[31m\u001b[1m^\u001b[2m\u001b[39m\u001b[0m\u001b[22m\n\u001b[2m    \u001b[0m \u001b[90m 55 | \u001b[39m    })\u001b[33m;\u001b[39m\u001b[0m\u001b[22m\n\u001b[2m    \u001b[0m \u001b[90m 56 | \u001b[39m  })\u001b[33m;\u001b[39m\u001b[0m\u001b[22m\n\u001b[2m    \u001b[0m \u001b[90m 57 | \u001b[39m\u001b[0m\u001b[22m\n\u001b[2m\u001b[22m\n\u001b[2m      \u001b[2mat Object.toBe (\u001b[2m\u001b[0m\u001b[36msrc/components/Tab/Tab-test.js\u001b[39m\u001b[0m\u001b[2m:54:65)\u001b[2m\u001b[22m\n\n\u001b[1m\u001b[31m  \u001b[1m● \u001b[1mTab › events › click › invokes handleTabClick from onClick prop\u001b[39m\u001b[22m\n\n    \u001b[2mexpect(\u001b[22m\u001b[31mjest.fn()\u001b[39m\u001b[2m).toBeCalled(\u001b[22m\u001b[2m)\u001b[22m\n\n    Expected mock function to have been called, but it was not called.\n\u001b[2m\u001b[22m\n\u001b[2m    \u001b[0m \u001b[90m 65 | \u001b[39m        wrapper\u001b[33m.\u001b[39msetProps({ handleTabClick })\u001b[33m;\u001b[39m\u001b[0m\u001b[22m\n\u001b[2m    \u001b[0m \u001b[90m 66 | \u001b[39m        wrapper\u001b[33m.\u001b[39msimulate(\u001b[32m'click'\u001b[39m)\u001b[33m;\u001b[39m\u001b[0m\u001b[22m\n\u001b[2m    \u001b[0m\u001b[31m\u001b[1m>\u001b[2m\u001b[39m\u001b[90m 67 | \u001b[39m        expect(handleTabClick)\u001b[33m.\u001b[39mtoBeCalled()\u001b[33m;\u001b[39m\u001b[0m\u001b[22m\n\u001b[2m    \u001b[0m \u001b[90m    | \u001b[39m                               \u001b[31m\u001b[1m^\u001b[2m\u001b[39m\u001b[0m\u001b[22m\n\u001b[2m    \u001b[0m \u001b[90m 68 | \u001b[39m      })\u001b[33m;\u001b[39m\u001b[0m\u001b[22m\n\u001b[2m    \u001b[0m \u001b[90m 69 | \u001b[39m\u001b[0m\u001b[22m\n\u001b[2m    \u001b[0m \u001b[90m 70 | \u001b[39m      it(\u001b[32m'invokes onClick when a function is passed to onClick prop'\u001b[39m\u001b[33m,\u001b[39m () \u001b[33m=>\u001b[39m {\u001b[0m\u001b[22m\n\u001b[2m\u001b[22m\n\u001b[2m      \u001b[2mat Object.toBeCalled (\u001b[2m\u001b[0m\u001b[36msrc/components/Tab/Tab-test.js\u001b[39m\u001b[0m\u001b[2m:67:32)\u001b[2m\u001b[22m\n\n\u001b[1m\u001b[31m  \u001b[1m● \u001b[1mTab › events › click › invokes onClick when a function is passed to onClick prop\u001b[39m\u001b[22m\n\n    \u001b[2mexpect(\u001b[22m\u001b[31mjest.fn()\u001b[39m\u001b[2m).toBeCalled(\u001b[22m\u001b[2m)\u001b[22m\n\n    Expected mock function to have been called, but it was not called.\n\u001b[2m\u001b[22m\n\u001b[2m    \u001b[0m \u001b[90m 71 | \u001b[39m        wrapper\u001b[33m.\u001b[39msetProps({ onClick })\u001b[33m;\u001b[39m\u001b[0m\u001b[22m\n\u001b[2m    \u001b[0m \u001b[90m 72 | \u001b[39m        wrapper\u001b[33m.\u001b[39msimulate(\u001b[32m'click'\u001b[39m)\u001b[33m;\u001b[39m\u001b[0m\u001b[22m\n\u001b[2m    \u001b[0m\u001b[31m\u001b[1m>\u001b[2m\u001b[39m\u001b[90m 73 | \u001b[39m        expect(onClick)\u001b[33m.\u001b[39mtoBeCalled()\u001b[33m;\u001b[39m\u001b[0m\u001b[22m\n\u001b[2m    \u001b[0m \u001b[90m    | \u001b[39m                        \u001b[31m\u001b[1m^\u001b[2m\u001b[39m\u001b[0m\u001b[22m\n\u001b[2m    \u001b[0m \u001b[90m 74 | \u001b[39m      })\u001b[33m;\u001b[39m\u001b[0m\u001b[22m\n\u001b[2m    \u001b[0m \u001b[90m 75 | \u001b[39m    })\u001b[33m;\u001b[39m\u001b[0m\u001b[22m\n\u001b[2m    \u001b[0m \u001b[90m 76 | \u001b[39m\u001b[0m\u001b[22m\n\u001b[2m\u001b[22m\n\u001b[2m      \u001b[2mat Object.toBeCalled (\u001b[2m\u001b[0m\u001b[36msrc/components/Tab/Tab-test.js\u001b[39m\u001b[0m\u001b[2m:73:25)\u001b[2m\u001b[22m\n\n\u001b[1m\u001b[31m  \u001b[1m● \u001b[1mTab › events › keydown › invokes onKeyDown when a function is passed to onKeyDown prop\u001b[39m\u001b[22m\n\n    \u001b[2mexpect(\u001b[22m\u001b[31mjest.fn()\u001b[39m\u001b[2m).toBeCalled(\u001b[22m\u001b[2m)\u001b[22m\n\n    Expected mock function to have been called, but it was not called.\n\u001b[2m\u001b[22m\n\u001b[2m    \u001b[0m \u001b[90m 84 | \u001b[39m      it(\u001b[32m'invokes onKeyDown when a function is passed to onKeyDown prop'\u001b[39m\u001b[33m,\u001b[39m () \u001b[33m=>\u001b[39m {\u001b[0m\u001b[22m\n\u001b[2m    \u001b[0m \u001b[90m 85 | \u001b[39m        wrapper\u001b[33m.\u001b[39msimulate(\u001b[32m'keyDown'\u001b[39m\u001b[33m,\u001b[39m { which\u001b[33m:\u001b[39m \u001b[35m38\u001b[39m })\u001b[33m;\u001b[39m\u001b[0m\u001b[22m\n\u001b[2m    \u001b[0m\u001b[31m\u001b[1m>\u001b[2m\u001b[39m\u001b[90m 86 | \u001b[39m        expect(onKeyDown)\u001b[33m.\u001b[39mtoBeCalled()\u001b[33m;\u001b[39m\u001b[0m\u001b[22m\n\u001b[2m    \u001b[0m \u001b[90m    | \u001b[39m                          \u001b[31m\u001b[1m^\u001b[2m\u001b[39m\u001b[0m\u001b[22m\n\u001b[2m    \u001b[0m \u001b[90m 87 | \u001b[39m        expect(handleTabAnchorFocus)\u001b[33m.\u001b[39mnot\u001b[33m.\u001b[39mtoBeCalled()\u001b[33m;\u001b[39m\u001b[0m\u001b[22m\n\u001b[2m    \u001b[0m \u001b[90m 88 | \u001b[39m      })\u001b[33m;\u001b[39m\u001b[0m\u001b[22m\n\u001b[2m    \u001b[0m \u001b[90m 89 | \u001b[39m\u001b[0m\u001b[22m\n\u001b[2m\u001b[22m\n\u001b[2m      \u001b[2mat Object.toBeCalled (\u001b[2m\u001b[0m\u001b[36msrc/components/Tab/Tab-test.js\u001b[39m\u001b[0m\u001b[2m:86:27)\u001b[2m\u001b[22m\n\n\u001b[1m\u001b[31m  \u001b[1m● \u001b[1mTab › events › keydown › invokes handleTabAnchorFocus when onKeyDown occurs for appropriate events\u001b[39m\u001b[22m\n\n    \u001b[2mexpect(\u001b[22m\u001b[31mjest.fn()\u001b[39m\u001b[2m).toBeCalled(\u001b[22m\u001b[2m)\u001b[22m\n\n    Expected mock function to have been called, but it was not called.\n\u001b[2m\u001b[22m\n\u001b[2m    \u001b[0m \u001b[90m 90 | \u001b[39m      it(\u001b[32m'invokes handleTabAnchorFocus when onKeyDown occurs for appropriate events'\u001b[39m\u001b[33m,\u001b[39m () \u001b[33m=>\u001b[39m {\u001b[0m\u001b[22m\n\u001b[2m    \u001b[0m \u001b[90m 91 | \u001b[39m        wrapper\u001b[33m.\u001b[39msimulate(\u001b[32m'keyDown'\u001b[39m\u001b[33m,\u001b[39m { which\u001b[33m:\u001b[39m \u001b[35m37\u001b[39m })\u001b[33m;\u001b[39m\u001b[0m\u001b[22m\n\u001b[2m    \u001b[0m\u001b[31m\u001b[1m>\u001b[2m\u001b[39m\u001b[90m 92 | \u001b[39m        expect(onKeyDown)\u001b[33m.\u001b[39mtoBeCalled()\u001b[33m;\u001b[39m\u001b[0m\u001b[22m\n\u001b[2m    \u001b[0m \u001b[90m    | \u001b[39m                          \u001b[31m\u001b[1m^\u001b[2m\u001b[39m\u001b[0m\u001b[22m\n\u001b[2m    \u001b[0m \u001b[90m 93 | \u001b[39m        expect(handleTabAnchorFocus)\u001b[33m.\u001b[39mtoBeCalled()\u001b[33m;\u001b[39m\u001b[0m\u001b[22m\n\u001b[2m    \u001b[0m \u001b[90m 94 | \u001b[39m      })\u001b[33m;\u001b[39m\u001b[0m\u001b[22m\n\u001b[2m    \u001b[0m \u001b[90m 95 | \u001b[39m    })\u001b[33m;\u001b[39m\u001b[0m\u001b[22m\n\u001b[2m\u001b[22m\n\u001b[2m      \u001b[2mat Object.toBeCalled (\u001b[2m\u001b[0m\u001b[36msrc/components/Tab/Tab-test.js\u001b[39m\u001b[0m\u001b[2m:92:27)\u001b[2m\u001b[22m\n","name":"/Applications/MAMP/htdocs/wfp-ui-next/src/components/Tab/Tab-test.js","startTime":1545669006379,"status":"failed","summary":""},{"assertionResults":[{"ancestorTitles":["Tab","renders as expected"],"failureMessages":["Error: \u001b[2mexpect(\u001b[22m\u001b[31mreceived\u001b[39m\u001b[2m).toBe(\u001b[22m\u001b[32mexpected\u001b[39m\u001b[2m) // Object.is equality\u001b[22m\n\nExpected: \u001b[32mtrue\u001b[39m\nReceived: \u001b[31mfalse\u001b[39m\n    at Object.toBe (/Applications/MAMP/htdocs/wfp-ui-next/src/components/StepNavigationItem/StepNavigationItem-test.js:11:47)\n    at Object.asyncJestTest (/Applications/MAMP/htdocs/wfp-ui-next/node_modules/jest-jasmine2/build/jasmine_async.js:108:37)\n    at resolve (/Applications/MAMP/htdocs/wfp-ui-next/node_modules/jest-jasmine2/build/queue_runner.js:56:12)\n    at new Promise (<anonymous>)\n    at mapper (/Applications/MAMP/htdocs/wfp-ui-next/node_modules/jest-jasmine2/build/queue_runner.js:43:19)\n    at promise.then (/Applications/MAMP/htdocs/wfp-ui-next/node_modules/jest-jasmine2/build/queue_runner.js:87:41)\n    at <anonymous>\n    at process._tickCallback (internal/process/next_tick.js:182:7)"],"fullName":"Tab renders as expected adds extra classes that are passed via className","location":null,"status":"failed","title":"adds extra classes that are passed via className"},{"ancestorTitles":["Tab","renders as expected"],"failureMessages":[],"fullName":"Tab renders as expected renders <a> with expected className","location":null,"status":"passed","title":"renders <a> with expected className"},{"ancestorTitles":["Tab","renders as expected"],"failureMessages":["Error: \u001b[2mexpect(\u001b[22m\u001b[31mreceived\u001b[39m\u001b[2m).toEqual(\u001b[22m\u001b[32mexpected\u001b[39m\u001b[2m)\u001b[22m\n\nExpected value to equal:\n  \u001b[32m\"presentation\"\u001b[39m\nReceived:\n  \u001b[31mundefined\u001b[39m\n\nDifference:\n\n  Comparing two different types of values. Expected \u001b[32mstring\u001b[39m but received \u001b[31mundefined\u001b[39m.\n    at Object.toEqual (/Applications/MAMP/htdocs/wfp-ui-next/src/components/StepNavigationItem/StepNavigationItem-test.js:19:36)\n    at Object.asyncJestTest (/Applications/MAMP/htdocs/wfp-ui-next/node_modules/jest-jasmine2/build/jasmine_async.js:108:37)\n    at resolve (/Applications/MAMP/htdocs/wfp-ui-next/node_modules/jest-jasmine2/build/queue_runner.js:56:12)\n    at new Promise (<anonymous>)\n    at mapper (/Applications/MAMP/htdocs/wfp-ui-next/node_modules/jest-jasmine2/build/queue_runner.js:43:19)\n    at promise.then (/Applications/MAMP/htdocs/wfp-ui-next/node_modules/jest-jasmine2/build/queue_runner.js:87:41)\n    at <anonymous>\n    at process._tickCallback (internal/process/next_tick.js:182:7)"],"fullName":"Tab renders as expected renders <li> with [role=\"presentation\"]","location":null,"status":"failed","title":"renders <li> with [role=\"presentation\"]"},{"ancestorTitles":["Tab","renders as expected"],"failureMessages":[],"fullName":"Tab renders as expected renders <a> with [role=\"tab\"]","location":null,"status":"passed","title":"renders <a> with [role=\"tab\"]"},{"ancestorTitles":["Tab","renders as expected"],"failureMessages":[],"fullName":"Tab renders as expected renders <a> with tabindex set to 0","location":null,"status":"passed","title":"renders <a> with tabindex set to 0"},{"ancestorTitles":["Tab","renders as expected"],"failureMessages":[],"fullName":"Tab renders as expected sets tabIndex on <a> if one is passed via props","location":null,"status":"passed","title":"sets tabIndex on <a> if one is passed via props"},{"ancestorTitles":["Tab","renders as expected"],"failureMessages":[],"fullName":"Tab renders as expected uses label to set children on <a> when passed via props","location":null,"status":"passed","title":"uses label to set children on <a> when passed via props"},{"ancestorTitles":["Tab","renders as expected"],"failureMessages":[],"fullName":"Tab renders as expected sets href as # by default","location":null,"status":"passed","title":"sets href as # by default"},{"ancestorTitles":["Tab","renders as expected"],"failureMessages":[],"fullName":"Tab renders as expected sets new href value when passed in via props","location":null,"status":"passed","title":"sets new href value when passed in via props"},{"ancestorTitles":["Tab","renders as expected"],"failureMessages":[],"fullName":"Tab renders as expected should not have [className=\"wfp--tabs__nav-item--selected\"] by default","location":null,"status":"passed","title":"should not have [className=\"wfp--tabs__nav-item--selected\"] by default"},{"ancestorTitles":["Tab","renders as expected"],"failureMessages":["Error: \u001b[2mexpect(\u001b[22m\u001b[31mreceived\u001b[39m\u001b[2m).toBe(\u001b[22m\u001b[32mexpected\u001b[39m\u001b[2m) // Object.is equality\u001b[22m\n\nExpected: \u001b[32mtrue\u001b[39m\nReceived: \u001b[31mfalse\u001b[39m\n    at Object.toBe (/Applications/MAMP/htdocs/wfp-ui-next/src/components/StepNavigationItem/StepNavigationItem-test.js:54:65)\n    at Object.asyncJestTest (/Applications/MAMP/htdocs/wfp-ui-next/node_modules/jest-jasmine2/build/jasmine_async.js:108:37)\n    at resolve (/Applications/MAMP/htdocs/wfp-ui-next/node_modules/jest-jasmine2/build/queue_runner.js:56:12)\n    at new Promise (<anonymous>)\n    at mapper (/Applications/MAMP/htdocs/wfp-ui-next/node_modules/jest-jasmine2/build/queue_runner.js:43:19)\n    at promise.then (/Applications/MAMP/htdocs/wfp-ui-next/node_modules/jest-jasmine2/build/queue_runner.js:87:41)\n    at <anonymous>\n    at process._tickCallback (internal/process/next_tick.js:182:7)"],"fullName":"Tab renders as expected adds [className=\"wfp--tabs__nav-item--selected\"] when selected prop is true","location":null,"status":"failed","title":"adds [className=\"wfp--tabs__nav-item--selected\"] when selected prop is true"},{"ancestorTitles":["Tab","events","click"],"failureMessages":["Error: \u001b[2mexpect(\u001b[22m\u001b[31mjest.fn()\u001b[39m\u001b[2m).toBeCalled(\u001b[22m\u001b[2m)\u001b[22m\n\nExpected mock function to have been called, but it was not called.\n    at Object.toBeCalled (/Applications/MAMP/htdocs/wfp-ui-next/src/components/StepNavigationItem/StepNavigationItem-test.js:67:32)\n    at Object.asyncJestTest (/Applications/MAMP/htdocs/wfp-ui-next/node_modules/jest-jasmine2/build/jasmine_async.js:108:37)\n    at resolve (/Applications/MAMP/htdocs/wfp-ui-next/node_modules/jest-jasmine2/build/queue_runner.js:56:12)\n    at new Promise (<anonymous>)\n    at mapper (/Applications/MAMP/htdocs/wfp-ui-next/node_modules/jest-jasmine2/build/queue_runner.js:43:19)\n    at promise.then (/Applications/MAMP/htdocs/wfp-ui-next/node_modules/jest-jasmine2/build/queue_runner.js:87:41)\n    at <anonymous>\n    at process._tickCallback (internal/process/next_tick.js:182:7)"],"fullName":"Tab events click invokes handleTabClick from onClick prop","location":null,"status":"failed","title":"invokes handleTabClick from onClick prop"},{"ancestorTitles":["Tab","events","click"],"failureMessages":["Error: \u001b[2mexpect(\u001b[22m\u001b[31mjest.fn()\u001b[39m\u001b[2m).toBeCalled(\u001b[22m\u001b[2m)\u001b[22m\n\nExpected mock function to have been called, but it was not called.\n    at Object.toBeCalled (/Applications/MAMP/htdocs/wfp-ui-next/src/components/StepNavigationItem/StepNavigationItem-test.js:73:25)\n    at Object.asyncJestTest (/Applications/MAMP/htdocs/wfp-ui-next/node_modules/jest-jasmine2/build/jasmine_async.js:108:37)\n    at resolve (/Applications/MAMP/htdocs/wfp-ui-next/node_modules/jest-jasmine2/build/queue_runner.js:56:12)\n    at new Promise (<anonymous>)\n    at mapper (/Applications/MAMP/htdocs/wfp-ui-next/node_modules/jest-jasmine2/build/queue_runner.js:43:19)\n    at promise.then (/Applications/MAMP/htdocs/wfp-ui-next/node_modules/jest-jasmine2/build/queue_runner.js:87:41)\n    at <anonymous>\n    at process._tickCallback (internal/process/next_tick.js:182:7)"],"fullName":"Tab events click invokes onClick when a function is passed to onClick prop","location":null,"status":"failed","title":"invokes onClick when a function is passed to onClick prop"},{"ancestorTitles":["Tab","events","keydown"],"failureMessages":["Error: \u001b[2mexpect(\u001b[22m\u001b[31mjest.fn()\u001b[39m\u001b[2m).toBeCalled(\u001b[22m\u001b[2m)\u001b[22m\n\nExpected mock function to have been called, but it was not called.\n    at Object.toBeCalled (/Applications/MAMP/htdocs/wfp-ui-next/src/components/StepNavigationItem/StepNavigationItem-test.js:86:27)\n    at Object.asyncJestTest (/Applications/MAMP/htdocs/wfp-ui-next/node_modules/jest-jasmine2/build/jasmine_async.js:108:37)\n    at resolve (/Applications/MAMP/htdocs/wfp-ui-next/node_modules/jest-jasmine2/build/queue_runner.js:56:12)\n    at new Promise (<anonymous>)\n    at mapper (/Applications/MAMP/htdocs/wfp-ui-next/node_modules/jest-jasmine2/build/queue_runner.js:43:19)\n    at promise.then (/Applications/MAMP/htdocs/wfp-ui-next/node_modules/jest-jasmine2/build/queue_runner.js:87:41)\n    at <anonymous>\n    at process._tickCallback (internal/process/next_tick.js:182:7)"],"fullName":"Tab events keydown invokes onKeyDown when a function is passed to onKeyDown prop","location":null,"status":"failed","title":"invokes onKeyDown when a function is passed to onKeyDown prop"},{"ancestorTitles":["Tab","events","keydown"],"failureMessages":["Error: \u001b[2mexpect(\u001b[22m\u001b[31mjest.fn()\u001b[39m\u001b[2m).toBeCalled(\u001b[22m\u001b[2m)\u001b[22m\n\nExpected mock function to have been called, but it was not called.\n    at Object.toBeCalled (/Applications/MAMP/htdocs/wfp-ui-next/src/components/StepNavigationItem/StepNavigationItem-test.js:92:27)\n    at Object.asyncJestTest (/Applications/MAMP/htdocs/wfp-ui-next/node_modules/jest-jasmine2/build/jasmine_async.js:108:37)\n    at resolve (/Applications/MAMP/htdocs/wfp-ui-next/node_modules/jest-jasmine2/build/queue_runner.js:56:12)\n    at new Promise (<anonymous>)\n    at mapper (/Applications/MAMP/htdocs/wfp-ui-next/node_modules/jest-jasmine2/build/queue_runner.js:43:19)\n    at promise.then (/Applications/MAMP/htdocs/wfp-ui-next/node_modules/jest-jasmine2/build/queue_runner.js:87:41)\n    at <anonymous>\n    at process._tickCallback (internal/process/next_tick.js:182:7)"],"fullName":"Tab events keydown invokes handleTabAnchorFocus when onKeyDown occurs for appropriate events","location":null,"status":"failed","title":"invokes handleTabAnchorFocus when onKeyDown occurs for appropriate events"}],"endTime":1545669006968,"message":"\u001b[1m\u001b[31m  \u001b[1m● \u001b[1mTab › renders as expected › adds extra classes that are passed via className\u001b[39m\u001b[22m\n\n    \u001b[2mexpect(\u001b[22m\u001b[31mreceived\u001b[39m\u001b[2m).toBe(\u001b[22m\u001b[32mexpected\u001b[39m\u001b[2m) // Object.is equality\u001b[22m\n\n    Expected: \u001b[32mtrue\u001b[39m\n    Received: \u001b[31mfalse\u001b[39m\n\u001b[2m\u001b[22m\n\u001b[2m    \u001b[0m \u001b[90m  9 | \u001b[39m    it(\u001b[32m'adds extra classes that are passed via className'\u001b[39m\u001b[33m,\u001b[39m () \u001b[33m=>\u001b[39m {\u001b[0m\u001b[22m\n\u001b[2m    \u001b[0m \u001b[90m 10 | \u001b[39m      wrapper\u001b[33m.\u001b[39msetProps({ className\u001b[33m:\u001b[39m \u001b[32m'extra-class'\u001b[39m })\u001b[33m;\u001b[39m\u001b[0m\u001b[22m\n\u001b[2m    \u001b[0m\u001b[31m\u001b[1m>\u001b[2m\u001b[39m\u001b[90m 11 | \u001b[39m      expect(wrapper\u001b[33m.\u001b[39mhasClass(\u001b[32m'extra-class'\u001b[39m))\u001b[33m.\u001b[39mtoBe(\u001b[36mtrue\u001b[39m)\u001b[33m;\u001b[39m\u001b[0m\u001b[22m\n\u001b[2m    \u001b[0m \u001b[90m    | \u001b[39m                                              \u001b[31m\u001b[1m^\u001b[2m\u001b[39m\u001b[0m\u001b[22m\n\u001b[2m    \u001b[0m \u001b[90m 12 | \u001b[39m    })\u001b[33m;\u001b[39m\u001b[0m\u001b[22m\n\u001b[2m    \u001b[0m \u001b[90m 13 | \u001b[39m\u001b[0m\u001b[22m\n\u001b[2m    \u001b[0m \u001b[90m 14 | \u001b[39m    it(\u001b[32m'renders <a> with expected className'\u001b[39m\u001b[33m,\u001b[39m () \u001b[33m=>\u001b[39m {\u001b[0m\u001b[22m\n\u001b[2m\u001b[22m\n\u001b[2m      \u001b[2mat Object.toBe (\u001b[2m\u001b[0m\u001b[36msrc/components/StepNavigationItem/StepNavigationItem-test.js\u001b[39m\u001b[0m\u001b[2m:11:47)\u001b[2m\u001b[22m\n\n\u001b[1m\u001b[31m  \u001b[1m● \u001b[1mTab › renders as expected › renders <li> with [role=\"presentation\"]\u001b[39m\u001b[22m\n\n    \u001b[2mexpect(\u001b[22m\u001b[31mreceived\u001b[39m\u001b[2m).toEqual(\u001b[22m\u001b[32mexpected\u001b[39m\u001b[2m)\u001b[22m\n\n    Expected value to equal:\n      \u001b[32m\"presentation\"\u001b[39m\n    Received:\n      \u001b[31mundefined\u001b[39m\n\n    Difference:\n\n      Comparing two different types of values. Expected \u001b[32mstring\u001b[39m but received \u001b[31mundefined\u001b[39m.\n\u001b[2m\u001b[22m\n\u001b[2m    \u001b[0m \u001b[90m 17 | \u001b[39m\u001b[0m\u001b[22m\n\u001b[2m    \u001b[0m \u001b[90m 18 | \u001b[39m    it(\u001b[32m'renders <li> with [role=\"presentation\"]'\u001b[39m\u001b[33m,\u001b[39m () \u001b[33m=>\u001b[39m {\u001b[0m\u001b[22m\n\u001b[2m    \u001b[0m\u001b[31m\u001b[1m>\u001b[2m\u001b[39m\u001b[90m 19 | \u001b[39m      expect(wrapper\u001b[33m.\u001b[39mprops()\u001b[33m.\u001b[39mrole)\u001b[33m.\u001b[39mtoEqual(\u001b[32m'presentation'\u001b[39m)\u001b[33m;\u001b[39m\u001b[0m\u001b[22m\n\u001b[2m    \u001b[0m \u001b[90m    | \u001b[39m                                   \u001b[31m\u001b[1m^\u001b[2m\u001b[39m\u001b[0m\u001b[22m\n\u001b[2m    \u001b[0m \u001b[90m 20 | \u001b[39m    })\u001b[33m;\u001b[39m\u001b[0m\u001b[22m\n\u001b[2m    \u001b[0m \u001b[90m 21 | \u001b[39m\u001b[0m\u001b[22m\n\u001b[2m    \u001b[0m \u001b[90m 22 | \u001b[39m    it(\u001b[32m'renders <a> with [role=\"tab\"]'\u001b[39m\u001b[33m,\u001b[39m () \u001b[33m=>\u001b[39m {\u001b[0m\u001b[22m\n\u001b[2m\u001b[22m\n\u001b[2m      \u001b[2mat Object.toEqual (\u001b[2m\u001b[0m\u001b[36msrc/components/StepNavigationItem/StepNavigationItem-test.js\u001b[39m\u001b[0m\u001b[2m:19:36)\u001b[2m\u001b[22m\n\n\u001b[1m\u001b[31m  \u001b[1m● \u001b[1mTab › renders as expected › adds [className=\"wfp--tabs__nav-item--selected\"] when selected prop is true\u001b[39m\u001b[22m\n\n    \u001b[2mexpect(\u001b[22m\u001b[31mreceived\u001b[39m\u001b[2m).toBe(\u001b[22m\u001b[32mexpected\u001b[39m\u001b[2m) // Object.is equality\u001b[22m\n\n    Expected: \u001b[32mtrue\u001b[39m\n    Received: \u001b[31mfalse\u001b[39m\n\u001b[2m\u001b[22m\n\u001b[2m    \u001b[0m \u001b[90m 52 | \u001b[39m    it(\u001b[32m'adds [className=\"wfp--tabs__nav-item--selected\"] when selected prop is true'\u001b[39m\u001b[33m,\u001b[39m () \u001b[33m=>\u001b[39m {\u001b[0m\u001b[22m\n\u001b[2m    \u001b[0m \u001b[90m 53 | \u001b[39m      wrapper\u001b[33m.\u001b[39msetProps({ selected\u001b[33m:\u001b[39m \u001b[36mtrue\u001b[39m })\u001b[33m;\u001b[39m\u001b[0m\u001b[22m\n\u001b[2m    \u001b[0m\u001b[31m\u001b[1m>\u001b[2m\u001b[39m\u001b[90m 54 | \u001b[39m      expect(wrapper\u001b[33m.\u001b[39mhasClass(\u001b[32m'wfp--tabs__nav-item--selected'\u001b[39m))\u001b[33m.\u001b[39mtoBe(\u001b[36mtrue\u001b[39m)\u001b[33m;\u001b[39m\u001b[0m\u001b[22m\n\u001b[2m    \u001b[0m \u001b[90m    | \u001b[39m                                                                \u001b[31m\u001b[1m^\u001b[2m\u001b[39m\u001b[0m\u001b[22m\n\u001b[2m    \u001b[0m \u001b[90m 55 | \u001b[39m    })\u001b[33m;\u001b[39m\u001b[0m\u001b[22m\n\u001b[2m    \u001b[0m \u001b[90m 56 | \u001b[39m  })\u001b[33m;\u001b[39m\u001b[0m\u001b[22m\n\u001b[2m    \u001b[0m \u001b[90m 57 | \u001b[39m\u001b[0m\u001b[22m\n\u001b[2m\u001b[22m\n\u001b[2m      \u001b[2mat Object.toBe (\u001b[2m\u001b[0m\u001b[36msrc/components/StepNavigationItem/StepNavigationItem-test.js\u001b[39m\u001b[0m\u001b[2m:54:65)\u001b[2m\u001b[22m\n\n\u001b[1m\u001b[31m  \u001b[1m● \u001b[1mTab › events › click › invokes handleTabClick from onClick prop\u001b[39m\u001b[22m\n\n    \u001b[2mexpect(\u001b[22m\u001b[31mjest.fn()\u001b[39m\u001b[2m).toBeCalled(\u001b[22m\u001b[2m)\u001b[22m\n\n    Expected mock function to have been called, but it was not called.\n\u001b[2m\u001b[22m\n\u001b[2m    \u001b[0m \u001b[90m 65 | \u001b[39m        wrapper\u001b[33m.\u001b[39msetProps({ handleTabClick })\u001b[33m;\u001b[39m\u001b[0m\u001b[22m\n\u001b[2m    \u001b[0m \u001b[90m 66 | \u001b[39m        wrapper\u001b[33m.\u001b[39msimulate(\u001b[32m'click'\u001b[39m)\u001b[33m;\u001b[39m\u001b[0m\u001b[22m\n\u001b[2m    \u001b[0m\u001b[31m\u001b[1m>\u001b[2m\u001b[39m\u001b[90m 67 | \u001b[39m        expect(handleTabClick)\u001b[33m.\u001b[39mtoBeCalled()\u001b[33m;\u001b[39m\u001b[0m\u001b[22m\n\u001b[2m    \u001b[0m \u001b[90m    | \u001b[39m                               \u001b[31m\u001b[1m^\u001b[2m\u001b[39m\u001b[0m\u001b[22m\n\u001b[2m    \u001b[0m \u001b[90m 68 | \u001b[39m      })\u001b[33m;\u001b[39m\u001b[0m\u001b[22m\n\u001b[2m    \u001b[0m \u001b[90m 69 | \u001b[39m\u001b[0m\u001b[22m\n\u001b[2m    \u001b[0m \u001b[90m 70 | \u001b[39m      it(\u001b[32m'invokes onClick when a function is passed to onClick prop'\u001b[39m\u001b[33m,\u001b[39m () \u001b[33m=>\u001b[39m {\u001b[0m\u001b[22m\n\u001b[2m\u001b[22m\n\u001b[2m      \u001b[2mat Object.toBeCalled (\u001b[2m\u001b[0m\u001b[36msrc/components/StepNavigationItem/StepNavigationItem-test.js\u001b[39m\u001b[0m\u001b[2m:67:32)\u001b[2m\u001b[22m\n\n\u001b[1m\u001b[31m  \u001b[1m● \u001b[1mTab › events › click › invokes onClick when a function is passed to onClick prop\u001b[39m\u001b[22m\n\n    \u001b[2mexpect(\u001b[22m\u001b[31mjest.fn()\u001b[39m\u001b[2m).toBeCalled(\u001b[22m\u001b[2m)\u001b[22m\n\n    Expected mock function to have been called, but it was not called.\n\u001b[2m\u001b[22m\n\u001b[2m    \u001b[0m \u001b[90m 71 | \u001b[39m        wrapper\u001b[33m.\u001b[39msetProps({ onClick })\u001b[33m;\u001b[39m\u001b[0m\u001b[22m\n\u001b[2m    \u001b[0m \u001b[90m 72 | \u001b[39m        wrapper\u001b[33m.\u001b[39msimulate(\u001b[32m'click'\u001b[39m)\u001b[33m;\u001b[39m\u001b[0m\u001b[22m\n\u001b[2m    \u001b[0m\u001b[31m\u001b[1m>\u001b[2m\u001b[39m\u001b[90m 73 | \u001b[39m        expect(onClick)\u001b[33m.\u001b[39mtoBeCalled()\u001b[33m;\u001b[39m\u001b[0m\u001b[22m\n\u001b[2m    \u001b[0m \u001b[90m    | \u001b[39m                        \u001b[31m\u001b[1m^\u001b[2m\u001b[39m\u001b[0m\u001b[22m\n\u001b[2m    \u001b[0m \u001b[90m 74 | \u001b[39m      })\u001b[33m;\u001b[39m\u001b[0m\u001b[22m\n\u001b[2m    \u001b[0m \u001b[90m 75 | \u001b[39m    })\u001b[33m;\u001b[39m\u001b[0m\u001b[22m\n\u001b[2m    \u001b[0m \u001b[90m 76 | \u001b[39m\u001b[0m\u001b[22m\n\u001b[2m\u001b[22m\n\u001b[2m      \u001b[2mat Object.toBeCalled (\u001b[2m\u001b[0m\u001b[36msrc/components/StepNavigationItem/StepNavigationItem-test.js\u001b[39m\u001b[0m\u001b[2m:73:25)\u001b[2m\u001b[22m\n\n\u001b[1m\u001b[31m  \u001b[1m● \u001b[1mTab › events › keydown › invokes onKeyDown when a function is passed to onKeyDown prop\u001b[39m\u001b[22m\n\n    \u001b[2mexpect(\u001b[22m\u001b[31mjest.fn()\u001b[39m\u001b[2m).toBeCalled(\u001b[22m\u001b[2m)\u001b[22m\n\n    Expected mock function to have been called, but it was not called.\n\u001b[2m\u001b[22m\n\u001b[2m    \u001b[0m \u001b[90m 84 | \u001b[39m      it(\u001b[32m'invokes onKeyDown when a function is passed to onKeyDown prop'\u001b[39m\u001b[33m,\u001b[39m () \u001b[33m=>\u001b[39m {\u001b[0m\u001b[22m\n\u001b[2m    \u001b[0m \u001b[90m 85 | \u001b[39m        wrapper\u001b[33m.\u001b[39msimulate(\u001b[32m'keyDown'\u001b[39m\u001b[33m,\u001b[39m { which\u001b[33m:\u001b[39m \u001b[35m38\u001b[39m })\u001b[33m;\u001b[39m\u001b[0m\u001b[22m\n\u001b[2m    \u001b[0m\u001b[31m\u001b[1m>\u001b[2m\u001b[39m\u001b[90m 86 | \u001b[39m        expect(onKeyDown)\u001b[33m.\u001b[39mtoBeCalled()\u001b[33m;\u001b[39m\u001b[0m\u001b[22m\n\u001b[2m    \u001b[0m \u001b[90m    | \u001b[39m                          \u001b[31m\u001b[1m^\u001b[2m\u001b[39m\u001b[0m\u001b[22m\n\u001b[2m    \u001b[0m \u001b[90m 87 | \u001b[39m        expect(handleTabAnchorFocus)\u001b[33m.\u001b[39mnot\u001b[33m.\u001b[39mtoBeCalled()\u001b[33m;\u001b[39m\u001b[0m\u001b[22m\n\u001b[2m    \u001b[0m \u001b[90m 88 | \u001b[39m      })\u001b[33m;\u001b[39m\u001b[0m\u001b[22m\n\u001b[2m    \u001b[0m \u001b[90m 89 | \u001b[39m\u001b[0m\u001b[22m\n\u001b[2m\u001b[22m\n\u001b[2m      \u001b[2mat Object.toBeCalled (\u001b[2m\u001b[0m\u001b[36msrc/components/StepNavigationItem/StepNavigationItem-test.js\u001b[39m\u001b[0m\u001b[2m:86:27)\u001b[2m\u001b[22m\n\n\u001b[1m\u001b[31m  \u001b[1m● \u001b[1mTab › events › keydown › invokes handleTabAnchorFocus when onKeyDown occurs for appropriate events\u001b[39m\u001b[22m\n\n    \u001b[2mexpect(\u001b[22m\u001b[31mjest.fn()\u001b[39m\u001b[2m).toBeCalled(\u001b[22m\u001b[2m)\u001b[22m\n\n    Expected mock function to have been called, but it was not called.\n\u001b[2m\u001b[22m\n\u001b[2m    \u001b[0m \u001b[90m 90 | \u001b[39m      it(\u001b[32m'invokes handleTabAnchorFocus when onKeyDown occurs for appropriate events'\u001b[39m\u001b[33m,\u001b[39m () \u001b[33m=>\u001b[39m {\u001b[0m\u001b[22m\n\u001b[2m    \u001b[0m \u001b[90m 91 | \u001b[39m        wrapper\u001b[33m.\u001b[39msimulate(\u001b[32m'keyDown'\u001b[39m\u001b[33m,\u001b[39m { which\u001b[33m:\u001b[39m \u001b[35m37\u001b[39m })\u001b[33m;\u001b[39m\u001b[0m\u001b[22m\n\u001b[2m    \u001b[0m\u001b[31m\u001b[1m>\u001b[2m\u001b[39m\u001b[90m 92 | \u001b[39m        expect(onKeyDown)\u001b[33m.\u001b[39mtoBeCalled()\u001b[33m;\u001b[39m\u001b[0m\u001b[22m\n\u001b[2m    \u001b[0m \u001b[90m    | \u001b[39m                          \u001b[31m\u001b[1m^\u001b[2m\u001b[39m\u001b[0m\u001b[22m\n\u001b[2m    \u001b[0m \u001b[90m 93 | \u001b[39m        expect(handleTabAnchorFocus)\u001b[33m.\u001b[39mtoBeCalled()\u001b[33m;\u001b[39m\u001b[0m\u001b[22m\n\u001b[2m    \u001b[0m \u001b[90m 94 | \u001b[39m      })\u001b[33m;\u001b[39m\u001b[0m\u001b[22m\n\u001b[2m    \u001b[0m \u001b[90m 95 | \u001b[39m    })\u001b[33m;\u001b[39m\u001b[0m\u001b[22m\n\u001b[2m\u001b[22m\n\u001b[2m      \u001b[2mat Object.toBeCalled (\u001b[2m\u001b[0m\u001b[36msrc/components/StepNavigationItem/StepNavigationItem-test.js\u001b[39m\u001b[0m\u001b[2m:92:27)\u001b[2m\u001b[22m\n","name":"/Applications/MAMP/htdocs/wfp-ui-next/src/components/StepNavigationItem/StepNavigationItem-test.js","startTime":1545669006396,"status":"failed","summary":""},{"assertionResults":[{"ancestorTitles":["Search","renders as expected","container"],"failureMessages":[],"fullName":"Search renders as expected container should add extra classes that are passed via className","location":null,"status":"passed","title":"should add extra classes that are passed via className"},{"ancestorTitles":["Search","renders as expected","container"],"failureMessages":[],"fullName":"Search renders as expected container should have the role of search","location":null,"status":"passed","title":"should have the role of search"},{"ancestorTitles":["Search","renders as expected","input"],"failureMessages":[],"fullName":"Search renders as expected input renders as expected","location":null,"status":"passed","title":"renders as expected"},{"ancestorTitles":["Search","renders as expected","input"],"failureMessages":[],"fullName":"Search renders as expected input has the expected classes","location":null,"status":"passed","title":"has the expected classes"},{"ancestorTitles":["Search","renders as expected","input"],"failureMessages":[],"fullName":"Search renders as expected input should set type as expected","location":null,"status":"passed","title":"should set type as expected"},{"ancestorTitles":["Search","renders as expected","input"],"failureMessages":[],"fullName":"Search renders as expected input should set value as expected","location":null,"status":"passed","title":"should set value as expected"},{"ancestorTitles":["Search","renders as expected","input"],"failureMessages":[],"fullName":"Search renders as expected input should set placeholder as expected","location":null,"status":"passed","title":"should set placeholder as expected"},{"ancestorTitles":["Search","renders as expected","input"],"failureMessages":[],"fullName":"Search renders as expected input should specify light version as expected","location":null,"status":"passed","title":"should specify light version as expected"},{"ancestorTitles":["Search","renders as expected","label"],"failureMessages":[],"fullName":"Search renders as expected label renders a label","location":null,"status":"passed","title":"renders a label"},{"ancestorTitles":["Search","renders as expected","label"],"failureMessages":[],"fullName":"Search renders as expected label has the expected classes","location":null,"status":"passed","title":"has the expected classes"},{"ancestorTitles":["Search","renders as expected","label"],"failureMessages":[],"fullName":"Search renders as expected label should set label as expected","location":null,"status":"passed","title":"should set label as expected"},{"ancestorTitles":["Search","renders as expected","Large Search","buttons"],"failureMessages":[],"fullName":"Search renders as expected Large Search buttons should be one button","location":null,"status":"passed","title":"should be one button"},{"ancestorTitles":["Search","renders as expected","Large Search","buttons"],"failureMessages":[],"fullName":"Search renders as expected Large Search buttons should have type=\"button\"","location":null,"status":"passed","title":"should have type=\"button\""},{"ancestorTitles":["Search","renders as expected","Large Search","icons"],"failureMessages":[],"fullName":"Search renders as expected Large Search icons renders \"search\" icon","location":null,"status":"passed","title":"renders \"search\" icon"},{"ancestorTitles":["Search","renders as expected","Large Search","icons"],"failureMessages":[],"fullName":"Search renders as expected Large Search icons renders two Icons","location":null,"status":"passed","title":"renders two Icons"},{"ancestorTitles":["Search","renders as expected","Small Search"],"failureMessages":[],"fullName":"Search renders as expected Small Search renders correct search icon","location":null,"status":"passed","title":"renders correct search icon"},{"ancestorTitles":["Search","renders as expected","Small Search"],"failureMessages":["Error: \u001b[2mexpect(\u001b[22m\u001b[31mreceived\u001b[39m\u001b[2m).toEqual(\u001b[22m\u001b[32mexpected\u001b[39m\u001b[2m)\u001b[22m\n\nExpected value to equal:\n  \u001b[32mtrue\u001b[39m\nReceived:\n  \u001b[31mfalse\u001b[39m\n    at Object.toEqual (/Applications/MAMP/htdocs/wfp-ui-next/src/components/Search/Search-test.js:137:60)\n    at Object.asyncJestTest (/Applications/MAMP/htdocs/wfp-ui-next/node_modules/jest-jasmine2/build/jasmine_async.js:108:37)\n    at resolve (/Applications/MAMP/htdocs/wfp-ui-next/node_modules/jest-jasmine2/build/queue_runner.js:56:12)\n    at new Promise (<anonymous>)\n    at mapper (/Applications/MAMP/htdocs/wfp-ui-next/node_modules/jest-jasmine2/build/queue_runner.js:43:19)\n    at promise.then (/Applications/MAMP/htdocs/wfp-ui-next/node_modules/jest-jasmine2/build/queue_runner.js:87:41)\n    at <anonymous>\n    at process._tickCallback (internal/process/next_tick.js:182:7)"],"fullName":"Search renders as expected Small Search should have the expected small class","location":null,"status":"failed","title":"should have the expected small class"},{"ancestorTitles":["Search","renders as expected","Small Search"],"failureMessages":[],"fullName":"Search renders as expected Small Search should only have 1 button (clear)","location":null,"status":"passed","title":"should only have 1 button (clear)"},{"ancestorTitles":["Search","renders as expected","Small Search"],"failureMessages":[],"fullName":"Search renders as expected Small Search renders one Icon","location":null,"status":"passed","title":"renders one Icon"},{"ancestorTitles":["Search","events","enabled textinput"],"failureMessages":[],"fullName":"Search events enabled textinput should invoke onClick when input is clicked","location":null,"status":"passed","title":"should invoke onClick when input is clicked"},{"ancestorTitles":["Search","events","enabled textinput"],"failureMessages":[],"fullName":"Search events enabled textinput should invoke onChange when input value is changed","location":null,"status":"passed","title":"should invoke onChange when input value is changed"},{"ancestorTitles":["SearchSkeleton","Renders as expected"],"failureMessages":[],"fullName":"SearchSkeleton Renders as expected Has the expected classes","location":null,"status":"passed","title":"Has the expected classes"},{"ancestorTitles":["SearchSkeleton Small","Renders as expected"],"failureMessages":[],"fullName":"SearchSkeleton Small Renders as expected Has the expected classes","location":null,"status":"passed","title":"Has the expected classes"}],"endTime":1545669006994,"message":"\u001b[1m\u001b[31m  \u001b[1m● \u001b[1mSearch › renders as expected › Small Search › should have the expected small class\u001b[39m\u001b[22m\n\n    \u001b[2mexpect(\u001b[22m\u001b[31mreceived\u001b[39m\u001b[2m).toEqual(\u001b[22m\u001b[32mexpected\u001b[39m\u001b[2m)\u001b[22m\n\n    Expected value to equal:\n      \u001b[32mtrue\u001b[39m\n    Received:\n      \u001b[31mfalse\u001b[39m\n\u001b[2m\u001b[22m\n\u001b[2m    \u001b[0m \u001b[90m 135 | \u001b[39m\u001b[0m\u001b[22m\n\u001b[2m    \u001b[0m \u001b[90m 136 | \u001b[39m      it(\u001b[32m'should have the expected small class'\u001b[39m\u001b[33m,\u001b[39m () \u001b[33m=>\u001b[39m {\u001b[0m\u001b[22m\n\u001b[2m    \u001b[0m\u001b[31m\u001b[1m>\u001b[2m\u001b[39m\u001b[90m 137 | \u001b[39m        expect(smallContainer\u001b[33m.\u001b[39mhasClass(\u001b[32m'wfp--search--sm'\u001b[39m))\u001b[33m.\u001b[39mtoEqual(\u001b[36mtrue\u001b[39m)\u001b[33m;\u001b[39m\u001b[0m\u001b[22m\n\u001b[2m    \u001b[0m \u001b[90m     | \u001b[39m                                                           \u001b[31m\u001b[1m^\u001b[2m\u001b[39m\u001b[0m\u001b[22m\n\u001b[2m    \u001b[0m \u001b[90m 138 | \u001b[39m      })\u001b[33m;\u001b[39m\u001b[0m\u001b[22m\n\u001b[2m    \u001b[0m \u001b[90m 139 | \u001b[39m\u001b[0m\u001b[22m\n\u001b[2m    \u001b[0m \u001b[90m 140 | \u001b[39m      it(\u001b[32m'should only have 1 button (clear)'\u001b[39m\u001b[33m,\u001b[39m () \u001b[33m=>\u001b[39m {\u001b[0m\u001b[22m\n\u001b[2m\u001b[22m\n\u001b[2m      \u001b[2mat Object.toEqual (\u001b[2m\u001b[0m\u001b[36msrc/components/Search/Search-test.js\u001b[39m\u001b[0m\u001b[2m:137:60)\u001b[2m\u001b[22m\n","name":"/Applications/MAMP/htdocs/wfp-ui-next/src/components/Search/Search-test.js","startTime":1545669006339,"status":"failed","summary":""},{"assertionResults":[{"ancestorTitles":["FormInput","should render as expected"],"failureMessages":["TypeError: Cannot read property 'touched' of undefined\n    at touched (/Applications/MAMP/htdocs/wfp-ui-next/src/components/ReduxFormWrapper/ReduxFormWrapper.js:7:11)\n    at Suite.<anonymous> (/Applications/MAMP/htdocs/wfp-ui-next/src/components/ReduxFormWrapper/ReduxFormWrapper-test.js:18:24)\n    at addSpecsToSuite (/Applications/MAMP/htdocs/wfp-ui-next/node_modules/jest-jasmine2/build/jasmine/Env.js:339:25)\n    at Env.describe (/Applications/MAMP/htdocs/wfp-ui-next/node_modules/jest-jasmine2/build/jasmine/Env.js:308:7)\n    at describe (/Applications/MAMP/htdocs/wfp-ui-next/node_modules/jest-jasmine2/build/jasmine/jasmine_light.js:99:18)\n    at Suite.describe (/Applications/MAMP/htdocs/wfp-ui-next/src/components/ReduxFormWrapper/ReduxFormWrapper-test.js:13:3)\n    at addSpecsToSuite (/Applications/MAMP/htdocs/wfp-ui-next/node_modules/jest-jasmine2/build/jasmine/Env.js:339:25)\n    at Env.describe (/Applications/MAMP/htdocs/wfp-ui-next/node_modules/jest-jasmine2/build/jasmine/Env.js:308:7)\n    at describe (/Applications/MAMP/htdocs/wfp-ui-next/node_modules/jest-jasmine2/build/jasmine/jasmine_light.js:99:18)\n    at Object.describe (/Applications/MAMP/htdocs/wfp-ui-next/src/components/ReduxFormWrapper/ReduxFormWrapper-test.js:12:1)\n    at Runtime._execModule (/Applications/MAMP/htdocs/wfp-ui-next/node_modules/jest-runtime/build/index.js:694:13)\n    at Runtime.requireModule (/Applications/MAMP/htdocs/wfp-ui-next/node_modules/jest-runtime/build/index.js:376:14)\n    at /Applications/MAMP/htdocs/wfp-ui-next/node_modules/jest-jasmine2/build/index.js:129:13\n    at Generator.next (<anonymous>)\n    at step (/Applications/MAMP/htdocs/wfp-ui-next/node_modules/jest-jasmine2/build/index.js:170:30)\n    at /Applications/MAMP/htdocs/wfp-ui-next/node_modules/jest-jasmine2/build/index.js:189:14\n    at new Promise (<anonymous>)\n    at /Applications/MAMP/htdocs/wfp-ui-next/node_modules/jest-jasmine2/build/index.js:167:12\n    at jasmine2 (/Applications/MAMP/htdocs/wfp-ui-next/node_modules/jest-jasmine2/build/index.js:138:17)\n    at /Applications/MAMP/htdocs/wfp-ui-next/node_modules/jest-runner/build/run_test.js:187:24\n    at Generator.next (<anonymous>)\n    at step (/Applications/MAMP/htdocs/wfp-ui-next/node_modules/jest-runner/build/run_test.js:315:30)\n    at /Applications/MAMP/htdocs/wfp-ui-next/node_modules/jest-runner/build/run_test.js:326:15\n    at <anonymous>\n    at process._tickCallback (internal/process/next_tick.js:182:7)"],"fullName":"FormInput should render as expected encountered a declaration exception","location":null,"status":"failed","title":"encountered a declaration exception"}],"endTime":1545669007199,"message":"\u001b[1m\u001b[31m  \u001b[1m● \u001b[1mFormInput › should render as expected › encountered a declaration exception\u001b[39m\u001b[22m\n\n    TypeError: Cannot read property 'touched' of undefined\n\u001b[2m\u001b[22m\n\u001b[2m    \u001b[0m \u001b[90m  5 | \u001b[39m  input\u001b[33m,\u001b[39m\u001b[0m\u001b[22m\n\u001b[2m    \u001b[0m \u001b[90m  6 | \u001b[39m  \u001b[33mInputComponent\u001b[39m\u001b[33m,\u001b[39m\u001b[0m\u001b[22m\n\u001b[2m    \u001b[0m\u001b[31m\u001b[1m>\u001b[2m\u001b[39m\u001b[90m  7 | \u001b[39m  meta\u001b[33m:\u001b[39m { touched\u001b[33m,\u001b[39m error\u001b[33m,\u001b[39m warning }\u001b[33m,\u001b[39m\u001b[0m\u001b[22m\n\u001b[2m    \u001b[0m \u001b[90m    | \u001b[39m          \u001b[31m\u001b[1m^\u001b[2m\u001b[39m\u001b[0m\u001b[22m\n\u001b[2m    \u001b[0m \u001b[90m  8 | \u001b[39m  children\u001b[33m,\u001b[39m\u001b[0m\u001b[22m\n\u001b[2m    \u001b[0m \u001b[90m  9 | \u001b[39m  \u001b[33m...\u001b[39mother\u001b[0m\u001b[22m\n\u001b[2m    \u001b[0m \u001b[90m 10 | \u001b[39m}) \u001b[33m=>\u001b[39m {\u001b[0m\u001b[22m\n\u001b[2m\u001b[22m\n\u001b[2m      \u001b[2mat touched (\u001b[2m\u001b[0m\u001b[36msrc/components/ReduxFormWrapper/ReduxFormWrapper.js\u001b[39m\u001b[0m\u001b[2m:7:11)\u001b[2m\u001b[22m\n\u001b[2m      \u001b[2mat Suite.<anonymous> (\u001b[2m\u001b[0m\u001b[36msrc/components/ReduxFormWrapper/ReduxFormWrapper-test.js\u001b[39m\u001b[0m\u001b[2m:18:24)\u001b[2m\u001b[22m\n\u001b[2m      \u001b[2mat Suite.describe (\u001b[2m\u001b[0m\u001b[36msrc/components/ReduxFormWrapper/ReduxFormWrapper-test.js\u001b[39m\u001b[0m\u001b[2m:13:3)\u001b[2m\u001b[22m\n\u001b[2m      \u001b[2mat Object.describe (\u001b[2m\u001b[0m\u001b[36msrc/components/ReduxFormWrapper/ReduxFormWrapper-test.js\u001b[39m\u001b[0m\u001b[2m:12:1)\u001b[2m\u001b[22m\n","name":"/Applications/MAMP/htdocs/wfp-ui-next/src/components/ReduxFormWrapper/ReduxFormWrapper-test.js","startTime":1545669006386,"status":"failed","summary":""},{"assertionResults":[{"ancestorTitles":["FormError","Renders as expected"],"failureMessages":["Error: \u001b[2mexpect(\u001b[22m\u001b[31mreceived\u001b[39m\u001b[2m).toEqual(\u001b[22m\u001b[32mexpected\u001b[39m\u001b[2m)\u001b[22m\n\nExpected value to equal:\n  \u001b[32mtrue\u001b[39m\nReceived:\n  \u001b[31mfalse\u001b[39m\n    at Object.toEqual (/Applications/MAMP/htdocs/wfp-ui-next/src/components/FormError/FormError-test.js:21:54)\n    at Object.asyncJestTest (/Applications/MAMP/htdocs/wfp-ui-next/node_modules/jest-jasmine2/build/jasmine_async.js:108:37)\n    at resolve (/Applications/MAMP/htdocs/wfp-ui-next/node_modules/jest-jasmine2/build/queue_runner.js:56:12)\n    at new Promise (<anonymous>)\n    at mapper (/Applications/MAMP/htdocs/wfp-ui-next/node_modules/jest-jasmine2/build/queue_runner.js:43:19)\n    at promise.then (/Applications/MAMP/htdocs/wfp-ui-next/node_modules/jest-jasmine2/build/queue_runner.js:87:41)\n    at <anonymous>\n    at process._tickCallback (internal/process/next_tick.js:182:7)"],"fullName":"FormError Renders as expected should use the appropriate link class","location":null,"status":"failed","title":"should use the appropriate link class"}],"endTime":1545669007216,"message":"\u001b[1m\u001b[31m  \u001b[1m● \u001b[1mFormError › Renders as expected › should use the appropriate link class\u001b[39m\u001b[22m\n\n    \u001b[2mexpect(\u001b[22m\u001b[31mreceived\u001b[39m\u001b[2m).toEqual(\u001b[22m\u001b[32mexpected\u001b[39m\u001b[2m)\u001b[22m\n\n    Expected value to equal:\n      \u001b[32mtrue\u001b[39m\n    Received:\n      \u001b[31mfalse\u001b[39m\n\u001b[2m\u001b[22m\n\u001b[2m    \u001b[0m \u001b[90m 19 | \u001b[39m    )\u001b[33m;\u001b[39m\u001b[0m\u001b[22m\n\u001b[2m    \u001b[0m \u001b[90m 20 | \u001b[39m    it(\u001b[32m'should use the appropriate link class'\u001b[39m\u001b[33m,\u001b[39m () \u001b[33m=>\u001b[39m {\u001b[0m\u001b[22m\n\u001b[2m    \u001b[0m\u001b[31m\u001b[1m>\u001b[2m\u001b[39m\u001b[90m 21 | \u001b[39m      expect(errorMessage\u001b[33m.\u001b[39mhasClass(\u001b[32m'another-class'\u001b[39m))\u001b[33m.\u001b[39mtoEqual(\u001b[36mtrue\u001b[39m)\u001b[33m;\u001b[39m\u001b[0m\u001b[22m\n\u001b[2m    \u001b[0m \u001b[90m    | \u001b[39m                                                     \u001b[31m\u001b[1m^\u001b[2m\u001b[39m\u001b[0m\u001b[22m\n\u001b[2m    \u001b[0m \u001b[90m 22 | \u001b[39m    })\u001b[33m;\u001b[39m\u001b[0m\u001b[22m\n\u001b[2m    \u001b[0m \u001b[90m 23 | \u001b[39m  })\u001b[33m;\u001b[39m\u001b[0m\u001b[22m\n\u001b[2m    \u001b[0m \u001b[90m 24 | \u001b[39m})\u001b[33m;\u001b[39m\u001b[0m\u001b[22m\n\u001b[2m\u001b[22m\n\u001b[2m      \u001b[2mat Object.toEqual (\u001b[2m\u001b[0m\u001b[36msrc/components/FormError/FormError-test.js\u001b[39m\u001b[0m\u001b[2m:21:54)\u001b[2m\u001b[22m\n","name":"/Applications/MAMP/htdocs/wfp-ui-next/src/components/FormError/FormError-test.js","startTime":1545669006366,"status":"failed","summary":""},{"assertionResults":[{"ancestorTitles":["ModalWrapper"],"failureMessages":["Error: \u001b[2mexpect(\u001b[22m\u001b[31mvalue\u001b[39m\u001b[2m).toMatchSnapshot(\u001b[22m\u001b[2m)\u001b[22m\n\n\u001b[31mReceived value\u001b[39m does not match \u001b[32mstored snapshot \"ModalWrapper should render 1\"\u001b[39m.\n\n\u001b[32m- Snapshot\u001b[39m\n\u001b[31m+ Received\u001b[39m\n\n\u001b[33m@@ -11,21 +11,25 @@\u001b[39m\n\u001b[2m    secondaryButtonText=\"Cancel\"\u001b[22m\n\u001b[2m    shouldCloseAfterSubmit={true}\u001b[22m\n\u001b[2m    triggerButtonKind=\"primary\"\u001b[22m\n\u001b[2m  >\u001b[22m\n\u001b[2m    <div\u001b[22m\n\u001b[31m+     className=\"wfp--modal__wrapper\"\u001b[39m\n\u001b[2m      onKeyDown={[Function]}\u001b[22m\n\u001b[2m      role=\"presentation\"\u001b[22m\n\u001b[2m    >\u001b[22m\n\u001b[2m      <Button\u001b[22m\n\u001b[2m        className=\"btn-trigger\"\u001b[22m\n\u001b[2m        disabled={false}\u001b[22m\n\u001b[2m        iconDescription=\"Provide icon description if icon is used\"\u001b[22m\n\u001b[31m+       iconReverse={false}\u001b[39m\n\u001b[31m+       id=\"modal\"\u001b[39m\n\u001b[2m        inputref={\u001b[22m\n\u001b[2m          Object {\u001b[22m\n\u001b[2m            \"current\": <button\u001b[22m\n\u001b[2m              class=\"btn-trigger wfp--btn wfp--btn--primary\"\u001b[22m\n\u001b[31m+             id=\"modal\"\u001b[39m\n\u001b[2m              inputref=\"[object Object]\"\u001b[22m\n\u001b[2m              tabindex=\"0\"\u001b[22m\n\u001b[2m              type=\"button\"\u001b[22m\n\u001b[2m            >\u001b[22m\n\u001b[2m              Test Modal\u001b[22m\n\u001b[33m@@ -39,14 +43,16 @@\u001b[39m\n\u001b[2m        type=\"button\"\u001b[22m\n\u001b[2m      >\u001b[22m\n\u001b[2m        <button\u001b[22m\n\u001b[2m          className=\"btn-trigger wfp--btn wfp--btn--primary\"\u001b[22m\n\u001b[2m          disabled={false}\u001b[22m\n\u001b[31m+         id=\"modal\"\u001b[39m\n\u001b[2m          inputref={\u001b[22m\n\u001b[2m            Object {\u001b[22m\n\u001b[2m              \"current\": <button\u001b[22m\n\u001b[2m                class=\"btn-trigger wfp--btn wfp--btn--primary\"\u001b[22m\n\u001b[31m+               id=\"modal\"\u001b[39m\n\u001b[2m                inputref=\"[object Object]\"\u001b[22m\n\u001b[2m                tabindex=\"0\"\u001b[22m\n\u001b[2m                type=\"button\"\u001b[22m\n\u001b[2m              >\u001b[22m\n\u001b[2m                Test Modal\u001b[22m\n\u001b[33m@@ -60,11 +66,11 @@\u001b[39m\n\u001b[2m          Test Modal\u001b[22m\n\u001b[2m        </button>\u001b[22m\n\u001b[2m      </Button>\u001b[22m\n\u001b[2m      <Modal\u001b[22m\n\u001b[2m        iconDescription=\"close the modal\"\u001b[22m\n\u001b[32m-       id=\"modal\"\u001b[39m\n\u001b[31m+       inPortal={true}\u001b[39m\n\u001b[2m        modalHeading=\"Transactional Modal\"\u001b[22m\n\u001b[2m        modalLabel=\"Test Modal Label\"\u001b[22m\n\u001b[2m        onKeyDown={[Function]}\u001b[22m\n\u001b[2m        onRequestClose={[Function]}\u001b[22m\n\u001b[2m        onRequestSubmit={[Function]}\u001b[22m\n\u001b[33m@@ -72,158 +78,216 @@\u001b[39m\n\u001b[2m        passiveModal={false}\u001b[22m\n\u001b[2m        primaryButtonDisabled={false}\u001b[22m\n\u001b[2m        primaryButtonText=\"Save\"\u001b[22m\n\u001b[2m        secondaryButtonText=\"Cancel\"\u001b[22m\n\u001b[2m        selectorPrimaryFocus=\"[data-modal-primary-focus]\"\u001b[22m\n\u001b[32m-       selectorsFloatingMenus={\u001b[39m\n\u001b[32m-         Array [\u001b[39m\n\u001b[32m-           \".wfp--overflow-menu-options\",\u001b[39m\n\u001b[32m-           \".wfp--tooltip\",\u001b[39m\n\u001b[32m-           \".flatpickr-calendar\",\u001b[39m\n\u001b[32m-         ]\u001b[39m\n\u001b[32m-       }\u001b[39m\n\u001b[2m      >\u001b[22m\n\u001b[32m-       <div\u001b[39m\n\u001b[32m-         className=\"wfp--modal wfp--modal-tall\"\u001b[39m\n\u001b[32m-         id=\"modal\"\u001b[39m\n\u001b[32m-         onBlur={[Function]}\u001b[39m\n\u001b[32m-         onClick={[Function]}\u001b[39m\n\u001b[32m-         onKeyDown={[Function]}\u001b[39m\n\u001b[32m-         role=\"presentation\"\u001b[39m\n\u001b[32m-         tabIndex={-1}\u001b[39m\n\u001b[31m+       <Portal\u001b[39m\n\u001b[31m+         containerInfo={\u001b[39m\n\u001b[31m+           <div>\u001b[39m\n\u001b[31m+             <div\u001b[39m\n\u001b[31m+               class=\"wfp--modal wfp--modal-tall\"\u001b[39m\n\u001b[31m+               role=\"presentation\"\u001b[39m\n\u001b[31m+               tabindex=\"-1\"\u001b[39m\n\u001b[31m+             >\u001b[39m\n\u001b[31m+               <div\u001b[39m\n\u001b[31m+                 class=\"wfp--modal-container\"\u001b[39m\n\u001b[31m+                 role=\"dialog\"\u001b[39m\n\u001b[31m+               >\u001b[39m\n\u001b[31m+                 <div\u001b[39m\n\u001b[31m+                   class=\"wfp--modal-header\"\u001b[39m\n\u001b[31m+                 >\u001b[39m\n\u001b[31m+                   <h4\u001b[39m\n\u001b[31m+                     class=\"wfp--modal-header__label\"\u001b[39m\n\u001b[31m+                   >\u001b[39m\n\u001b[31m+                     Test Modal Label\u001b[39m\n\u001b[31m+                   </h4>\u001b[39m\n\u001b[31m+                   <h2\u001b[39m\n\u001b[31m+                     class=\"wfp--modal-header__heading\"\u001b[39m\n\u001b[31m+                   >\u001b[39m\n\u001b[31m+                     Transactional Modal\u001b[39m\n\u001b[31m+                   </h2>\u001b[39m\n\u001b[31m+                   <button\u001b[39m\n\u001b[31m+                     class=\"wfp--modal-close\"\u001b[39m\n\u001b[31m+                     type=\"button\"\u001b[39m\n\u001b[31m+                   >\u001b[39m\n\u001b[31m+                     <svg\u001b[39m\n\u001b[31m+                       alt=\"close the modal\"\u001b[39m\n\u001b[31m+                       aria-label=\"close the modal\"\u001b[39m\n\u001b[31m+                       class=\"wfp--modal-close__icon\"\u001b[39m\n\u001b[31m+                       fill-rule=\"evenodd\"\u001b[39m\n\u001b[31m+                       height=\"10\"\u001b[39m\n\u001b[31m+                       role=\"img\"\u001b[39m\n\u001b[31m+                       viewBox=\"0 0 10 10\"\u001b[39m\n\u001b[31m+                       width=\"10\"\u001b[39m\n\u001b[31m+                     >\u001b[39m\n\u001b[31m+                       <title>\u001b[39m\n\u001b[31m+                         close the modal\u001b[39m\n\u001b[31m+                       </title>\u001b[39m\n\u001b[31m+                       <path\u001b[39m\n\u001b[31m+                         d=\"M6.32 5L10 8.68 8.68 10 5 6.32 1.32 10 0 8.68 3.68 5 0 1.32 1.32 0 5 3.68 8.68 0 10 1.32 6.32 5z\"\u001b[39m\n\u001b[31m+                       />\u001b[39m\n\u001b[31m+                     </svg>\u001b[39m\n\u001b[31m+                   </button>\u001b[39m\n\u001b[31m+                 </div>\u001b[39m\n\u001b[31m+                 <div\u001b[39m\n\u001b[31m+                   class=\"wfp--modal-content\"\u001b[39m\n\u001b[31m+                 >\u001b[39m\n\u001b[31m+                   <p\u001b[39m\n\u001b[31m+                     class=\"wfp--modal-content__text\"\u001b[39m\n\u001b[31m+                   >\u001b[39m\n\u001b[31m+                     Text\u001b[39m\n\u001b[31m+                   </p>\u001b[39m\n\u001b[31m+                 </div>\u001b[39m\n\u001b[31m+                 <div\u001b[39m\n\u001b[31m+                   class=\"wfp--modal-footer\"\u001b[39m\n\u001b[31m+                 >\u001b[39m\n\u001b[31m+                   <div\u001b[39m\n\u001b[31m+                     class=\"wfp--modal__buttons-container\"\u001b[39m\n\u001b[31m+                   >\u001b[39m\n\u001b[31m+                     <button\u001b[39m\n\u001b[31m+                       class=\"wfp--btn wfp--btn--secondary\"\u001b[39m\n\u001b[31m+                       tabindex=\"0\"\u001b[39m\n\u001b[31m+                       type=\"button\"\u001b[39m\n\u001b[31m+                     >\u001b[39m\n\u001b[31m+                       Cancel\u001b[39m\n\u001b[31m+                     </button>\u001b[39m\n\u001b[31m+                     <button\u001b[39m\n\u001b[31m+                       class=\"wfp--btn wfp--btn--primary\"\u001b[39m\n\u001b[31m+                       inputref=\"[object Object]\"\u001b[39m\n\u001b[31m+                       tabindex=\"0\"\u001b[39m\n\u001b[31m+                       type=\"button\"\u001b[39m\n\u001b[31m+                     >\u001b[39m\n\u001b[31m+                       Save\u001b[39m\n\u001b[31m+                     </button>\u001b[39m\n\u001b[31m+                   </div>\u001b[39m\n\u001b[31m+                 </div>\u001b[39m\n\u001b[31m+               </div>\u001b[39m\n\u001b[31m+             </div>\u001b[39m\n\u001b[31m+           </div>\u001b[39m\n\u001b[31m+         }\u001b[39m\n\u001b[2m        >\u001b[22m\n\u001b[2m          <div\u001b[22m\n\u001b[32m-           className=\"wfp--modal-container\"\u001b[39m\n\u001b[32m-           role=\"dialog\"\u001b[39m\n\u001b[31m+           className=\"wfp--modal wfp--modal-tall\"\u001b[39m\n\u001b[31m+           onBlur={[Function]}\u001b[39m\n\u001b[31m+           onClick={[Function]}\u001b[39m\n\u001b[31m+           onKeyDown={[Function]}\u001b[39m\n\u001b[31m+           role=\"presentation\"\u001b[39m\n\u001b[31m+           tabIndex={-1}\u001b[39m\n\u001b[2m          >\u001b[22m\n\u001b[2m            <div\u001b[22m\n\u001b[32m-             className=\"wfp--modal-header\"\u001b[39m\n\u001b[31m+             className=\"wfp--modal-container\"\u001b[39m\n\u001b[31m+             role=\"dialog\"\u001b[39m\n\u001b[2m            >\u001b[22m\n\u001b[32m-             <h4\u001b[39m\n\u001b[32m-               className=\"wfp--modal-header__label\"\u001b[39m\n\u001b[31m+             <div\u001b[39m\n\u001b[31m+               className=\"wfp--modal-header\"\u001b[39m\n\u001b[2m              >\u001b[22m\n\u001b[32m-               Test Modal Label\u001b[39m\n\u001b[32m-             </h4>\u001b[39m\n\u001b[32m-             <h2\u001b[39m\n\u001b[32m-               className=\"wfp--modal-header__heading\"\u001b[39m\n\u001b[32m-             >\u001b[39m\n\u001b[32m-               Transactional Modal\u001b[39m\n\u001b[32m-             </h2>\u001b[39m\n\u001b[32m-             <button\u001b[39m\n\u001b[32m-               className=\"wfp--modal-close\"\u001b[39m\n\u001b[32m-               onClick={[Function]}\u001b[39m\n\u001b[32m-               type=\"button\"\u001b[39m\n\u001b[32m-             >\u001b[39m\n\u001b[32m-               <Icon\u001b[39m\n\u001b[32m-                 className=\"wfp--modal-close__icon\"\u001b[39m\n\u001b[32m-                 description=\"close the modal\"\u001b[39m\n\u001b[32m-                 fillRule=\"evenodd\"\u001b[39m\n\u001b[32m-                 icon={\u001b[39m\n\u001b[32m-                   Object {\u001b[39m\n\u001b[32m-                     \"height\": \"10\",\u001b[39m\n\u001b[32m-                     \"id\": \"icon--close\",\u001b[39m\n\u001b[32m-                     \"name\": \"icon--close\",\u001b[39m\n\u001b[32m-                     \"styles\": \"\",\u001b[39m\n\u001b[32m-                     \"svgData\": Object {\u001b[39m\n\u001b[32m-                       \"circles\": \"\",\u001b[39m\n\u001b[32m-                       \"ellipses\": \"\",\u001b[39m\n\u001b[32m-                       \"paths\": Array [\u001b[39m\n\u001b[32m-                         Object {\u001b[39m\n\u001b[32m-                           \"d\": \"M6.32 5L10 8.68 8.68 10 5 6.32 1.32 10 0 8.68 3.68 5 0 1.32 1.32 0 5 3.68 8.68 0 10 1.32 6.32 5z\",\u001b[39m\n\u001b[32m-           
[...]
onText Renders as expected Has the expected classes","location":null,"status":"passed","title":"Has the expected classes"},{"ancestorTitles":["SkeletonText Heading","Renders as expected"],"failureMessages":[],"fullName":"SkeletonText Heading Renders as expected Has the expected classes","location":null,"status":"passed","title":"Has the expected classes"}],"endTime":1545669008562,"message":"","name":"/Applications/MAMP/htdocs/wfp-ui-next/src/components/SkeletonText/SkeletonText-test.js","startTime":1545669008463,"status":"passed","summary":""},{"assertionResults":[{"ancestorTitles":["FormLabel"],"failureMessages":[],"fullName":"FormLabel should render","location":null,"status":"passed","title":"should render"}],"endTime":1545669008575,"message":"","name":"/Applications/MAMP/htdocs/wfp-ui-next/src/components/FormLabel/FormLabel-test.js","startTime":1545669008480,"status":"passed","summary":""},{"assertionResults":[{"ancestorTitles":["Credits","Renders as expected"],"failureMessages":[],"fullName":"Credits Renders as expected should use the appropriate link class","location":null,"status":"passed","title":"should use the appropriate link class"},{"ancestorTitles":["Credits","Renders as expected"],"failureMessages":[],"fullName":"Credits Renders as expected should inherit the href property","location":null,"status":"passed","title":"should inherit the href property"},{"ancestorTitles":["Credits","Renders as expected"],"failureMessages":[],"fullName":"Credits Renders as expected should include child content","location":null,"status":"passed","title":"should include child content"},{"ancestorTitles":["Credits","Renders as expected"],"failureMessages":[],"fullName":"Credits Renders as expected should all for custom classes to be applied","location":null,"status":"passed","title":"should all for custom classes to be applied"}],"endTime":1545669008623,"message":"","name":"/Applications/MAMP/htdocs/wfp-ui-next/src/components/Card/Card-test.js","startTime":1545669008527,"status":"passed","summary":""},{"assertionResults":[{"ancestorTitles":["events tools","composeEventHandlers"],"failureMessages":[],"fullName":"events tools composeEventHandlers should call all handlers if the event has not been prevented","location":null,"status":"passed","title":"should call all handlers if the event has not been prevented"},{"ancestorTitles":["events tools","composeEventHandlers"],"failureMessages":[],"fullName":"events tools composeEventHandlers should stop if a handler calls `preventDefault`","location":null,"status":"passed","title":"should stop if a handler calls `preventDefault`"}],"endTime":1545669008627,"message":"","name":"/Applications/MAMP/htdocs/wfp-ui-next/src/tools/__tests__/events-test.js","startTime":1545669008546,"status":"passed","summary":""},{"assertionResults":[{"ancestorTitles":["Credits","Renders as expected"],"failureMessages":[],"fullName":"Credits Renders as expected should use the appropriate link class","location":null,"status":"passed","title":"should use the appropriate link class"},{"ancestorTitles":["Credits","Renders as expected"],"failureMessages":[],"fullName":"Credits Renders as expected should inherit the href property","location":null,"status":"passed","title":"should inherit the href property"},{"ancestorTitles":["Credits","Renders as expected"],"failureMessages":[],"fullName":"Credits Renders as expected should include child content","location":null,"status":"passed","title":"should include child content"},{"ancestorTitles":["Credits","Renders as expected"],"failureMessages":[],"fullName":"Credits Renders as expected should all for custom classes to be applied","location":null,"status":"passed","title":"should all for custom classes to be applied"}],"endTime":1545669008642,"message":"","name":"/Applications/MAMP/htdocs/wfp-ui-next/src/components/Credits/Credits-test.js","startTime":1545669008567,"status":"passed","summary":""},{"assertionResults":[{"ancestorTitles":["getDisplayName"],"failureMessages":[],"fullName":"getDisplayName should get the name from a React element","location":null,"status":"passed","title":"should get the name from a React element"},{"ancestorTitles":["getDisplayName"],"failureMessages":[],"fullName":"getDisplayName should get the name from a Stateless Functional Component","location":null,"status":"passed","title":"should get the name from a Stateless Functional Component"},{"ancestorTitles":["getDisplayName"],"failureMessages":[],"fullName":"getDisplayName should get the displayName from a class Component","location":null,"status":"passed","title":"should get the displayName from a class Component"}],"endTime":1545669008663,"message":"","name":"/Applications/MAMP/htdocs/wfp-ui-next/src/prop-types/tools/__tests__/getDisplayName-test.js","startTime":1545669008611,"status":"passed","summary":""},{"assertionResults":[{"ancestorTitles":["Link","Renders as expected"],"failureMessages":[],"fullName":"Link Renders as expected should use the appropriate link class","location":null,"status":"passed","title":"should use the appropriate link class"},{"ancestorTitles":["Link","Renders as expected"],"failureMessages":[],"fullName":"Link Renders as expected should inherit the href property","location":null,"status":"passed","title":"should inherit the href property"},{"ancestorTitles":["Link","Renders as expected"],"failureMessages":[],"fullName":"Link Renders as expected should include child content","location":null,"status":"passed","title":"should include child content"},{"ancestorTitles":["Link","Renders as expected"],"failureMessages":[],"fullName":"Link Renders as expected should all for custom classes to be applied","location":null,"status":"passed","title":"should all for custom classes to be applied"}],"endTime":1545669008674,"message":"","name":"/Applications/MAMP/htdocs/wfp-ui-next/src/components/List/List-test.js","startTime":1545669008607,"status":"passed","summary":""},{"assertionResults":[{"ancestorTitles":["uniqueId"],"failureMessages":[],"fullName":"uniqueId increments unique id as expected","location":null,"status":"passed","title":"increments unique id as expected"},{"ancestorTitles":["uniqueId"],"failureMessages":[],"fullName":"uniqueId accepts a custom prefix","location":null,"status":"passed","title":"accepts a custom prefix"}],"endTime":1545669008700,"message":"","name":"/Applications/MAMP/htdocs/wfp-ui-next/src/tools/__tests__/uniqueId-test.js","startTime":1545669008643,"status":"passed","summary":""},{"assertionResults":[{"ancestorTitles":["array utilities"],"failureMessages":[],"fullName":"array utilities should return false when one or more arguments are not an array","location":null,"status":"passed","title":"should return false when one or more arguments are not an array"},{"ancestorTitles":["array utilities"],"failureMessages":[],"fullName":"array utilities should return false when the arrays are different","location":null,"status":"passed","title":"should return false when the arrays are different"},{"ancestorTitles":["array utilities"],"failureMessages":[],"fullName":"array utilities should return true when the arrays are identical","location":null,"status":"passed","title":"should return true when the arrays are identical"}],"endTime":1545669008706,"message":"","name":"/Applications/MAMP/htdocs/wfp-ui-next/src/tools/__tests__/array-test.js","startTime":1545669008648,"status":"passed","summary":""},{"assertionResults":[{"ancestorTitles":["NumberInput","should render as expected","input"],"failureMessages":[],"fullName":"NumberInput should render as expected input renders a numberInput","location":null,"status":"passed","title":"renders a numberInput"},{"ancestorTitles":["NumberInput","should render as expected","input"],"failureMessages":[],"fullName":"NumberInput should render as expected input has the expected classes","location":null,"status":"passed","title":"has the expected classes"},{"ancestorTitles":["NumberInput","should render as expected","input"],"failureMessages":[],"fullName":"NumberInput should render as expected input has renders with form-item wrapper","location":null,"status":"passed","title":"has renders with form-item wrapper"},{"ancestorTitles":["NumberInput","should render as expected","input"],"failureMessages":[],"fullName":"NumberInput should render as expected input applies extra classes via className","location":null,"status":"passed","title":"applies extra classes via className"},{"ancestorTitles":["NumberInput","should render as expected","input"],"failureMessages":[],"fullName":"NumberInput should render as expected input should set a min as expected","location":null,"status":"passed","title":"should set a min as expected"},{"ancestorTitles":["NumberInput","should render as expected","input"],"failureMessages":[],"fullName":"NumberInput should render as expected input should set a max as expected","location":null,"status":"passed","title":"should set a max as expected"},{"ancestorTitles":["NumberInput","should render as expected","input"],"failureMessages":[],"fullName":"NumberInput should render as expected input should set step as expected","location":null,"status":"passed","title":"should set step as expected"},{"ancestorTitles":["NumberInput","should render as expected","input"],"failureMessages":[],"fullName":"NumberInput should render as expected input should set disabled as expected","location":null,"status":"passed","title":"should set disabled as expected"},{"ancestorTitles":["NumberInput","should render as expected","input"],"failureMessages":[],"fullName":"NumberInput should render as expected input should set invalid as expected","location":null,"status":"passed","title":"should set invalid as expected"},{"ancestorTitles":["NumberInput","should render as expected","input"],"failureMessages":[],"fullName":"NumberInput should render as expected input should set invalidText as expected","location":null,"status":"passed","title":"should set invalidText as expected"},{"ancestorTitles":["NumberInput","should render as expected","input"],"failureMessages":[],"fullName":"NumberInput should render as expected input should specify light number input as expected","location":null,"status":"passed","title":"should specify light number input as expected"},{"ancestorTitles":["NumberInput","should render as expected","input"],"failureMessages":[],"fullName":"NumberInput should render as expected input should hide label as expected","location":null,"status":"passed","title":"should hide label as expected"},{"ancestorTitles":["NumberInput","should render as expected","input","initial rendering"],"failureMessages":[],"fullName":"NumberInput should render as expected input initial rendering should set value as expected when value > min","location":null,"status":"passed","title":"should set value as expected when value > min"},{"ancestorTitles":["NumberInput","should render as expected","input","initial rendering"],"failureMessages":[],"fullName":"NumberInput should render as expected input initial rendering should set value as expected when min === 0 and value > min","location":null,"status":"passed","title":"should set value as expected when min === 0 and value > min"},{"ancestorTitles":["NumberInput","should render as expected","input","initial rendering"],"failureMessages":[],"fullName":"NumberInput should render as expected input initial rendering should set value to equal min when value < min","location":null,"status":"passed","title":"should set value to equal min when value < min"},{"ancestorTitles":["NumberInput","should render as expected","input","initial rendering"],"failureMessages":[],"fullName":"NumberInput should render as expected input initial rendering should set value when min is undefined","location":null,"status":"passed","title":"should set value when min is undefined"},{"ancestorTitles":["NumberInput","should render as expected","input","initial rendering"],"failureMessages":[],"fullName":"NumberInput should render as expected input initial rendering should set invalidText when value is empty string","location":null,"status":"passed","title":"should set invalidText when value is empty string"},{"ancestorTitles":["NumberInput","should render as expected","input","initial rendering"],"failureMessages":[],"fullName":"NumberInput should render as expected input initial rendering allow empty string value","location":null,"status":"passed","title":"allow empty string value"},{"ancestorTitles":["NumberInput","should render as expected","input","initial rendering"],"failureMessages":[],"fullName":"NumberInput should render as expected input initial rendering should change the value upon change in props","location":null,"status":"passed","title":"should change the value upon change in props"},{"ancestorTitles":["NumberInput","should render as expected","input","initial rendering"],"failureMessages":[],"fullName":"NumberInput should render as expected input initial rendering should avoid change the value upon setting props, unless there the value actually changes","location":null,"status":"passed","title":"should avoid change the value upon setting props, unless there the value actually changes"},{"ancestorTitles":["NumberInput","should render as expected","Icon"],"failureMessages":[],"fullName":"NumberInput should render as expected Icon renders two Icon components","location":null,"status":"passed","title":"renders two Icon components"},{"ancestorTitles":["NumberInput","should render as expected","Icon"],"failureMessages":[],"fullName":"NumberInput should render as expected Icon has the expected default iconDescription","location":null,"status":"passed","title":"has the expected default iconDescription"},{"ancestorTitles":["NumberInput","should render as expected","Icon"],"failureMessages":[],"fullName":"NumberInput should render as expected Icon should use correct icons","location":null,"status":"passed","title":"should use correct icons"},{"ancestorTitles":["NumberInput","should render as expected","Icon"],"failureMessages":[],"fullName":"NumberInput should render as expected Icon adds new iconDescription when passed via props","location":null,"status":"passed","title":"adds new iconDescription when passed via props"},{"ancestorTitles":["NumberInput","should render as expected","Icon"],"failureMessages":[],"fullName":"NumberInput should render as expected Icon should have iconDescription match Icon component description prop","location":null,"status":"passed","title":"should have iconDescription match Icon component description prop"},{"ancestorTitles":["NumberInput","should render as expected","label"],"failureMessages":[],"fullName":"NumberInput should render as expected label renders a label","location":null,"status":"passed","title":"renders a label"},{"ancestorTitles":["NumberInput","should render as expected","label"],"failureMessages":[],"fullName":"NumberInput should render as expected label has the expected classes","location":null,"status":"passed","title":"has the expected classes"},{"ancestorTitles":["NumberInput","should render as expected","helper"],"failureMessages":[],"fullName":"NumberInput should render as expected helper renders a helper","location":null,"status":"passed","title":"renders a helper"},{"ancestorTitles":["NumberInput","should render as expected","helper"],"failureMessages":[],"fullName":"NumberInput should render as expected helper renders children as expected","location":null,"status":"passed","title":"renders children as expected"},{"ancestorTitles":["NumberInput","should render as expected","helper"],"failureMessages":[],"fullName":"NumberInput should render as expected helper should set helper text as expected","location":null,"status":"passed","title":"should set helper text as expected"},{"ancestorTitles":["NumberInput","events","disabled numberInput"],"failureMessages":[],"fullName":"NumberInput events disabled numberInput should be disabled when numberInput is disabled","location":null,"status":"passed","title":"should be disabled when numberInput is disabled"},{"ancestorTitles":["NumberInput","events","disabled numberInput"],"failureMessages":[],"fullName":"NumberInput events disabled numberInput should not invoke onClick when up arrow is clicked","location":null,"status":"passed","title":"should not invoke onClick when up arrow is clicked"},{"ancestorTitles":["NumberInput","events","disabled numberInput"],"failureMessages":[],"fullName":"NumberInput events disabled numberInput should not invoke onClick when down arrow is clicked","location":null,"status":"passed","title":"should not invoke onClick when down arrow is clicked"},{"ancestorTitles":["NumberInput","events","disabled numberInput"],"failureMessages":[],"fullName":"NumberInput events disabled numberInput should not invoke onChange when numberInput is changed","location":null,"status":"passed","title":"should not invoke onChange when numberInput is changed"},{"ancestorTitles":["NumberInput","events","enabled numberInput"],"failureMessages":[],"fullName":"NumberInput events enabled numberInput should invoke onClick when numberInput is clicked","location":null,"status":"passed","title":"should invoke onClick when numberInput is clicked"},{"ancestorTitles":["NumberInput","events","enabled numberInput"],"failureMessages":[],"fullName":"NumberInput events enabled numberInput should invoke onClick when up arrow is clicked","location":null,"status":"passed","title":"should invoke onClick when up arrow is clicked"},{"ancestorTitles":["NumberInput","events","enabled numberInput"],"failureMessages":[],"fullName":"NumberInput events enabled numberInput should only increase the value on up arrow click if value is less than max","location":null,"status":"passed","title":"should only increase the value on up arrow click if value is less than max"},{"ancestorTitles":["NumberInput","events","enabled numberInput"],"failureMessages":[],"fullName":"NumberInput events enabled numberInput should only decrease the value on down arrow click if value is greater than min","location":null,"status":"passed","title":"should only decrease the value on down arrow click if value is greater than min"},{"ancestorTitles":["NumberInput","events","enabled numberInput"],"failureMessages":[],"fullName":"NumberInput events enabled numberInput should increase by the value of step","location":null,"status":"passed","title":"should increase by the value of step"},{"ancestorTitles":["NumberInput","events","enabled numberInput"],"failureMessages":[],"fullName":"NumberInput events enabled numberInput should decrease by the value of step","location":null,"status":"passed","title":"should decrease by the value of step"},{"ancestorTitles":["NumberInput","events","enabled numberInput"],"failureMessages":[],"fullName":"NumberInput events enabled numberInput should not invoke onClick when down arrow is clicked and value is 0","location":null,"status":"passed","title":"should not invoke onClick when down arrow is clicked and value is 0"},{"ancestorTitles":["NumberInput","events","enabled numberInput"],"failureMessages":[],"fullName":"NumberInput events enabled numberInput should invoke onClick when down arrow is clicked and value is above min","location":null,"status":"passed","title":"should invoke onClick when down arrow is clicked and value is above min"},{"ancestorTitles":["NumberInput","events","enabled numberInput"],"failureMessages":[],"fullName":"NumberInput events enabled numberInput should invoke onChange when numberInput is changed","location":null,"status":"passed","title":"should invoke onChange when numberInput is changed"},{"ancestorTitles":["NumberInputSkeleton","Renders as expected"],"failureMessages":[],"fullName":"NumberInputSkeleton Renders as expected has the expected classes","location":null,"status":"passed","title":"has the expected classes"}],"endTime":1545669009538,"message":"","name":"/Applications/MAMP/htdocs/wfp-ui-next/src/components/FormHint/FormHint-test.js","startTime":1545669006494,"status":"passed","summary":""}],"wasInterrupted":false}