{
  "numFailedTestSuites": 9,
  "numFailedTests": 58,
  "numPassedTestSuites": 50,
  "numPassedTests": 525,
  "numPendingTestSuites": 0,
  "numPendingTests": 0,
  "numRuntimeErrorTestSuites": 0,
  "numTodoTests": 0,
  "numTotalTestSuites": 59,
  "numTotalTests": 583,
  "openHandles": [],
  "snapshot": {
    "added": 0,
    "didUpdate": false,
    "failure": false,
    "filesAdded": 0,
    "filesRemoved": 0,
    "filesRemovedList": [],
    "filesUnmatched": 0,
    "filesUpdated": 0,
    "matched": 6,
    "total": 6,
    "unchecked": 0,
    "uncheckedKeysByFile": [],
    "unmatched": 0,
    "updated": 0
  },
  "startTime": 1604862134604,
  "success": false,
  "testResults": [
    {
      "assertionResults": [
        {
          "ancestorTitles": ["childrenOfType"],
          "failureMessages": [],
          "fullName": "childrenOfType should validate children of a given element type",
          "location": null,
          "status": "passed",
          "title": "should validate children of a given element type"
        },
        {
          "ancestorTitles": ["childrenOfType"],
          "failureMessages": [],
          "fullName": "childrenOfType should warn with an invalid prop type for an invalid element child type",
          "location": null,
          "status": "passed",
          "title": "should warn with an invalid prop type for an invalid element child type"
        },
        {
          "ancestorTitles": ["childrenOfType"],
          "failureMessages": [],
          "fullName": "childrenOfType should validate children of a given stateless functional component type",
          "location": null,
          "status": "passed",
          "title": "should validate children of a given stateless functional component type"
        },
        {
          "ancestorTitles": ["childrenOfType"],
          "failureMessages": [],
          "fullName": "childrenOfType should warn with an invalid prop type for an invalid SFC child type",
          "location": null,
          "status": "passed",
          "title": "should warn with an invalid prop type for an invalid SFC child type"
        },
        {
          "ancestorTitles": ["childrenOfType"],
          "failureMessages": [],
          "fullName": "childrenOfType should validate children of a given class component type",
          "location": null,
          "status": "passed",
          "title": "should validate children of a given class component type"
        },
        {
          "ancestorTitles": ["childrenOfType"],
          "failureMessages": [],
          "fullName": "childrenOfType should warn with an invalid prop type for an invalid class component child type",
          "location": null,
          "status": "passed",
          "title": "should warn with an invalid prop type for an invalid class component child type"
        },
        {
          "ancestorTitles": ["childrenOfType"],
          "failureMessages": [],
          "fullName": "childrenOfType should work with `isRequired`",
          "location": null,
          "status": "passed",
          "title": "should work with `isRequired`"
        }
      ],
      "endTime": 1604862140725,
      "message": "",
      "name": "/Applications/MAMP/htdocs/wfp-ui-next/src/prop-types/__tests__/childrenOfType-test.js",
      "startTime": 1604862136817,
      "status": "passed",
      "summary": ""
    },
    {
      "assertionResults": [
        {
          "ancestorTitles": ["getDisplayName"],
          "failureMessages": [],
          "fullName": "getDisplayName should get the name from a React element",
          "location": null,
          "status": "passed",
          "title": "should get the name from a React element"
        },
        {
          "ancestorTitles": ["getDisplayName"],
          "failureMessages": [],
          "fullName": "getDisplayName should get the name from a Stateless Functional Component",
          "location": null,
          "status": "passed",
          "title": "should get the name from a Stateless Functional Component"
        },
        {
          "ancestorTitles": ["getDisplayName"],
          "failureMessages": [],
          "fullName": "getDisplayName should get the displayName from a class Component",
          "location": null,
          "status": "passed",
          "title": "should get the displayName from a class Component"
        }
      ],
      "endTime": 1604862140885,
      "message": "",
      "name": "/Applications/MAMP/htdocs/wfp-ui-next/src/prop-types/tools/__tests__/getDisplayName-test.js",
      "startTime": 1604862136961,
      "status": "passed",
      "summary": ""
    },
    {
      "assertionResults": [
        {
          "ancestorTitles": ["childrenOf"],
          "failureMessages": [],
          "fullName": "childrenOf should validate children of a given enum of types",
          "location": null,
          "status": "passed",
          "title": "should validate children of a given enum of types"
        },
        {
          "ancestorTitles": ["childrenOf"],
          "failureMessages": [],
          "fullName": "childrenOf should warn with an invalid prop type for an invalid type",
          "location": null,
          "status": "passed",
          "title": "should warn with an invalid prop type for an invalid type"
        },
        {
          "ancestorTitles": ["childrenOf"],
          "failureMessages": [],
          "fullName": "childrenOf should work with `isRequired`",
          "location": null,
          "status": "passed",
          "title": "should work with `isRequired`"
        }
      ],
      "endTime": 1604862141030,
      "message": "",
      "name": "/Applications/MAMP/htdocs/wfp-ui-next/src/prop-types/__tests__/childrenOf-test.js",
      "startTime": 1604862136907,
      "status": "passed",
      "summary": ""
    },
    {
      "assertionResults": [
        {
          "ancestorTitles": ["FormError", "Renders as expected"],
          "failureMessages": [],
          "fullName": "FormError Renders as expected should use the appropriate link class",
          "location": null,
          "status": "passed",
          "title": "should use the appropriate link class"
        }
      ],
      "endTime": 1604862141210,
      "message": "",
      "name": "/Applications/MAMP/htdocs/wfp-ui-next/src/components/FormError/FormError-test.js",
      "startTime": 1604862136926,
      "status": "passed",
      "summary": ""
    },
    {
      "assertionResults": [
        {
          "ancestorTitles": ["Credits", "Renders as expected"],
          "failureMessages": [],
          "fullName": "Credits Renders as expected should use the appropriate link class",
          "location": null,
          "status": "passed",
          "title": "should use the appropriate link class"
        },
        {
          "ancestorTitles": ["Credits", "Renders as expected"],
          "failureMessages": [],
          "fullName": "Credits Renders as expected should inherit the href property",
          "location": null,
          "status": "passed",
          "title": "should inherit the href property"
        },
        {
          "ancestorTitles": ["Credits", "Renders as expected"],
          "failureMessages": [],
          "fullName": "Credits Renders as expected should include child content",
          "location": null,
          "status": "passed",
          "title": "should include child content"
        },
        {
          "ancestorTitles": ["Credits", "Renders as expected"],
          "failureMessages": [],
          "fullName": "Credits Renders as expected should all for custom classes to be applied",
          "location": null,
          "status": "passed",
          "title": "should all for custom classes to be applied"
        }
      ],
      "endTime": 1604862141387,
      "message": "",
      "name": "/Applications/MAMP/htdocs/wfp-ui-next/src/components/Credits/Credits-test.js",
      "startTime": 1604862137300,
      "status": "passed",
      "summary": ""
    },
    {
      "assertionResults": [
        {
          "ancestorTitles": [
            "InputGroup",
            "renders as expected",
            "wrapping div"
          ],
          "failureMessages": [],
          "fullName": "InputGroup renders as expected wrapping div renders a div",
          "location": null,
          "status": "passed",
          "title": "renders a div"
        },
        {
          "ancestorTitles": [
            "InputGroup",
            "renders as expected",
            "wrapping div"
          ],
          "failureMessages": [],
          "fullName": "InputGroup renders as expected wrapping div sets classes that are passed via className prop",
          "location": null,
          "status": "passed",
          "title": "sets classes that are passed via className prop"
        },
        {
          "ancestorTitles": [
            "InputGroup",
            "renders as expected",
            "wrapping div"
          ],
          "failureMessages": [],
          "fullName": "InputGroup renders as expected wrapping div sets disabled attribute if disabled prop is set",
          "location": null,
          "status": "passed",
          "title": "sets disabled attribute if disabled prop is set"
        },
        {
          "ancestorTitles": ["InputGroup", "renders as expected", "children"],
          "failureMessages": [],
          "fullName": "InputGroup renders as expected children renders expected number of children",
          "location": null,
          "status": "passed",
          "title": "renders expected number of children"
        },
        {
          "ancestorTitles": ["InputGroup", "renders as expected", "children"],
          "failureMessages": [
            "Error: \u001b[2mexpect(\u001b[22m\u001b[31mreceived\u001b[39m\u001b[2m).\u001b[22mtoEqual\u001b[2m(\u001b[22m\u001b[32mexpected\u001b[39m\u001b[2m) // deep equality\u001b[22m\n\nExpected: \u001b[32mtrue\u001b[39m\nReceived: \u001b[31mundefined\u001b[39m\n    at Object.<anonymous> (/Applications/MAMP/htdocs/wfp-ui-next/src/components/InputGroup/InputGroup-test.js:41:54)\n    at Object.asyncJestTest (/Applications/MAMP/htdocs/wfp-ui-next/node_modules/jest-jasmine2/build/jasmineAsyncInstall.js:106:37)\n    at /Applications/MAMP/htdocs/wfp-ui-next/node_modules/jest-jasmine2/build/queueRunner.js:45:12\n    at new Promise (<anonymous>)\n    at mapper (/Applications/MAMP/htdocs/wfp-ui-next/node_modules/jest-jasmine2/build/queueRunner.js:28:19)\n    at /Applications/MAMP/htdocs/wfp-ui-next/node_modules/jest-jasmine2/build/queueRunner.js:75:41\n    at processTicksAndRejections (internal/process/task_queues.js:93:5)"
          ],
          "fullName": "InputGroup renders as expected children should set checked property based on defaultSelected prop",
          "location": null,
          "status": "failed",
          "title": "should set checked property based on defaultSelected prop"
        },
        {
          "ancestorTitles": ["InputGroup", "renders as expected", "children"],
          "failureMessages": [
            "Error: \u001b[2mexpect(\u001b[22m\u001b[31mreceived\u001b[39m\u001b[2m).\u001b[22mtoEqual\u001b[2m(\u001b[22m\u001b[32mexpected\u001b[39m\u001b[2m) // deep equality\u001b[22m\n\nExpected: \u001b[32mtrue\u001b[39m\nReceived: \u001b[31mundefined\u001b[39m\n    at Object.<anonymous> (/Applications/MAMP/htdocs/wfp-ui-next/src/components/InputGroup/InputGroup-test.js:46:55)\n    at Object.asyncJestTest (/Applications/MAMP/htdocs/wfp-ui-next/node_modules/jest-jasmine2/build/jasmineAsyncInstall.js:106:37)\n    at /Applications/MAMP/htdocs/wfp-ui-next/node_modules/jest-jasmine2/build/queueRunner.js:45:12\n    at new Promise (<anonymous>)\n    at mapper (/Applications/MAMP/htdocs/wfp-ui-next/node_modules/jest-jasmine2/build/queueRunner.js:28:19)\n    at /Applications/MAMP/htdocs/wfp-ui-next/node_modules/jest-jasmine2/build/queueRunner.js:75:41\n    at processTicksAndRejections (internal/process/task_queues.js:93:5)"
          ],
          "fullName": "InputGroup renders as expected children should set checked property based on valueSelected prop",
          "location": null,
          "status": "failed",
          "title": "should set checked property based on valueSelected prop"
        },
        {
          "ancestorTitles": ["InputGroup", "renders as expected", "children"],
          "failureMessages": [
            "Error: \u001b[2mexpect(\u001b[22m\u001b[31mreceived\u001b[39m\u001b[2m).\u001b[22mtoEqual\u001b[2m(\u001b[22m\u001b[32mexpected\u001b[39m\u001b[2m) // deep equality\u001b[22m\n\nExpected: \u001b[32m\"gender\"\u001b[39m\nReceived: \u001b[31mundefined\u001b[39m\n    at Object.<anonymous> (/Applications/MAMP/htdocs/wfp-ui-next/src/components/InputGroup/InputGroup-test.js:53:41)\n    at Object.asyncJestTest (/Applications/MAMP/htdocs/wfp-ui-next/node_modules/jest-jasmine2/build/jasmineAsyncInstall.js:106:37)\n    at /Applications/MAMP/htdocs/wfp-ui-next/node_modules/jest-jasmine2/build/queueRunner.js:45:12\n    at new Promise (<anonymous>)\n    at mapper (/Applications/MAMP/htdocs/wfp-ui-next/node_modules/jest-jasmine2/build/queueRunner.js:28:19)\n    at /Applications/MAMP/htdocs/wfp-ui-next/node_modules/jest-jasmine2/build/queueRunner.js:75:41\n    at processTicksAndRejections (internal/process/task_queues.js:93:5)"
          ],
          "fullName": "InputGroup renders as expected children should set expected props on children",
          "location": null,
          "status": "failed",
          "title": "should set expected props on children"
        },
        {
          "ancestorTitles": ["InputGroup", "onChange event"],
          "failureMessages": [
            "Error: \u001b[2mexpect(\u001b[22m\u001b[31mreceived\u001b[39m\u001b[2m).\u001b[22mtoEqual\u001b[2m(\u001b[22m\u001b[32mexpected\u001b[39m\u001b[2m) // deep equality\u001b[22m\n\nExpected: \u001b[32mfalse\u001b[39m\nReceived: \u001b[31mundefined\u001b[39m\n    at Object.<anonymous> (/Applications/MAMP/htdocs/wfp-ui-next/src/components/InputGroup/InputGroup-test.js:72:42)\n    at Object.asyncJestTest (/Applications/MAMP/htdocs/wfp-ui-next/node_modules/jest-jasmine2/build/jasmineAsyncInstall.js:106:37)\n    at /Applications/MAMP/htdocs/wfp-ui-next/node_modules/jest-jasmine2/build/queueRunner.js:45:12\n    at new Promise (<anonymous>)\n    at mapper (/Applications/MAMP/htdocs/wfp-ui-next/node_modules/jest-jasmine2/build/queueRunner.js:28:19)\n    at /Applications/MAMP/htdocs/wfp-ui-next/node_modules/jest-jasmine2/build/queueRunner.js:75:41\n    at processTicksAndRejections (internal/process/task_queues.js:93:5)"
          ],
          "fullName": "InputGroup onChange event first child should not have checked set initially",
          "location": null,
          "status": "failed",
          "title": "first child should not have checked set initially"
        },
        {
          "ancestorTitles": ["InputGroup", "onChange event"],
          "failureMessages": [
            "Error: \u001b[2mexpect(\u001b[22m\u001b[31mreceived\u001b[39m\u001b[2m).\u001b[22mtoEqual\u001b[2m(\u001b[22m\u001b[32mexpected\u001b[39m\u001b[2m) // deep equality\u001b[22m\n\nExpected: \u001b[32mtrue\u001b[39m\nReceived: \u001b[31mundefined\u001b[39m\n    at Object.<anonymous> (/Applications/MAMP/htdocs/wfp-ui-next/src/components/InputGroup/InputGroup-test.js:78:65)\n    at Object.asyncJestTest (/Applications/MAMP/htdocs/wfp-ui-next/node_modules/jest-jasmine2/build/jasmineAsyncInstall.js:106:37)\n    at /Applications/MAMP/htdocs/wfp-ui-next/node_modules/jest-jasmine2/build/queueRunner.js:45:12\n    at new Promise (<anonymous>)\n    at mapper (/Applications/MAMP/htdocs/wfp-ui-next/node_modules/jest-jasmine2/build/queueRunner.js:28:19)\n    at /Applications/MAMP/htdocs/wfp-ui-next/node_modules/jest-jasmine2/build/queueRunner.js:75:41\n    at processTicksAndRejections (internal/process/task_queues.js:93:5)"
          ],
          "fullName": "InputGroup onChange event invoking onChange sets checked on correct child",
          "location": null,
          "status": "failed",
          "title": "invoking onChange sets checked on correct child"
        },
        {
          "ancestorTitles": ["InputGroup", "onChange event"],
          "failureMessages": [
            "Error: \u001b[2mexpect(\u001b[22m\u001b[31mjest.fn()\u001b[39m\u001b[2m).\u001b[22mtoBeCalledWith\u001b[2m(\u001b[22m\u001b[32m...expected\u001b[39m\u001b[2m)\u001b[22m\n\nExpected: \u001b[32m\"male\"\u001b[39m, \u001b[32m\"gender\"\u001b[39m, \u001b[32m{\"test\": \"test event\"}\u001b[39m\n\nNumber of calls: \u001b[31m0\u001b[39m\n    at Object.<anonymous> (/Applications/MAMP/htdocs/wfp-ui-next/src/components/InputGroup/InputGroup-test.js:82:7)\n    at Object.asyncJestTest (/Applications/MAMP/htdocs/wfp-ui-next/node_modules/jest-jasmine2/build/jasmineAsyncInstall.js:106:37)\n    at /Applications/MAMP/htdocs/wfp-ui-next/node_modules/jest-jasmine2/build/queueRunner.js:45:12\n    at new Promise (<anonymous>)\n    at mapper (/Applications/MAMP/htdocs/wfp-ui-next/node_modules/jest-jasmine2/build/queueRunner.js:28:19)\n    at /Applications/MAMP/htdocs/wfp-ui-next/node_modules/jest-jasmine2/build/queueRunner.js:75:41\n    at processTicksAndRejections (internal/process/task_queues.js:93:5)"
          ],
          "fullName": "InputGroup onChange event should invoke onChange with correct arguments",
          "location": null,
          "status": "failed",
          "title": "should invoke onChange with correct arguments"
        },
        {
          "ancestorTitles": ["InputGroup", "onChange event"],
          "failureMessages": [],
          "fullName": "InputGroup onChange event calling onChange with same args should not call onChange prop",
          "location": null,
          "status": "passed",
          "title": "calling onChange with same args should not call onChange prop"
        },
        {
          "ancestorTitles": ["InputGroup", "Getting derived state from props"],
          "failureMessages": [],
          "fullName": "InputGroup Getting derived state from props should initialize the current selection from props",
          "location": null,
          "status": "passed",
          "title": "should initialize the current selection from props"
        },
        {
          "ancestorTitles": ["InputGroup", "Getting derived state from props"],
          "failureMessages": [],
          "fullName": "InputGroup Getting derived state from props should change the current selection upon change in props",
          "location": null,
          "status": "passed",
          "title": "should change the current selection upon change in props"
        },
        {
          "ancestorTitles": ["InputGroup", "Getting derived state from props"],
          "failureMessages": [],
          "fullName": "InputGroup Getting derived state from props should avoid change the current selection upon setting props, unless there the value actually changes",
          "location": null,
          "status": "passed",
          "title": "should avoid change the current selection upon setting props, unless there the value actually changes"
        }
      ],
      "endTime": 1604862141243,
      "message": "\u001b[1m\u001b[31m  \u001b[1m● \u001b[22m\u001b[1mInputGroup › renders as expected › children › should set checked property based on defaultSelected prop\u001b[39m\u001b[22m\n\n    \u001b[2mexpect(\u001b[22m\u001b[31mreceived\u001b[39m\u001b[2m).\u001b[22mtoEqual\u001b[2m(\u001b[22m\u001b[32mexpected\u001b[39m\u001b[2m) // deep equality\u001b[22m\n\n    Expected: \u001b[32mtrue\u001b[39m\n    Received: \u001b[31mundefined\u001b[39m\n\u001b[2m\u001b[22m\n\u001b[2m    \u001b[0m \u001b[90m 39 | \u001b[39m\u001b[0m\u001b[22m\n\u001b[2m    \u001b[0m \u001b[90m 40 | \u001b[39m      it(\u001b[32m'should set checked property based on defaultSelected prop'\u001b[39m\u001b[33m,\u001b[39m () \u001b[33m=>\u001b[39m {\u001b[0m\u001b[22m\n\u001b[2m    \u001b[0m\u001b[31m\u001b[1m>\u001b[22m\u001b[2m\u001b[39m\u001b[90m 41 | \u001b[39m        expect(radioButton()\u001b[33m.\u001b[39mlast()\u001b[33m.\u001b[39mprops()\u001b[33m.\u001b[39mchecked)\u001b[33m.\u001b[39mtoEqual(\u001b[36mtrue\u001b[39m)\u001b[33m;\u001b[39m\u001b[0m\u001b[22m\n\u001b[2m    \u001b[0m \u001b[90m    | \u001b[39m                                                     \u001b[31m\u001b[1m^\u001b[22m\u001b[2m\u001b[39m\u001b[0m\u001b[22m\n\u001b[2m    \u001b[0m \u001b[90m 42 | \u001b[39m      })\u001b[33m;\u001b[39m\u001b[0m\u001b[22m\n\u001b[2m    \u001b[0m \u001b[90m 43 | \u001b[39m\u001b[0m\u001b[22m\n\u001b[2m    \u001b[0m \u001b[90m 44 | \u001b[39m      it(\u001b[32m'should set checked property based on valueSelected prop'\u001b[39m\u001b[33m,\u001b[39m () \u001b[33m=>\u001b[39m {\u001b[0m\u001b[22m\n\u001b[2m\u001b[22m\n\u001b[2m      \u001b[2mat Object.<anonymous> (\u001b[22m\u001b[2m\u001b[0m\u001b[36msrc/components/InputGroup/InputGroup-test.js\u001b[39m\u001b[0m\u001b[2m:41:54)\u001b[22m\u001b[2m\u001b[22m\n\n\u001b[1m\u001b[31m  \u001b[1m● \u001b[22m\u001b[1mInputGroup › renders as expected › children › should set checked property based on valueSelected prop\u001b[39m\u001b[22m\n\n    \u001b[2mexpect(\u001b[22m\u001b[31mreceived\u001b[39m\u001b[2m).\u001b[22mtoEqual\u001b[2m(\u001b[22m\u001b[32mexpected\u001b[39m\u001b[2m) // deep equality\u001b[22m\n\n    Expected: \u001b[32mtrue\u001b[39m\n    Received: \u001b[31mundefined\u001b[39m\n\u001b[2m\u001b[22m\n\u001b[2m    \u001b[0m \u001b[90m 44 | \u001b[39m      it(\u001b[32m'should set checked property based on valueSelected prop'\u001b[39m\u001b[33m,\u001b[39m () \u001b[33m=>\u001b[39m {\u001b[0m\u001b[22m\n\u001b[2m    \u001b[0m \u001b[90m 45 | \u001b[39m        wrapper\u001b[33m.\u001b[39msetProps({ valueSelected\u001b[33m:\u001b[39m \u001b[32m'male'\u001b[39m })\u001b[33m;\u001b[39m\u001b[0m\u001b[22m\n\u001b[2m    \u001b[0m\u001b[31m\u001b[1m>\u001b[22m\u001b[2m\u001b[39m\u001b[90m 46 | \u001b[39m        expect(radioButton()\u001b[33m.\u001b[39mfirst()\u001b[33m.\u001b[39mprops()\u001b[33m.\u001b[39mchecked)\u001b[33m.\u001b[39mtoEqual(\u001b[36mtrue\u001b[39m)\u001b[33m;\u001b[39m\u001b[0m\u001b[22m\n\u001b[2m    \u001b[0m \u001b[90m    | \u001b[39m                                                      \u001b[31m\u001b[1m^\u001b[22m\u001b[2m\u001b[39m\u001b[0m\u001b[22m\n\u001b[2m    \u001b[0m \u001b[90m 47 | \u001b[39m        wrapper\u001b[33m.\u001b[39msetProps({ valueSelected\u001b[33m:\u001b[39m \u001b[32m'female'\u001b[39m })\u001b[33m;\u001b[39m\u001b[0m\u001b[22m\n\u001b[2m    \u001b[0m \u001b[90m 48 | \u001b[39m        expect(radioButton()\u001b[33m.\u001b[39mlast()\u001b[33m.\u001b[39mprops()\u001b[33m.\u001b[39mchecked)\u001b[33m.\u001b[39mtoEqual(\u001b[36mtrue\u001b[39m)\u001b[33m;\u001b[39m\u001b[0m\u001b[22m\n\u001b[2m    \u001b[0m \u001b[90m 49 | \u001b[39m      })\u001b[33m;\u001b[39m\u001b[0m\u001b[22m\n\u001b[2m\u001b[22m\n\u001b[2m      \u001b[2mat Object.<anonymous> (\u001b[22m\u001b[2m\u001b[0m\u001b[36msrc/components/InputGroup/InputGroup-test.js\u001b[39m\u001b[0m\u001b[2m:46:55)\u001b[22m\u001b[2m\u001b[22m\n\n\u001b[1m\u001b[31m  \u001b[1m● \u001b[22m\u001b[1mInputGroup › renders as expected › children › should set expected props on children\u001b[39m\u001b[22m\n\n    \u001b[2mexpect(\u001b[22m\u001b[31mreceived\u001b[39m\u001b[2m).\u001b[22mtoEqual\u001b[2m(\u001b[22m\u001b[32mexpected\u001b[39m\u001b[2m) // deep equality\u001b[22m\n\n    Expected: \u001b[32m\"gender\"\u001b[39m\n    Received: \u001b[31mundefined\u001b[39m\n\u001b[2m\u001b[22m\n\u001b[2m    \u001b[0m \u001b[90m 51 | \u001b[39m      it(\u001b[32m'should set expected props on children'\u001b[39m\u001b[33m,\u001b[39m () \u001b[33m=>\u001b[39m {\u001b[0m\u001b[22m\n\u001b[2m    \u001b[0m \u001b[90m 52 | \u001b[39m        \u001b[36mconst\u001b[39m firstChild \u001b[33m=\u001b[39m radioButton()\u001b[33m.\u001b[39mfirst()\u001b[33m;\u001b[39m\u001b[0m\u001b[22m\n\u001b[2m    \u001b[0m\u001b[31m\u001b[1m>\u001b[22m\u001b[2m\u001b[39m\u001b[90m 53 | \u001b[39m        expect(firstChild\u001b[33m.\u001b[39mprops()\u001b[33m.\u001b[39mname)\u001b[33m.\u001b[39mtoEqual(\u001b[32m'gender'\u001b[39m)\u001b[33m;\u001b[39m\u001b[0m\u001b[22m\n\u001b[2m    \u001b[0m \u001b[90m    | \u001b[39m                                        \u001b[31m\u001b[1m^\u001b[22m\u001b[2m\u001b[39m\u001b[0m\u001b[22m\n\u001b[2m    \u001b[0m \u001b[90m 54 | \u001b[39m        expect(firstChild\u001b[33m.\u001b[39mprops()\u001b[33m.\u001b[39mvalue)\u001b[33m.\u001b[39mtoEqual(\u001b[32m'male'\u001b[39m)\u001b[33m;\u001b[39m\u001b[0m\u001b[22m\n\u001b[2m    \u001b[0m \u001b[90m 55 | \u001b[39m      })\u001b[33m;\u001b[39m\u001b[0m\u001b[22m\n\u001b[2m    \u001b[0m \u001b[90m 56 | \u001b[39m    })\u001b[33m;\u001b[39m\u001b[0m\u001b[22m\n\u001b[2m\u001b[22m\n\u001b[2m      \u001b[2mat Object.<anonymous> (\u001b[22m\u001b[2m\u001b[0m\u001b[36msrc/components/InputGroup/InputGroup-test.js\u001b[39m\u001b[0m\u001b[2m:53:41)\u001b[22m\u001b[2m\u001b[22m\n\n\u001b[1m\u001b[31m  \u001b[1m● \u001b[22m\u001b[1mInputGroup › onChange event › first child should not have checked set initially\u001b[39m\u001b[22m\n\n    \u001b[2mexpect(\u001b[22m\u001b[31mreceived\u001b[39m\u001b[2m).\u001b[22mtoEqual\u001b[2m(\u001b[22m\u001b[32mexpected\u001b[39m\u001b[2m) // deep equality\u001b[22m\n\n    Expected: \u001b[32mfalse\u001b[39m\n    Received: \u001b[31mundefined\u001b[39m\n\u001b[2m\u001b[22m\n\u001b[2m    \u001b[0m \u001b[90m 70 | \u001b[39m\u001b[0m\u001b[22m\n\u001b[2m    \u001b[0m \u001b[90m 71 | \u001b[39m    it(\u001b[32m'first child should not have checked set initially'\u001b[39m\u001b[33m,\u001b[39m () \u001b[33m=>\u001b[39m {\u001b[0m\u001b[22m\n\u001b[2m    \u001b[0m\u001b[31m\u001b[1m>\u001b[22m\u001b[2m\u001b[39m\u001b[90m 72 | \u001b[39m      expect(firstRadio\u001b[33m.\u001b[39mprops()\u001b[33m.\u001b[39mchecked)\u001b[33m.\u001b[39mtoEqual(\u001b[36mfalse\u001b[39m)\u001b[33m;\u001b[39m\u001b[0m\u001b[22m\n\u001b[2m    \u001b[0m \u001b[90m    | \u001b[39m                                         \u001b[31m\u001b[1m^\u001b[22m\u001b[2m\u001b[39m\u001b[0m\u001b[22m\n\u001b[2m    \u001b[0m \u001b[90m 73 | \u001b[39m    })\u001b[33m;\u001b[39m\u001b[0m\u001b[22m\n\u001b[2m    \u001b[0m \u001b[90m 74 | \u001b[39m\u001b[0m\u001b[22m\n\u001b[2m    \u001b[0m \u001b[90m 75 | \u001b[39m    it(\u001b[32m'invoking onChange sets checked on correct child'\u001b[39m\u001b[33m,\u001b[39m () \u001b[33m=>\u001b[39m {\u001b[0m\u001b[22m\n\u001b[2m\u001b[22m\n\u001b[2m      \u001b[2mat Object.<anonymous> (\u001b[22m\u001b[2m\u001b[0m\u001b[36msrc/components/InputGroup/InputGroup-test.js\u001b[39m\u001b[0m\u001b[2m:72:42)\u001b[22m\u001b[2m\u001b[22m\n\n\u001b[1m\u001b[31m  \u001b[1m● \u001b[22m\u001b[1mInputGroup › onChange event › invoking onChange sets checked on correct child\u001b[39m\u001b[22m\n\n    \u001b[2mexpect(\u001b[22m\u001b[31mreceived\u001b[39m\u001b[2m).\u001b[22mtoEqual\u001b[2m(\u001b[22m\u001b[32mexpected\u001b[39m\u001b[2m) // deep equality\u001b[22m\n\n    Expected: \u001b[32mtrue\u001b[39m\n    Received: \u001b[31mundefined\u001b[39m\n\u001b[2m\u001b[22m\n\u001b[2m    \u001b[0m \u001b[90m 76 | \u001b[39m      firstRadio\u001b[33m.\u001b[39mprops()\u001b[33m.\u001b[39monChange(\u001b[33m...\u001b[39margs)\u001b[33m;\u001b[39m\u001b[0m\u001b[22m\n\u001b[2m    \u001b[0m \u001b[90m 77 | \u001b[39m      wrapper\u001b[33m.\u001b[39mupdate()\u001b[33m;\u001b[39m\u001b[0m\u001b[22m\n\u001b[2m    \u001b[0m\u001b[31m\u001b[1m>\u001b[22m\u001b[2m\u001b[39m\u001b[90m 78 | \u001b[39m      expect(wrapper\u001b[33m.\u001b[39mfind(\u001b[33mRadioButton\u001b[39m)\u001b[33m.\u001b[39mfirst()\u001b[33m.\u001b[39mprops()\u001b[33m.\u001b[39mchecked)\u001b[33m.\u001b[39mtoEqual(\u001b[36mtrue\u001b[39m)\u001b[33m;\u001b[39m\u001b[0m\u001b[22m\n\u001b[2m    \u001b[0m \u001b[90m    | \u001b[39m                                                                \u001b[31m\u001b[1m^\u001b[22m\u001b[2m\u001b[39m\u001b[0m\u001b[22m\n\u001b[2m    \u001b[0m \u001b[90m 79 | \u001b[39m    })\u001b[33m;\u001b[39m\u001b[0m\u001b[22m\n\u001b[2m    \u001b[0m \u001b[90m 80 | \u001b[39m\u001b[0m\u001b[22m\n\u001b[2m    \u001b[0m \u001b[90m 81 | \u001b[39m    it(\u001b[32m'should invoke onChange with correct arguments'\u001b[39m\u001b[33m,\u001b[39m () \u001b[33m=>\u001b[39m {\u001b[0m\u001b[22m\n\u001b[2m\u001b[22m\n\u001b[2m      \u001b[2mat Object.<anonymous> (\u001b[22m\u001b[2m\u001b[0m\u001b[36msrc/components/InputGroup/InputGroup-test.js\u001b[39m\u001b[0m\u001b[2m:78:65)\u001b[22m\u001b[2m\u001b[22m\n\n\u001b[1m\u001b[31m  \u001b[1m● \u001b[22m\u001b[1mInputGroup › onChange event › should invoke onChange with correct arguments\u001b[39m\u001b[22m\n\n    \u001b[2mexpect(\u001b[22m\u001b[31mjest.fn()\u001b[39m\u001b[2m).\u001b[22mtoBeCalledWith\u001b[2m(\u001b[22m\u001b[32m...expected\u001b[39m\u001b[2m)\u001b[22m\n\n    Expected: \u001b[32m\"male\"\u001b[39m, \u001b[32m\"gender\"\u001b[39m, \u001b[32m{\"test\": \"test event\"}\u001b[39m\n\n    Number of calls: \u001b[31m0\u001b[39m\n\u001b[2m\u001b[22m\n\u001b[2m    \u001b[0m \u001b[90m 80 | \u001b[39m\u001b[0m\u001b[22m\n\u001b[2m    \u001b[0m \u001b[90m 81 | \u001b[39m    it(\u001b[32m'should invoke onChange with correct arguments'\u001b[39m\u001b[33m,\u001b[39m () \u001b[33m=>\u001b[39m {\u001b[0m\u001b[22m\n\u001b[2m    \u001b[0m\u001b[31m\u001b[1m>\u001b[22m\u001b[2m\u001b[39m\u001b[90m 82 | \u001b[39m      expect(onChange)\u001b[33m.\u001b[39mtoBeCalledWith(\u001b[33m...\u001b[39margs)\u001b[33m;\u001b[39m\u001b[0m\u001b[22m\n\u001b[2m    \u001b[0m \u001b[90m    | \u001b[39m      \u001b[31m\u001b[1m^\u001b[22m\u001b[2m\u001b[39m\u001b[0m\u001b[22m\n\u001b[2m    \u001b[0m \u001b[90m 83 | \u001b[39m    })\u001b[33m;\u001b[39m\u001b[0m\u001b[22m\n\u001b[2m    \u001b[0m \u001b[90m 84 | \u001b[39m\u001b[0m\u001b[22m\n\u001b[2m    \u001b[0m \u001b[90m 85 | \u001b[39m    it(\u001b[32m'calling onChange with same args should not call onChange prop'\u001b[39m\u001b[33m,\u001b[39m () \u001b[33m=>\u001b[39m {\u001b[0m\u001b[22m\n\u001b[2m\u001b[22m\n\u001b[2m      \u001b[2mat Object.<anonymous> (\u001b[22m\u001b[2m\u001b[0m\u001b[36msrc/components/InputGroup/InputGroup-test.js\u001b[39m\u001b[0m\u001b[2m:82:7)\u001b[22m\u001b[2m\u001b[22m\n",
      "name": "/Applications/MAMP/htdocs/wfp-ui-next/src/components/InputGroup/InputGroup-test.js",
      "startTime": 1604862136893,
      "status": "failed",
      "summary": ""
    },
    {
      "assertionResults": [
        {
          "ancestorTitles": ["Tag", "Renders as expected"],
          "failureMessages": [],
          "fullName": "Tag Renders as expected should render with the appropriate type",
          "location": null,
          "status": "passed",
          "title": "should render with the appropriate type"
        },
        {
          "ancestorTitles": ["Tag", "Renders as expected"],
          "failureMessages": [],
          "fullName": "Tag Renders as expected should provide a default label based on the type",
          "location": null,
          "status": "passed",
          "title": "should provide a default label based on the type"
        },
        {
          "ancestorTitles": ["Tag"],
          "failureMessages": [],
          "fullName": "Tag should allow for a custom label",
          "location": null,
          "status": "passed",
          "title": "should allow for a custom label"
        },
        {
          "ancestorTitles": ["Tag"],
          "failureMessages": [],
          "fullName": "Tag should support extra class names",
          "location": null,
          "status": "passed",
          "title": "should support extra class names"
        },
        {
          "ancestorTitles": ["TagSkeleton", "Renders as expected"],
          "failureMessages": [],
          "fullName": "TagSkeleton Renders as expected Has the expected classes",
          "location": null,
          "status": "passed",
          "title": "Has the expected classes"
        }
      ],
      "endTime": 1604862142298,
      "message": "",
      "name": "/Applications/MAMP/htdocs/wfp-ui-next/src/components/Tag/Tag-test.js",
      "startTime": 1604862138141,
      "status": "passed",
      "summary": ""
    },
    {
      "assertionResults": [
        {
          "ancestorTitles": ["Breadcrumb", "Renders as expected"],
          "failureMessages": [],
          "fullName": "Breadcrumb Renders as expected renders a breadcrumb",
          "location": null,
          "status": "passed",
          "title": "renders a breadcrumb"
        },
        {
          "ancestorTitles": ["Breadcrumb", "Renders as expected"],
          "failureMessages": [],
          "fullName": "Breadcrumb Renders as expected should use the appropriate breadcrumb class",
          "location": null,
          "status": "passed",
          "title": "should use the appropriate breadcrumb class"
        },
        {
          "ancestorTitles": ["Breadcrumb", "Renders as expected"],
          "failureMessages": [],
          "fullName": "Breadcrumb Renders as expected should add extra classes that are passed via className",
          "location": null,
          "status": "passed",
          "title": "should add extra classes that are passed via className"
        },
        {
          "ancestorTitles": ["Breadcrumb", "Renders as expected"],
          "failureMessages": [],
          "fullName": "Breadcrumb Renders as expected should render children as expected",
          "location": null,
          "status": "passed",
          "title": "should render children as expected"
        },
        {
          "ancestorTitles": ["Breadcrumb", "Renders as expected"],
          "failureMessages": [],
          "fullName": "Breadcrumb Renders as expected should render children content as expected",
          "location": null,
          "status": "passed",
          "title": "should render children content as expected"
        },
        {
          "ancestorTitles": ["BreadcrumbSkeleton", "Renders as expected"],
          "failureMessages": [],
          "fullName": "BreadcrumbSkeleton Renders as expected Has the expected classes",
          "location": null,
          "status": "passed",
          "title": "Has the expected classes"
        }
      ],
      "endTime": 1604862142320,
      "message": "",
      "name": "/Applications/MAMP/htdocs/wfp-ui-next/src/components/Breadcrumb/Breadcrumb-test.js",
      "startTime": 1604862140829,
      "status": "passed",
      "summary": ""
    },
    {
      "assertionResults": [
        {
          "ancestorTitles": ["Icon", "Renders as expected"],
          "failureMessages": [],
          "fullName": "Icon Renders as expected Renders `description` as expected",
          "location": null,
          "status": "passed",
          "title": "Renders `description` as expected"
        },
        {
          "ancestorTitles": ["Icon", "Renders as expected"],
          "failureMessages": [],
          "fullName": "Icon Renders as expected should have a default role prop",
          "location": null,
          "status": "passed",
          "title": "should have a default role prop"
        },
        {
          "ancestorTitles": ["Icon", "Renders as expected"],
          "failureMessages": [],
          "fullName": "Icon Renders as expected should have expected viewBox on <svg>",
          "location": null,
          "status": "passed",
          "title": "should have expected viewBox on <svg>"
        },
        {
          "ancestorTitles": ["Icon", "Renders as expected"],
          "failureMessages": [],
          "fullName": "Icon Renders as expected should add extra classes that are passed via className",
          "location": null,
          "status": "passed",
          "title": "should add extra classes that are passed via className"
        },
        {
          "ancestorTitles": ["Icon", "Renders as expected"],
          "failureMessages": [],
          "fullName": "Icon Renders as expected should recieve width props",
          "location": null,
          "status": "passed",
          "title": "should recieve width props"
        },
        {
          "ancestorTitles": ["Icon", "Renders as expected"],
          "failureMessages": [],
          "fullName": "Icon Renders as expected should recieve height props",
          "location": null,
          "status": "passed",
          "title": "should recieve height props"
        },
        {
          "ancestorTitles": ["Icon", "Renders as expected"],
          "failureMessages": [],
          "fullName": "Icon Renders as expected should recieve style props",
          "location": null,
          "status": "passed",
          "title": "should recieve style props"
        },
        {
          "ancestorTitles": ["Icon", "svgShapes"],
          "failureMessages": [],
          "fullName": "Icon svgShapes returns empty when given an icon with no valid svgProp",
          "location": null,
          "status": "passed",
          "title": "returns empty when given an icon with no valid svgProp"
        },
        {
          "ancestorTitles": ["Icon", "isPrefixed"],
          "failureMessages": [],
          "fullName": "Icon isPrefixed returns true when given a name with icon-- prefix",
          "location": null,
          "status": "passed",
          "title": "returns true when given a name with icon-- prefix"
        },
        {
          "ancestorTitles": ["Icon", "isPrefixed"],
          "failureMessages": [],
          "fullName": "Icon isPrefixed returns false when given a name without icon-- prefix",
          "location": null,
          "status": "passed",
          "title": "returns false when given a name without icon-- prefix"
        }
      ],
      "endTime": 1604862142322,
      "message": "",
      "name": "/Applications/MAMP/htdocs/wfp-ui-next/src/components/Icon/Icon-test.js",
      "startTime": 1604862137804,
      "status": "passed",
      "summary": ""
    },
    {
      "assertionResults": [
        {
          "ancestorTitles": ["Link", "Renders as expected"],
          "failureMessages": [],
          "fullName": "Link Renders as expected should use the appropriate link class",
          "location": null,
          "status": "passed",
          "title": "should use the appropriate link class"
        },
        {
          "ancestorTitles": ["Link", "Renders as expected"],
          "failureMessages": [],
          "fullName": "Link Renders as expected should all for custom classes to be applied",
          "location": null,
          "status": "passed",
          "title": "should all for custom classes to be applied"
        }
      ],
      "endTime": 1604862143074,
      "message": "",
      "name": "/Applications/MAMP/htdocs/wfp-ui-next/src/components/ReadMore/ReadMore-test.js",
      "startTime": 1604862141772,
      "status": "passed",
      "summary": ""
    },
    {
      "assertionResults": [
        {
          "ancestorTitles": [
            "Select",
            "Renders as expected",
            "selectContainer"
          ],
          "failureMessages": [
            "Error: \u001b[2mexpect(\u001b[22m\u001b[31mreceived\u001b[39m\u001b[2m).\u001b[22mtoEqual\u001b[2m(\u001b[22m\u001b[32mexpected\u001b[39m\u001b[2m) // deep equality\u001b[22m\n\nExpected: \u001b[32m1\u001b[39m\nReceived: \u001b[31m2\u001b[39m\n    at Object.<anonymous> (/Applications/MAMP/htdocs/wfp-ui-next/src/components/Select/Select-test.js:31:40)\n    at Object.asyncJestTest (/Applications/MAMP/htdocs/wfp-ui-next/node_modules/jest-jasmine2/build/jasmineAsyncInstall.js:106:37)\n    at /Applications/MAMP/htdocs/wfp-ui-next/node_modules/jest-jasmine2/build/queueRunner.js:45:12\n    at new Promise (<anonymous>)\n    at mapper (/Applications/MAMP/htdocs/wfp-ui-next/node_modules/jest-jasmine2/build/queueRunner.js:28:19)\n    at /Applications/MAMP/htdocs/wfp-ui-next/node_modules/jest-jasmine2/build/queueRunner.js:75:41\n    at processTicksAndRejections (internal/process/task_queues.js:93:5)"
          ],
          "fullName": "Select Renders as expected selectContainer renders a container",
          "location": null,
          "status": "failed",
          "title": "renders a container"
        },
        {
          "ancestorTitles": [
            "Select",
            "Renders as expected",
            "selectContainer"
          ],
          "failureMessages": [],
          "fullName": "Select Renders as expected selectContainer renders the down arrow icon",
          "location": null,
          "status": "passed",
          "title": "renders the down arrow icon"
        },
        {
          "ancestorTitles": [
            "Select",
            "Renders as expected",
            "selectContainer"
          ],
          "failureMessages": [],
          "fullName": "Select Renders as expected selectContainer should use correct icon",
          "location": null,
          "status": "passed",
          "title": "should use correct icon"
        },
        {
          "ancestorTitles": [
            "Select",
            "Renders as expected",
            "selectContainer"
          ],
          "failureMessages": [
            "Error: Method “hasClass” is meant to be run on 1 node. 2 found instead.\n    at ReactWrapper.single (/Applications/MAMP/htdocs/wfp-ui-next/node_modules/enzyme/src/ReactWrapper.js:1168:13)\n    at ReactWrapper.hasClass (/Applications/MAMP/htdocs/wfp-ui-next/node_modules/enzyme/src/ReactWrapper.js:935:17)\n    at Object.<anonymous> (/Applications/MAMP/htdocs/wfp-ui-next/src/components/Select/Select-test.js:44:32)\n    at Object.asyncJestTest (/Applications/MAMP/htdocs/wfp-ui-next/node_modules/jest-jasmine2/build/jasmineAsyncInstall.js:106:37)\n    at /Applications/MAMP/htdocs/wfp-ui-next/node_modules/jest-jasmine2/build/queueRunner.js:45:12\n    at new Promise (<anonymous>)\n    at mapper (/Applications/MAMP/htdocs/wfp-ui-next/node_modules/jest-jasmine2/build/queueRunner.js:28:19)\n    at /Applications/MAMP/htdocs/wfp-ui-next/node_modules/jest-jasmine2/build/queueRunner.js:75:41\n    at processTicksAndRejections (internal/process/task_queues.js:93:5)"
          ],
          "fullName": "Select Renders as expected selectContainer has the expected classes",
          "location": null,
          "status": "failed",
          "title": "has the expected classes"
        },
        {
          "ancestorTitles": [
            "Select",
            "Renders as expected",
            "selectContainer"
          ],
          "failureMessages": [
            "Error: Method “hasClass” is meant to be run on 1 node. 2 found instead.\n    at ReactWrapper.single (/Applications/MAMP/htdocs/wfp-ui-next/node_modules/enzyme/src/ReactWrapper.js:1168:13)\n    at ReactWrapper.hasClass (/Applications/MAMP/htdocs/wfp-ui-next/node_modules/enzyme/src/ReactWrapper.js:935:17)\n    at Object.<anonymous> (/Applications/MAMP/htdocs/wfp-ui-next/src/components/Select/Select-test.js:48:32)\n    at Object.asyncJestTest (/Applications/MAMP/htdocs/wfp-ui-next/node_modules/jest-jasmine2/build/jasmineAsyncInstall.js:106:37)\n    at /Applications/MAMP/htdocs/wfp-ui-next/node_modules/jest-jasmine2/build/queueRunner.js:45:12\n    at new Promise (<anonymous>)\n    at mapper (/Applications/MAMP/htdocs/wfp-ui-next/node_modules/jest-jasmine2/build/queueRunner.js:28:19)\n    at /Applications/MAMP/htdocs/wfp-ui-next/node_modules/jest-jasmine2/build/queueRunner.js:75:41\n    at processTicksAndRejections (internal/process/task_queues.js:93:5)"
          ],
          "fullName": "Select Renders as expected selectContainer applies extra classes specified via className",
          "location": null,
          "status": "failed",
          "title": "applies extra classes specified via className"
        },
        {
          "ancestorTitles": [
            "Select",
            "Renders as expected",
            "selectContainer"
          ],
          "failureMessages": [],
          "fullName": "Select Renders as expected selectContainer has the expected default iconDescription",
          "location": null,
          "status": "passed",
          "title": "has the expected default iconDescription"
        },
        {
          "ancestorTitles": [
            "Select",
            "Renders as expected",
            "selectContainer"
          ],
          "failureMessages": [],
          "fullName": "Select Renders as expected selectContainer adds new iconDescription when passed via props",
          "location": null,
          "status": "passed",
          "title": "adds new iconDescription when passed via props"
        },
        {
          "ancestorTitles": [
            "Select",
            "Renders as expected",
            "selectContainer"
          ],
          "failureMessages": [],
          "fullName": "Select Renders as expected selectContainer should have iconDescription match Icon component description prop",
          "location": null,
          "status": "passed",
          "title": "should have iconDescription match Icon component description prop"
        },
        {
          "ancestorTitles": [
            "Select",
            "Renders as expected",
            "selectContainer"
          ],
          "failureMessages": [],
          "fullName": "Select Renders as expected selectContainer should specify light select as expected",
          "location": null,
          "status": "passed",
          "title": "should specify light select as expected"
        },
        {
          "ancestorTitles": ["Select", "Renders as expected", "select"],
          "failureMessages": [],
          "fullName": "Select Renders as expected select renders a select",
          "location": null,
          "status": "passed",
          "title": "renders a select"
        },
        {
          "ancestorTitles": ["Select", "Renders as expected", "select"],
          "failureMessages": [],
          "fullName": "Select Renders as expected select has the expected classes",
          "location": null,
          "status": "passed",
          "title": "has the expected classes"
        },
        {
          "ancestorTitles": ["Select", "Renders as expected", "select"],
          "failureMessages": [],
          "fullName": "Select Renders as expected select has the expected id",
          "location": null,
          "status": "passed",
          "title": "has the expected id"
        },
        {
          "ancestorTitles": ["Select", "Renders as expected", "select"],
          "failureMessages": [],
          "fullName": "Select Renders as expected select should set defaultValue as expected",
          "location": null,
          "status": "passed",
          "title": "should set defaultValue as expected"
        },
        {
          "ancestorTitles": ["Select", "Renders as expected", "select"],
          "failureMessages": [],
          "fullName": "Select Renders as expected select should set disabled as expected",
          "location": null,
          "status": "passed",
          "title": "should set disabled as expected"
        },
        {
          "ancestorTitles": ["Select", "Renders as expected", "select"],
          "failureMessages": [],
          "fullName": "Select Renders as expected select renders children as expected",
          "location": null,
          "status": "passed",
          "title": "renders children as expected"
        },
        {
          "ancestorTitles": ["Select", "Renders as expected", "label"],
          "failureMessages": [],
          "fullName": "Select Renders as expected label renders a label",
          "location": null,
          "status": "passed",
          "title": "renders a label"
        },
        {
          "ancestorTitles": ["Select", "Renders as expected", "label"],
          "failureMessages": [],
          "fullName": "Select Renders as expected label has the expected classes",
          "location": null,
          "status": "passed",
          "title": "has the expected classes"
        },
        {
          "ancestorTitles": ["Select", "Renders as expected", "label"],
          "failureMessages": [],
          "fullName": "Select Renders as expected label has the expected htmlFor value",
          "location": null,
          "status": "passed",
          "title": "has the expected htmlFor value"
        },
        {
          "ancestorTitles": ["Select", "Renders as expected", "label"],
          "failureMessages": [
            "Error: \u001b[2mexpect(\u001b[22m\u001b[31mreceived\u001b[39m\u001b[2m).\u001b[22mtoEqual\u001b[2m(\u001b[22m\u001b[32mexpected\u001b[39m\u001b[2m) // deep equality\u001b[22m\n\nExpected: \u001b[32m\"Select\"\u001b[39m\nReceived: \u001b[31m[\"Select\", undefined]\u001b[39m\n    at Object.<anonymous> (/Applications/MAMP/htdocs/wfp-ui-next/src/components/Select/Select-test.js:117:40)\n    at Object.asyncJestTest (/Applications/MAMP/htdocs/wfp-ui-next/node_modules/jest-jasmine2/build/jasmineAsyncInstall.js:106:37)\n    at /Applications/MAMP/htdocs/wfp-ui-next/node_modules/jest-jasmine2/build/queueRunner.js:45:12\n    at new Promise (<anonymous>)\n    at mapper (/Applications/MAMP/htdocs/wfp-ui-next/node_modules/jest-jasmine2/build/queueRunner.js:28:19)\n    at /Applications/MAMP/htdocs/wfp-ui-next/node_modules/jest-jasmine2/build/queueRunner.js:75:41\n    at processTicksAndRejections (internal/process/task_queues.js:93:5)"
          ],
          "fullName": "Select Renders as expected label renders children as expected",
          "location": null,
          "status": "failed",
          "title": "renders children as expected"
        },
        {
          "ancestorTitles": ["Select", "Renders as expected", "helper"],
          "failureMessages": [],
          "fullName": "Select Renders as expected helper renders a helper",
          "location": null,
          "status": "passed",
          "title": "renders a helper"
        },
        {
          "ancestorTitles": ["Select", "Renders as expected", "helper"],
          "failureMessages": [],
          "fullName": "Select Renders as expected helper renders children as expected",
          "location": null,
          "status": "passed",
          "title": "renders children as expected"
        },
        {
          "ancestorTitles": ["Select", "Renders as expected", "helper"],
          "failureMessages": [],
          "fullName": "Select Renders as expected helper should set helper text as expected",
          "location": null,
          "status": "passed",
          "title": "should set helper text as expected"
        },
        {
          "ancestorTitles": ["Select", "Renders as expected"],
          "failureMessages": [
            "Error: \u001b[2mexpect(\u001b[22m\u001b[31mreceived\u001b[39m\u001b[2m).\u001b[22mtoEqual\u001b[2m(\u001b[22m\u001b[32mexpected\u001b[39m\u001b[2m) // deep equality\u001b[22m\n\nExpected: \u001b[32mtrue\u001b[39m\nReceived: \u001b[31mfalse\u001b[39m\n    at Object.<anonymous> (/Applications/MAMP/htdocs/wfp-ui-next/src/components/Select/Select-test.js:159:63)\n    at Object.asyncJestTest (/Applications/MAMP/htdocs/wfp-ui-next/node_modules/jest-jasmine2/build/jasmineAsyncInstall.js:106:37)\n    at /Applications/MAMP/htdocs/wfp-ui-next/node_modules/jest-jasmine2/build/queueRunner.js:45:12\n    at new Promise (<anonymous>)\n    at mapper (/Applications/MAMP/htdocs/wfp-ui-next/node_modules/jest-jasmine2/build/queueRunner.js:28:19)\n    at /Applications/MAMP/htdocs/wfp-ui-next/node_modules/jest-jasmine2/build/queueRunner.js:75:41\n    at processTicksAndRejections (internal/process/task_queues.js:93:5)"
          ],
          "fullName": "Select Renders as expected has the expected classes",
          "location": null,
          "status": "failed",
          "title": "has the expected classes"
        },
        {
          "ancestorTitles": ["SelectSkeleton", "Renders as expected"],
          "failureMessages": [],
          "fullName": "SelectSkeleton Renders as expected Has the expected classes",
          "location": null,
          "status": "passed",
          "title": "Has the expected classes"
        }
      ],
      "endTime": 1604862143160,
      "message": "\u001b[1m\u001b[31m  \u001b[1m● \u001b[22m\u001b[1mSelect › Renders as expected › selectContainer › renders a container\u001b[39m\u001b[22m\n\n    \u001b[2mexpect(\u001b[22m\u001b[31mreceived\u001b[39m\u001b[2m).\u001b[22mtoEqual\u001b[2m(\u001b[22m\u001b[32mexpected\u001b[39m\u001b[2m) // deep equality\u001b[22m\n\n    Expected: \u001b[32m1\u001b[39m\n    Received: \u001b[31m2\u001b[39m\n\u001b[2m\u001b[22m\n\u001b[2m    \u001b[0m \u001b[90m 29 | \u001b[39m    describe(\u001b[32m'selectContainer'\u001b[39m\u001b[33m,\u001b[39m () \u001b[33m=>\u001b[39m {\u001b[0m\u001b[22m\n\u001b[2m    \u001b[0m \u001b[90m 30 | \u001b[39m      it(\u001b[32m'renders a container'\u001b[39m\u001b[33m,\u001b[39m () \u001b[33m=>\u001b[39m {\u001b[0m\u001b[22m\n\u001b[2m    \u001b[0m\u001b[31m\u001b[1m>\u001b[22m\u001b[2m\u001b[39m\u001b[90m 31 | \u001b[39m        expect(selectContainer\u001b[33m.\u001b[39mlength)\u001b[33m.\u001b[39mtoEqual(\u001b[35m1\u001b[39m)\u001b[33m;\u001b[39m\u001b[0m\u001b[22m\n\u001b[2m    \u001b[0m \u001b[90m    | \u001b[39m                                       \u001b[31m\u001b[1m^\u001b[22m\u001b[2m\u001b[39m\u001b[0m\u001b[22m\n\u001b[2m    \u001b[0m \u001b[90m 32 | \u001b[39m      })\u001b[33m;\u001b[39m\u001b[0m\u001b[22m\n\u001b[2m    \u001b[0m \u001b[90m 33 | \u001b[39m\u001b[0m\u001b[22m\n\u001b[2m    \u001b[0m \u001b[90m 34 | \u001b[39m      it(\u001b[32m'renders the down arrow icon'\u001b[39m\u001b[33m,\u001b[39m () \u001b[33m=>\u001b[39m {\u001b[0m\u001b[22m\n\u001b[2m\u001b[22m\n\u001b[2m      \u001b[2mat Object.<anonymous> (\u001b[22m\u001b[2m\u001b[0m\u001b[36msrc/components/Select/Select-test.js\u001b[39m\u001b[0m\u001b[2m:31:40)\u001b[22m\u001b[2m\u001b[22m\n\n\u001b[1m\u001b[31m  \u001b[1m● \u001b[22m\u001b[1mSelect › Renders as expected › selectContainer › has the expected classes\u001b[39m\u001b[22m\n\n    Method “hasClass” is meant to be run on 1 node. 2 found instead.\n\u001b[2m\u001b[22m\n\u001b[2m    \u001b[0m \u001b[90m 42 | \u001b[39m\u001b[0m\u001b[22m\n\u001b[2m    \u001b[0m \u001b[90m 43 | \u001b[39m      it(\u001b[32m'has the expected classes'\u001b[39m\u001b[33m,\u001b[39m () \u001b[33m=>\u001b[39m {\u001b[0m\u001b[22m\n\u001b[2m    \u001b[0m\u001b[31m\u001b[1m>\u001b[22m\u001b[2m\u001b[39m\u001b[90m 44 | \u001b[39m        expect(selectContainer\u001b[33m.\u001b[39mhasClass(\u001b[32m'wfp--select'\u001b[39m))\u001b[33m.\u001b[39mtoEqual(\u001b[36mtrue\u001b[39m)\u001b[33m;\u001b[39m\u001b[0m\u001b[22m\n\u001b[2m    \u001b[0m \u001b[90m    | \u001b[39m                               \u001b[31m\u001b[1m^\u001b[22m\u001b[2m\u001b[39m\u001b[0m\u001b[22m\n\u001b[2m    \u001b[0m \u001b[90m 45 | \u001b[39m      })\u001b[33m;\u001b[39m\u001b[0m\u001b[22m\n\u001b[2m    \u001b[0m \u001b[90m 46 | \u001b[39m\u001b[0m\u001b[22m\n\u001b[2m    \u001b[0m \u001b[90m 47 | \u001b[39m      it(\u001b[32m'applies extra classes specified via className'\u001b[39m\u001b[33m,\u001b[39m () \u001b[33m=>\u001b[39m {\u001b[0m\u001b[22m\n\u001b[2m\u001b[22m\n\u001b[2m      \u001b[2mat ReactWrapper.single (\u001b[22m\u001b[2mnode_modules/enzyme/src/ReactWrapper.js\u001b[2m:1168:13)\u001b[22m\u001b[2m\u001b[22m\n\u001b[2m      \u001b[2mat ReactWrapper.hasClass (\u001b[22m\u001b[2mnode_modules/enzyme/src/ReactWrapper.js\u001b[2m:935:17)\u001b[22m\u001b[2m\u001b[22m\n\u001b[2m      \u001b[2mat Object.<anonymous> (\u001b[22m\u001b[2m\u001b[0m\u001b[36msrc/components/Select/Select-test.js\u001b[39m\u001b[0m\u001b[2m:44:32)\u001b[22m\u001b[2m\u001b[22m\n\n\u001b[1m\u001b[31m  \u001b[1m● \u001b[22m\u001b[1mSelect › Renders as expected › selectContainer › applies extra classes specified via className\u001b[39m\u001b[22m\n\n    Method “hasClass” is meant to be run on 1 node. 2 found instead.\n\u001b[2m\u001b[22m\n\u001b[2m    \u001b[0m \u001b[90m 46 | \u001b[39m\u001b[0m\u001b[22m\n\u001b[2m    \u001b[0m \u001b[90m 47 | \u001b[39m      it(\u001b[32m'applies extra classes specified via className'\u001b[39m\u001b[33m,\u001b[39m () \u001b[33m=>\u001b[39m {\u001b[0m\u001b[22m\n\u001b[2m    \u001b[0m\u001b[31m\u001b[1m>\u001b[22m\u001b[2m\u001b[39m\u001b[90m 48 | \u001b[39m        expect(selectContainer\u001b[33m.\u001b[39mhasClass(\u001b[32m'extra-class'\u001b[39m))\u001b[33m.\u001b[39mtoEqual(\u001b[36mtrue\u001b[39m)\u001b[33m;\u001b[39m\u001b[0m\u001b[22m\n\u001b[2m    \u001b[0m \u001b[90m    | \u001b[39m                               \u001b[31m\u001b[1m^\u001b[22m\u001b[2m\u001b[39m\u001b[0m\u001b[22m\n\u001b[2m    \u001b[0m \u001b[90m 49 | \u001b[39m      })\u001b[33m;\u001b[39m\u001b[0m\u001b[22m\n\u001b[2m    \u001b[0m \u001b[90m 50 | \u001b[39m\u001b[0m\u001b[22m\n\u001b[2m    \u001b[0m \u001b[90m 51 | \u001b[39m      it(\u001b[32m'has the expected default iconDescription'\u001b[39m\u001b[33m,\u001b[39m () \u001b[33m=>\u001b[39m {\u001b[0m\u001b[22m\n\u001b[2m\u001b[22m\n\u001b[2m      \u001b[2mat ReactWrapper.single (\u001b[22m\u001b[2mnode_modules/enzyme/src/ReactWrapper.js\u001b[2m:1168:13)\u001b[22m\u001b[2m\u001b[22m\n\u001b[2m      \u001b[2mat ReactWrapper.hasClass (\u001b[22m\u001b[2mnode_modules/enzyme/src/ReactWrapper.js\u001b[2m:935:17)\u001b[22m\u001b[2m\u001b[22m\n\u001b[2m      \u001b[2mat Object.<anonymous> (\u001b[22m\u001b[2m\u001b[0m\u001b[36msrc/components/Select/Select-test.js\u001b[39m\u001b[0m\u001b[2m:48:32)\u001b[22m\u001b[2m\u001b[22m\n\n\u001b[1m\u001b[31m  \u001b[1m● \u001b[22m\u001b[1mSelect › Renders as expected › label › renders children as expected\u001b[39m\u001b[22m\n\n    \u001b[2mexpect(\u001b[22m\u001b[31mreceived\u001b[39m\u001b[2m).\u001b[22mtoEqual\u001b[2m(\u001b[22m\u001b[32mexpected\u001b[39m\u001b[2m) // deep equality\u001b[22m\n\n    Expected: \u001b[32m\"Select\"\u001b[39m\n    Received: \u001b[31m[\"Select\", undefined]\u001b[39m\n\u001b[2m\u001b[22m\n\u001b[2m    \u001b[0m \u001b[90m 115 | \u001b[39m\u001b[0m\u001b[22m\n\u001b[2m    \u001b[0m \u001b[90m 116 | \u001b[39m      it(\u001b[32m'renders children as expected'\u001b[39m\u001b[33m,\u001b[39m () \u001b[33m=>\u001b[39m {\u001b[0m\u001b[22m\n\u001b[2m    \u001b[0m\u001b[31m\u001b[1m>\u001b[22m\u001b[2m\u001b[39m\u001b[90m 117 | \u001b[39m        expect(label\u001b[33m.\u001b[39mprops()\u001b[33m.\u001b[39mchildren)\u001b[33m.\u001b[39mtoEqual(\u001b[32m'Select'\u001b[39m)\u001b[33m;\u001b[39m\u001b[0m\u001b[22m\n\u001b[2m    \u001b[0m \u001b[90m     | \u001b[39m                                       \u001b[31m\u001b[1m^\u001b[22m\u001b[2m\u001b[39m\u001b[0m\u001b[22m\n\u001b[2m    \u001b[0m \u001b[90m 118 | \u001b[39m      })\u001b[33m;\u001b[39m\u001b[0m\u001b[22m\n\u001b[2m    \u001b[0m \u001b[90m 119 | \u001b[39m    })\u001b[33m;\u001b[39m\u001b[0m\u001b[22m\n\u001b[2m    \u001b[0m \u001b[90m 120 | \u001b[39m\u001b[0m\u001b[22m\n\u001b[2m\u001b[22m\n\u001b[2m      \u001b[2mat Object.<anonymous> (\u001b[22m\u001b[2m\u001b[0m\u001b[36msrc/components/Select/Select-test.js\u001b[39m\u001b[0m\u001b[2m:117:40)\u001b[22m\u001b[2m\u001b[22m\n\n\u001b[1m\u001b[31m  \u001b[1m● \u001b[22m\u001b[1mSelect › Renders as expected › has the expected classes\u001b[39m\u001b[22m\n\n    \u001b[2mexpect(\u001b[22m\u001b[31mreceived\u001b[39m\u001b[2m).\u001b[22mtoEqual\u001b[2m(\u001b[22m\u001b[32mexpected\u001b[39m\u001b[2m) // deep equality\u001b[22m\n\n    Expected: \u001b[32mtrue\u001b[39m\n    Received: \u001b[31mfalse\u001b[39m\n\u001b[2m\u001b[22m\n\u001b[2m    \u001b[0m \u001b[90m 157 | \u001b[39m\u001b[0m\u001b[22m\n\u001b[2m    \u001b[0m \u001b[90m 158 | \u001b[39m    it(\u001b[32m'has the expected classes'\u001b[39m\u001b[33m,\u001b[39m () \u001b[33m=>\u001b[39m {\u001b[0m\u001b[22m\n\u001b[2m    \u001b[0m\u001b[31m\u001b[1m>\u001b[22m\u001b[2m\u001b[39m\u001b[90m 159 | \u001b[39m      expect(selectContainer\u001b[33m.\u001b[39mhasClass(\u001b[32m'wfp--select--inline'\u001b[39m))\u001b[33m.\u001b[39mtoEqual(\u001b[36mtrue\u001b[39m)\u001b[33m;\u001b[39m\u001b[0m\u001b[22m\n\u001b[2m    \u001b[0m \u001b[90m     | \u001b[39m                                                              \u001b[31m\u001b[1m^\u001b[22m\u001b[2m\u001b[39m\u001b[0m\u001b[22m\n\u001b[2m    \u001b[0m \u001b[90m 160 | \u001b[39m    })\u001b[33m;\u001b[39m\u001b[0m\u001b[22m\n\u001b[2m    \u001b[0m \u001b[90m 161 | \u001b[39m  })\u001b[33m;\u001b[39m\u001b[0m\u001b[22m\n\u001b[2m    \u001b[0m \u001b[90m 162 | \u001b[39m})\u001b[33m;\u001b[39m\u001b[0m\u001b[22m\n\u001b[2m\u001b[22m\n\u001b[2m      \u001b[2mat Object.<anonymous> (\u001b[22m\u001b[2m\u001b[0m\u001b[36msrc/components/Select/Select-test.js\u001b[39m\u001b[0m\u001b[2m:159:63)\u001b[22m\u001b[2m\u001b[22m\n",
      "name": "/Applications/MAMP/htdocs/wfp-ui-next/src/components/Select/Select-test.js",
      "startTime": 1604862141125,
      "status": "failed",
      "summary": ""
    },
    {
      "assertionResults": [
        {
          "ancestorTitles": [
            "FileUploaderButton",
            "Renders as expected with default props"
          ],
          "failureMessages": [],
          "fullName": "FileUploaderButton Renders as expected with default props renders with expected className",
          "location": null,
          "status": "passed",
          "title": "renders with expected className"
        },
        {
          "ancestorTitles": [
            "FileUploaderButton",
            "Renders as expected with default props"
          ],
          "failureMessages": [],
          "fullName": "FileUploaderButton Renders as expected with default props renders with given className",
          "location": null,
          "status": "passed",
          "title": "renders with given className"
        },
        {
          "ancestorTitles": [
            "FileUploaderButton",
            "Renders as expected with default props"
          ],
          "failureMessages": [],
          "fullName": "FileUploaderButton Renders as expected with default props renders with default labelText prop",
          "location": null,
          "status": "passed",
          "title": "renders with default labelText prop"
        },
        {
          "ancestorTitles": [
            "FileUploaderButton",
            "Renders as expected with default props"
          ],
          "failureMessages": [],
          "fullName": "FileUploaderButton Renders as expected with default props renders with default buttonKind prop",
          "location": null,
          "status": "passed",
          "title": "renders with default buttonKind prop"
        },
        {
          "ancestorTitles": [
            "FileUploaderButton",
            "Renders as expected with default props"
          ],
          "failureMessages": [],
          "fullName": "FileUploaderButton Renders as expected with default props renders with expected button className",
          "location": null,
          "status": "passed",
          "title": "renders with expected button className"
        },
        {
          "ancestorTitles": [
            "FileUploaderButton",
            "Renders as expected with default props"
          ],
          "failureMessages": [],
          "fullName": "FileUploaderButton Renders as expected with default props renders with default multiple prop",
          "location": null,
          "status": "passed",
          "title": "renders with default multiple prop"
        },
        {
          "ancestorTitles": [
            "FileUploaderButton",
            "Renders as expected with default props"
          ],
          "failureMessages": [],
          "fullName": "FileUploaderButton Renders as expected with default props renders with default disableLabelChanges prop",
          "location": null,
          "status": "passed",
          "title": "renders with default disableLabelChanges prop"
        },
        {
          "ancestorTitles": [
            "FileUploaderButton",
            "Renders as expected with default props"
          ],
          "failureMessages": [],
          "fullName": "FileUploaderButton Renders as expected with default props renders with default accept prop",
          "location": null,
          "status": "passed",
          "title": "renders with default accept prop"
        },
        {
          "ancestorTitles": [
            "FileUploaderButton",
            "Renders as expected with default props"
          ],
          "failureMessages": [],
          "fullName": "FileUploaderButton Renders as expected with default props renders with default disabled prop",
          "location": null,
          "status": "passed",
          "title": "renders with default disabled prop"
        },
        {
          "ancestorTitles": [
            "FileUploaderButton",
            "Renders as expected with default props"
          ],
          "failureMessages": [],
          "fullName": "FileUploaderButton Renders as expected with default props disables file upload input",
          "location": null,
          "status": "passed",
          "title": "disables file upload input"
        },
        {
          "ancestorTitles": [
            "FileUploaderButton",
            "Renders as expected with default props"
          ],
          "failureMessages": [
            "Error: \u001b[2mexpect(\u001b[22m\u001b[31mreceived\u001b[39m\u001b[2m).\u001b[22mnot\u001b[2m.\u001b[22mtoBeTruthy\u001b[2m()\u001b[22m\n\nReceived: \u001b[31m\"button\"\u001b[39m\n    at Object.<anonymous> (/Applications/MAMP/htdocs/wfp-ui-next/src/components/FileUploader/FileUploader-test.js:70:45)\n    at Object.asyncJestTest (/Applications/MAMP/htdocs/wfp-ui-next/node_modules/jest-jasmine2/build/jasmineAsyncInstall.js:106:37)\n    at /Applications/MAMP/htdocs/wfp-ui-next/node_modules/jest-jasmine2/build/queueRunner.js:45:12\n    at new Promise (<anonymous>)\n    at mapper (/Applications/MAMP/htdocs/wfp-ui-next/node_modules/jest-jasmine2/build/queueRunner.js:28:19)\n    at /Applications/MAMP/htdocs/wfp-ui-next/node_modules/jest-jasmine2/build/queueRunner.js:75:41\n    at processTicksAndRejections (internal/process/task_queues.js:93:5)"
          ],
          "fullName": "FileUploaderButton Renders as expected with default props does not have default role",
          "location": null,
          "status": "failed",
          "title": "does not have default role"
        },
        {
          "ancestorTitles": [
            "FileUploaderButton",
            "Renders as expected with default props"
          ],
          "failureMessages": [],
          "fullName": "FileUploaderButton Renders as expected with default props resets the input value onClick",
          "location": null,
          "status": "passed",
          "title": "resets the input value onClick"
        },
        {
          "ancestorTitles": ["FileUploaderButton", "Unique id props"],
          "failureMessages": [],
          "fullName": "FileUploaderButton Unique id props each FileUploaderButton should have a unique ID",
          "location": null,
          "status": "passed",
          "title": "each FileUploaderButton should have a unique ID"
        },
        {
          "ancestorTitles": ["FileUploaderButton", "Update labelText"],
          "failureMessages": [],
          "fullName": "FileUploaderButton Update labelText should have equal state and props",
          "location": null,
          "status": "passed",
          "title": "should have equal state and props"
        },
        {
          "ancestorTitles": ["FileUploaderButton", "Update labelText"],
          "failureMessages": [],
          "fullName": "FileUploaderButton Update labelText should change the label text upon change in props",
          "location": null,
          "status": "passed",
          "title": "should change the label text upon change in props"
        },
        {
          "ancestorTitles": ["FileUploaderButton", "Update labelText"],
          "failureMessages": [],
          "fullName": "FileUploaderButton Update labelText should avoid change the label text upon setting props, unless there the value actually changes",
          "location": null,
          "status": "passed",
          "title": "should avoid change the label text upon setting props, unless there the value actually changes"
        },
        {
          "ancestorTitles": [
            "FileUploader",
            "Renders as expected with defaults"
          ],
          "failureMessages": [],
          "fullName": "FileUploader Renders as expected with defaults should render with default className",
          "location": null,
          "status": "passed",
          "title": "should render with default className"
        },
        {
          "ancestorTitles": [
            "FileUploader",
            "Renders as expected with defaults"
          ],
          "failureMessages": [],
          "fullName": "FileUploader Renders as expected with defaults should render with given className",
          "location": null,
          "status": "passed",
          "title": "should render with given className"
        },
        {
          "ancestorTitles": [
            "FileUploader",
            "Renders as expected with defaults"
          ],
          "failureMessages": [],
          "fullName": "FileUploader Renders as expected with defaults renders with FileUploaderButton with disableLabelChanges set to true",
          "location": null,
          "status": "passed",
          "title": "renders with FileUploaderButton with disableLabelChanges set to true"
        },
        {
          "ancestorTitles": [
            "FileUploader",
            "Renders as expected with defaults"
          ],
          "failureMessages": [],
          "fullName": "FileUploader Renders as expected with defaults renders input with hidden prop",
          "location": null,
          "status": "passed",
          "title": "renders input with hidden prop"
        },
        {
          "ancestorTitles": [
            "FileUploader",
            "Renders as expected with defaults"
          ],
          "failureMessages": [],
          "fullName": "FileUploader Renders as expected with defaults renders with empty div.wfp--file-container by default",
          "location": null,
          "status": "passed",
          "title": "renders with empty div.wfp--file-container by default"
        },
        {
          "ancestorTitles": ["FileUploader", "Update filenameStatus"],
          "failureMessages": [],
          "fullName": "FileUploader Update filenameStatus should have equal state and props",
          "location": null,
          "status": "passed",
          "title": "should have equal state and props"
        },
        {
          "ancestorTitles": ["FileUploader", "Update filenameStatus"],
          "failureMessages": [],
          "fullName": "FileUploader Update filenameStatus should change the label text upon change in props",
          "location": null,
          "status": "passed",
          "title": "should change the label text upon change in props"
        },
        {
          "ancestorTitles": ["FileUploader", "Update filenameStatus"],
          "failureMessages": [],
          "fullName": "FileUploader Update filenameStatus should avoid change the label text upon setting props, unless there the value actually changes",
          "location": null,
          "status": "passed",
          "title": "should avoid change the label text upon setting props, unless there the value actually changes"
        },
        {
          "ancestorTitles": ["FileUploaderSkeleton", "Renders as expected"],
          "failureMessages": [],
          "fullName": "FileUploaderSkeleton Renders as expected Has the expected classes",
          "location": null,
          "status": "passed",
          "title": "Has the expected classes"
        }
      ],
      "endTime": 1604862143179,
      "message": "\u001b[1m\u001b[31m  \u001b[1m● \u001b[22m\u001b[1mFileUploaderButton › Renders as expected with default props › does not have default role\u001b[39m\u001b[22m\n\n    \u001b[2mexpect(\u001b[22m\u001b[31mreceived\u001b[39m\u001b[2m).\u001b[22mnot\u001b[2m.\u001b[22mtoBeTruthy\u001b[2m()\u001b[22m\n\n    Received: \u001b[31m\"button\"\u001b[39m\n\u001b[2m\u001b[22m\n\u001b[2m    \u001b[0m \u001b[90m 68 | \u001b[39m\u001b[0m\u001b[22m\n\u001b[2m    \u001b[0m \u001b[90m 69 | \u001b[39m    it(\u001b[32m'does not have default role'\u001b[39m\u001b[33m,\u001b[39m () \u001b[33m=>\u001b[39m {\u001b[0m\u001b[22m\n\u001b[2m    \u001b[0m\u001b[31m\u001b[1m>\u001b[22m\u001b[2m\u001b[39m\u001b[90m 70 | \u001b[39m      expect(mountWrapper\u001b[33m.\u001b[39mprops()\u001b[33m.\u001b[39mrole)\u001b[33m.\u001b[39mnot\u001b[33m.\u001b[39mtoBeTruthy()\u001b[33m;\u001b[39m\u001b[0m\u001b[22m\n\u001b[2m    \u001b[0m \u001b[90m    | \u001b[39m                                            \u001b[31m\u001b[1m^\u001b[22m\u001b[2m\u001b[39m\u001b[0m\u001b[22m\n\u001b[2m    \u001b[0m \u001b[90m 71 | \u001b[39m    })\u001b[33m;\u001b[39m\u001b[0m\u001b[22m\n\u001b[2m    \u001b[0m \u001b[90m 72 | \u001b[39m\u001b[0m\u001b[22m\n\u001b[2m    \u001b[0m \u001b[90m 73 | \u001b[39m    it(\u001b[32m'resets the input value onClick'\u001b[39m\u001b[33m,\u001b[39m () \u001b[33m=>\u001b[39m {\u001b[0m\u001b[22m\n\u001b[2m\u001b[22m\n\u001b[2m      \u001b[2mat Object.<anonymous> (\u001b[22m\u001b[2m\u001b[0m\u001b[36msrc/components/FileUploader/FileUploader-test.js\u001b[39m\u001b[0m\u001b[2m:70:45)\u001b[22m\u001b[2m\u001b[22m\n",
      "name": "/Applications/MAMP/htdocs/wfp-ui-next/src/components/FileUploader/FileUploader-test.js",
      "startTime": 1604862140954,
      "status": "failed",
      "summary": ""
    },
    {
      "assertionResults": [
        {
          "ancestorTitles": ["Modal", "Renders as expected"],
          "failureMessages": [],
          "fullName": "Modal Renders as expected has the expected classes",
          "location": null,
          "status": "passed",
          "title": "has the expected classes"
        },
        {
          "ancestorTitles": ["Modal", "Renders as expected"],
          "failureMessages": [],
          "fullName": "Modal Renders as expected should add extra classes that are passed via className",
          "location": null,
          "status": "passed",
          "title": "should add extra classes that are passed via className"
        },
        {
          "ancestorTitles": ["Modal", "Renders as expected"],
          "failureMessages": [],
          "fullName": "Modal Renders as expected should not be a passive modal by default",
          "location": null,
          "status": "passed",
          "title": "should not be a passive modal by default"
        },
        {
          "ancestorTitles": ["Modal", "Renders as expected"],
          "failureMessages": [],
          "fullName": "Modal Renders as expected should be a passive modal when passiveModal is passed",
          "location": null,
          "status": "passed",
          "title": "should be a passive modal when passiveModal is passed"
        },
        {
          "ancestorTitles": ["Modal", "Renders as expected"],
          "failureMessages": [],
          "fullName": "Modal Renders as expected should set id if one is passed via props",
          "location": null,
          "status": "passed",
          "title": "should set id if one is passed via props"
        },
        {
          "ancestorTitles": ["Modal", "Renders as expected"],
          "failureMessages": [],
          "fullName": "Modal Renders as expected has the expected default iconDescription",
          "location": null,
          "status": "passed",
          "title": "has the expected default iconDescription"
        },
        {
          "ancestorTitles": ["Modal", "Renders as expected"],
          "failureMessages": [],
          "fullName": "Modal Renders as expected adds new iconDescription when passed via props",
          "location": null,
          "status": "passed",
          "title": "adds new iconDescription when passed via props"
        },
        {
          "ancestorTitles": ["Modal", "Renders as expected"],
          "failureMessages": [],
          "fullName": "Modal Renders as expected should have iconDescription match Icon component description prop",
          "location": null,
          "status": "passed",
          "title": "should have iconDescription match Icon component description prop"
        },
        {
          "ancestorTitles": ["Modal", "Renders as expected"],
          "failureMessages": [],
          "fullName": "Modal Renders as expected enables primary button by default",
          "location": null,
          "status": "passed",
          "title": "enables primary button by default"
        },
        {
          "ancestorTitles": ["Modal", "Renders as expected"],
          "failureMessages": [],
          "fullName": "Modal Renders as expected disables primary button when diablePrimaryButton prop is passed",
          "location": null,
          "status": "passed",
          "title": "disables primary button when diablePrimaryButton prop is passed"
        },
        {
          "ancestorTitles": [
            "Modal",
            "Adds props as expected to the right children"
          ],
          "failureMessages": [],
          "fullName": "Modal Adds props as expected to the right children should set label if one is passed via props",
          "location": null,
          "status": "passed",
          "title": "should set label if one is passed via props"
        },
        {
          "ancestorTitles": [
            "Modal",
            "Adds props as expected to the right children"
          ],
          "failureMessages": [],
          "fullName": "Modal Adds props as expected to the right children should set modal heading if one is passed via props",
          "location": null,
          "status": "passed",
          "title": "should set modal heading if one is passed via props"
        },
        {
          "ancestorTitles": [
            "Modal",
            "Adds props as expected to the right children"
          ],
          "failureMessages": [],
          "fullName": "Modal Adds props as expected to the right children should set button text if one is passed via props",
          "location": null,
          "status": "passed",
          "title": "should set button text if one is passed via props"
        },
        {
          "ancestorTitles": ["Modal", "events"],
          "failureMessages": [],
          "fullName": "Modal events should set expected class when state is open",
          "location": null,
          "status": "passed",
          "title": "should set expected class when state is open"
        },
        {
          "ancestorTitles": ["Modal", "events"],
          "failureMessages": [],
          "fullName": "Modal events should set state to open when trigger button is clicked",
          "location": null,
          "status": "passed",
          "title": "should set state to open when trigger button is clicked"
        },
        {
          "ancestorTitles": ["Modal", "events"],
          "failureMessages": [],
          "fullName": "Modal events should set open state to false when close button is clicked",
          "location": null,
          "status": "passed",
          "title": "should set open state to false when close button is clicked"
        },
        {
          "ancestorTitles": ["Modal", "events"],
          "failureMessages": [],
          "fullName": "Modal events should stay open when \"inner modal\" is clicked",
          "location": null,
          "status": "passed",
          "title": "should stay open when \"inner modal\" is clicked"
        },
        {
          "ancestorTitles": ["Modal", "events"],
          "failureMessages": [],
[...]
 \u001b[90m     | \u001b[39m                                               \u001b[31m\u001b[1m^\u001b[22m\u001b[2m\u001b[39m\u001b[0m\u001b[22m\n\u001b[2m    \u001b[0m \u001b[90m 301 | \u001b[39m        downArrow \u001b[33m=\u001b[39m wrapper\u001b[33m.\u001b[39mfind(\u001b[32m'Icon.down-icon'\u001b[39m)\u001b[33m.\u001b[39mclosest(\u001b[32m'button'\u001b[39m)\u001b[33m;\u001b[39m\u001b[0m\u001b[22m\n\u001b[2m    \u001b[0m \u001b[90m 302 | \u001b[39m      })\u001b[33m;\u001b[39m\u001b[0m\u001b[22m\n\u001b[2m    \u001b[0m \u001b[90m 303 | \u001b[39m\u001b[0m\u001b[22m\n\u001b[2m\u001b[22m\n\u001b[2m      \u001b[2mat ReactWrapper.single (\u001b[22m\u001b[2mnode_modules/enzyme/src/ReactWrapper.js\u001b[2m:1168:13)\u001b[22m\u001b[2m\u001b[22m\n\u001b[2m      \u001b[2mat ReactWrapper.is (\u001b[22m\u001b[2mnode_modules/enzyme/src/ReactWrapper.js\u001b[2m:569:17)\u001b[22m\u001b[2m\u001b[22m\n\u001b[2m      \u001b[2mat ReactWrapper.closest (\u001b[22m\u001b[2mnode_modules/enzyme/src/ReactWrapper.js\u001b[2m:813:14)\u001b[22m\u001b[2m\u001b[22m\n\u001b[2m      \u001b[2mat Object.<anonymous> (\u001b[22m\u001b[2m\u001b[0m\u001b[36msrc/components/NumberInput/NumberInput-test.js\u001b[39m\u001b[0m\u001b[2m:300:48)\u001b[22m\u001b[2m\u001b[22m\n\n\u001b[1m\u001b[31m  \u001b[1m● \u001b[22m\u001b[1mNumberInput › events › enabled numberInput › should increase by the value of step\u001b[39m\u001b[22m\n\n    ReactWrapper::state() can only be called on class components\n\u001b[2m\u001b[22m\n\u001b[2m    \u001b[0m \u001b[90m 332 | \u001b[39m          value\u001b[33m:\u001b[39m \u001b[35m0\u001b[39m\u001b[33m,\u001b[39m\u001b[0m\u001b[22m\n\u001b[2m    \u001b[0m \u001b[90m 333 | \u001b[39m        })\u001b[33m;\u001b[39m\u001b[0m\u001b[22m\n\u001b[2m    \u001b[0m\u001b[31m\u001b[1m>\u001b[22m\u001b[2m\u001b[39m\u001b[90m 334 | \u001b[39m        expect(wrapper\u001b[33m.\u001b[39mstate()\u001b[33m.\u001b[39mvalue)\u001b[33m.\u001b[39mtoEqual(\u001b[35m0\u001b[39m)\u001b[33m;\u001b[39m\u001b[0m\u001b[22m\n\u001b[2m    \u001b[0m \u001b[90m     | \u001b[39m                       \u001b[31m\u001b[1m^\u001b[22m\u001b[2m\u001b[39m\u001b[0m\u001b[22m\n\u001b[2m    \u001b[0m \u001b[90m 335 | \u001b[39m        upArrow\u001b[33m.\u001b[39msimulate(\u001b[32m'click'\u001b[39m)\u001b[33m;\u001b[39m\u001b[0m\u001b[22m\n\u001b[2m    \u001b[0m \u001b[90m 336 | \u001b[39m        expect(wrapper\u001b[33m.\u001b[39mstate()\u001b[33m.\u001b[39mvalue)\u001b[33m.\u001b[39mtoEqual(\u001b[35m10\u001b[39m)\u001b[33m;\u001b[39m\u001b[0m\u001b[22m\n\u001b[2m    \u001b[0m \u001b[90m 337 | \u001b[39m      })\u001b[33m;\u001b[39m\u001b[0m\u001b[22m\n\u001b[2m\u001b[22m\n\u001b[2m      \u001b[2mat ReactWrapper.state (\u001b[22m\u001b[2mnode_modules/enzyme/src/ReactWrapper.js\u001b[2m:725:13)\u001b[22m\u001b[2m\u001b[22m\n\u001b[2m      \u001b[2mat Object.<anonymous> (\u001b[22m\u001b[2m\u001b[0m\u001b[36msrc/components/NumberInput/NumberInput-test.js\u001b[39m\u001b[0m\u001b[2m:334:24)\u001b[22m\u001b[2m\u001b[22m\n\n\u001b[1m\u001b[31m  \u001b[1m● \u001b[22m\u001b[1mNumberInput › events › enabled numberInput › should decrease by the value of step\u001b[39m\u001b[22m\n\n    Method “is” is meant to be run on 1 node. 0 found instead.\n\u001b[2m\u001b[22m\n\u001b[2m    \u001b[0m \u001b[90m 298 | \u001b[39m\u001b[0m\u001b[22m\n\u001b[2m    \u001b[0m \u001b[90m 299 | \u001b[39m        input \u001b[33m=\u001b[39m wrapper\u001b[33m.\u001b[39mfind(\u001b[32m'input'\u001b[39m)\u001b[33m;\u001b[39m\u001b[0m\u001b[22m\n\u001b[2m    \u001b[0m\u001b[31m\u001b[1m>\u001b[22m\u001b[2m\u001b[39m\u001b[90m 300 | \u001b[39m        upArrow \u001b[33m=\u001b[39m wrapper\u001b[33m.\u001b[39mfind(\u001b[32m'Icon.up-icon'\u001b[39m)\u001b[33m.\u001b[39mclosest(\u001b[32m'button'\u001b[39m)\u001b[33m;\u001b[39m\u001b[0m\u001b[22m\n\u001b[2m    \u001b[0m \u001b[90m     | \u001b[39m                                               \u001b[31m\u001b[1m^\u001b[22m\u001b[2m\u001b[39m\u001b[0m\u001b[22m\n\u001b[2m    \u001b[0m \u001b[90m 301 | \u001b[39m        downArrow \u001b[33m=\u001b[39m wrapper\u001b[33m.\u001b[39mfind(\u001b[32m'Icon.down-icon'\u001b[39m)\u001b[33m.\u001b[39mclosest(\u001b[32m'button'\u001b[39m)\u001b[33m;\u001b[39m\u001b[0m\u001b[22m\n\u001b[2m    \u001b[0m \u001b[90m 302 | \u001b[39m      })\u001b[33m;\u001b[39m\u001b[0m\u001b[22m\n\u001b[2m    \u001b[0m \u001b[90m 303 | \u001b[39m\u001b[0m\u001b[22m\n\u001b[2m\u001b[22m\n\u001b[2m      \u001b[2mat ReactWrapper.single (\u001b[22m\u001b[2mnode_modules/enzyme/src/ReactWrapper.js\u001b[2m:1168:13)\u001b[22m\u001b[2m\u001b[22m\n\u001b[2m      \u001b[2mat ReactWrapper.is (\u001b[22m\u001b[2mnode_modules/enzyme/src/ReactWrapper.js\u001b[2m:569:17)\u001b[22m\u001b[2m\u001b[22m\n\u001b[2m      \u001b[2mat ReactWrapper.closest (\u001b[22m\u001b[2mnode_modules/enzyme/src/ReactWrapper.js\u001b[2m:813:14)\u001b[22m\u001b[2m\u001b[22m\n\u001b[2m      \u001b[2mat Object.<anonymous> (\u001b[22m\u001b[2m\u001b[0m\u001b[36msrc/components/NumberInput/NumberInput-test.js\u001b[39m\u001b[0m\u001b[2m:300:48)\u001b[22m\u001b[2m\u001b[22m\n\n\u001b[1m\u001b[31m  \u001b[1m● \u001b[22m\u001b[1mNumberInput › events › enabled numberInput › should decrease by the value of step\u001b[39m\u001b[22m\n\n    ReactWrapper::state() can only be called on class components\n\u001b[2m\u001b[22m\n\u001b[2m    \u001b[0m \u001b[90m 342 | \u001b[39m          value\u001b[33m:\u001b[39m \u001b[35m100\u001b[39m\u001b[33m,\u001b[39m\u001b[0m\u001b[22m\n\u001b[2m    \u001b[0m \u001b[90m 343 | \u001b[39m        })\u001b[33m;\u001b[39m\u001b[0m\u001b[22m\n\u001b[2m    \u001b[0m\u001b[31m\u001b[1m>\u001b[22m\u001b[2m\u001b[39m\u001b[90m 344 | \u001b[39m        expect(wrapper\u001b[33m.\u001b[39mstate()\u001b[33m.\u001b[39mvalue)\u001b[33m.\u001b[39mtoEqual(\u001b[35m100\u001b[39m)\u001b[33m;\u001b[39m\u001b[0m\u001b[22m\n\u001b[2m    \u001b[0m \u001b[90m     | \u001b[39m                       \u001b[31m\u001b[1m^\u001b[22m\u001b[2m\u001b[39m\u001b[0m\u001b[22m\n\u001b[2m    \u001b[0m \u001b[90m 345 | \u001b[39m        downArrow\u001b[33m.\u001b[39msimulate(\u001b[32m'click'\u001b[39m)\u001b[33m;\u001b[39m\u001b[0m\u001b[22m\n\u001b[2m    \u001b[0m \u001b[90m 346 | \u001b[39m        expect(wrapper\u001b[33m.\u001b[39mstate()\u001b[33m.\u001b[39mvalue)\u001b[33m.\u001b[39mtoEqual(\u001b[35m90\u001b[39m)\u001b[33m;\u001b[39m\u001b[0m\u001b[22m\n\u001b[2m    \u001b[0m \u001b[90m 347 | \u001b[39m      })\u001b[33m;\u001b[39m\u001b[0m\u001b[22m\n\u001b[2m\u001b[22m\n\u001b[2m      \u001b[2mat ReactWrapper.state (\u001b[22m\u001b[2mnode_modules/enzyme/src/ReactWrapper.js\u001b[2m:725:13)\u001b[22m\u001b[2m\u001b[22m\n\u001b[2m      \u001b[2mat Object.<anonymous> (\u001b[22m\u001b[2m\u001b[0m\u001b[36msrc/components/NumberInput/NumberInput-test.js\u001b[39m\u001b[0m\u001b[2m:344:24)\u001b[22m\u001b[2m\u001b[22m\n\n\u001b[1m\u001b[31m  \u001b[1m● \u001b[22m\u001b[1mNumberInput › events › enabled numberInput › should not invoke onClick when down arrow is clicked and value is 0\u001b[39m\u001b[22m\n\n    Method “is” is meant to be run on 1 node. 0 found instead.\n\u001b[2m\u001b[22m\n\u001b[2m    \u001b[0m \u001b[90m 298 | \u001b[39m\u001b[0m\u001b[22m\n\u001b[2m    \u001b[0m \u001b[90m 299 | \u001b[39m        input \u001b[33m=\u001b[39m wrapper\u001b[33m.\u001b[39mfind(\u001b[32m'input'\u001b[39m)\u001b[33m;\u001b[39m\u001b[0m\u001b[22m\n\u001b[2m    \u001b[0m\u001b[31m\u001b[1m>\u001b[22m\u001b[2m\u001b[39m\u001b[90m 300 | \u001b[39m        upArrow \u001b[33m=\u001b[39m wrapper\u001b[33m.\u001b[39mfind(\u001b[32m'Icon.up-icon'\u001b[39m)\u001b[33m.\u001b[39mclosest(\u001b[32m'button'\u001b[39m)\u001b[33m;\u001b[39m\u001b[0m\u001b[22m\n\u001b[2m    \u001b[0m \u001b[90m     | \u001b[39m                                               \u001b[31m\u001b[1m^\u001b[22m\u001b[2m\u001b[39m\u001b[0m\u001b[22m\n\u001b[2m    \u001b[0m \u001b[90m 301 | \u001b[39m        downArrow \u001b[33m=\u001b[39m wrapper\u001b[33m.\u001b[39mfind(\u001b[32m'Icon.down-icon'\u001b[39m)\u001b[33m.\u001b[39mclosest(\u001b[32m'button'\u001b[39m)\u001b[33m;\u001b[39m\u001b[0m\u001b[22m\n\u001b[2m    \u001b[0m \u001b[90m 302 | \u001b[39m      })\u001b[33m;\u001b[39m\u001b[0m\u001b[22m\n\u001b[2m    \u001b[0m \u001b[90m 303 | \u001b[39m\u001b[0m\u001b[22m\n\u001b[2m\u001b[22m\n\u001b[2m      \u001b[2mat ReactWrapper.single (\u001b[22m\u001b[2mnode_modules/enzyme/src/ReactWrapper.js\u001b[2m:1168:13)\u001b[22m\u001b[2m\u001b[22m\n\u001b[2m      \u001b[2mat ReactWrapper.is (\u001b[22m\u001b[2mnode_modules/enzyme/src/ReactWrapper.js\u001b[2m:569:17)\u001b[22m\u001b[2m\u001b[22m\n\u001b[2m      \u001b[2mat ReactWrapper.closest (\u001b[22m\u001b[2mnode_modules/enzyme/src/ReactWrapper.js\u001b[2m:813:14)\u001b[22m\u001b[2m\u001b[22m\n\u001b[2m      \u001b[2mat Object.<anonymous> (\u001b[22m\u001b[2m\u001b[0m\u001b[36msrc/components/NumberInput/NumberInput-test.js\u001b[39m\u001b[0m\u001b[2m:300:48)\u001b[22m\u001b[2m\u001b[22m\n\n\u001b[1m\u001b[31m  \u001b[1m● \u001b[22m\u001b[1mNumberInput › events › enabled numberInput › should not invoke onClick when down arrow is clicked and value is 0\u001b[39m\u001b[22m\n\n    TypeError: Cannot read property 'simulate' of undefined\n\u001b[2m\u001b[22m\n\u001b[2m    \u001b[0m \u001b[90m 348 | \u001b[39m\u001b[0m\u001b[22m\n\u001b[2m    \u001b[0m \u001b[90m 349 | \u001b[39m      it(\u001b[32m'should not invoke onClick when down arrow is clicked and value is 0'\u001b[39m\u001b[33m,\u001b[39m () \u001b[33m=>\u001b[39m {\u001b[0m\u001b[22m\n\u001b[2m    \u001b[0m\u001b[31m\u001b[1m>\u001b[22m\u001b[2m\u001b[39m\u001b[90m 350 | \u001b[39m        downArrow\u001b[33m.\u001b[39msimulate(\u001b[32m'click'\u001b[39m)\u001b[33m;\u001b[39m\u001b[0m\u001b[22m\n\u001b[2m    \u001b[0m \u001b[90m     | \u001b[39m                  \u001b[31m\u001b[1m^\u001b[22m\u001b[2m\u001b[39m\u001b[0m\u001b[22m\n\u001b[2m    \u001b[0m \u001b[90m 351 | \u001b[39m        expect(onClick)\u001b[33m.\u001b[39mnot\u001b[33m.\u001b[39mtoBeCalled()\u001b[33m;\u001b[39m\u001b[0m\u001b[22m\n\u001b[2m    \u001b[0m \u001b[90m 352 | \u001b[39m      })\u001b[33m;\u001b[39m\u001b[0m\u001b[22m\n\u001b[2m    \u001b[0m \u001b[90m 353 | \u001b[39m\u001b[0m\u001b[22m\n\u001b[2m\u001b[22m\n\u001b[2m      \u001b[2mat Object.<anonymous> (\u001b[22m\u001b[2m\u001b[0m\u001b[36msrc/components/NumberInput/NumberInput-test.js\u001b[39m\u001b[0m\u001b[2m:350:19)\u001b[22m\u001b[2m\u001b[22m\n\n\u001b[1m\u001b[31m  \u001b[1m● \u001b[22m\u001b[1mNumberInput › events › enabled numberInput › should invoke onClick when down arrow is clicked and value is above min\u001b[39m\u001b[22m\n\n    Method “is” is meant to be run on 1 node. 0 found instead.\n\u001b[2m\u001b[22m\n\u001b[2m    \u001b[0m \u001b[90m 298 | \u001b[39m\u001b[0m\u001b[22m\n\u001b[2m    \u001b[0m \u001b[90m 299 | \u001b[39m        input \u001b[33m=\u001b[39m wrapper\u001b[33m.\u001b[39mfind(\u001b[32m'input'\u001b[39m)\u001b[33m;\u001b[39m\u001b[0m\u001b[22m\n\u001b[2m    \u001b[0m\u001b[31m\u001b[1m>\u001b[22m\u001b[2m\u001b[39m\u001b[90m 300 | \u001b[39m        upArrow \u001b[33m=\u001b[39m wrapper\u001b[33m.\u001b[39mfind(\u001b[32m'Icon.up-icon'\u001b[39m)\u001b[33m.\u001b[39mclosest(\u001b[32m'button'\u001b[39m)\u001b[33m;\u001b[39m\u001b[0m\u001b[22m\n\u001b[2m    \u001b[0m \u001b[90m     | \u001b[39m                                               \u001b[31m\u001b[1m^\u001b[22m\u001b[2m\u001b[39m\u001b[0m\u001b[22m\n\u001b[2m    \u001b[0m \u001b[90m 301 | \u001b[39m        downArrow \u001b[33m=\u001b[39m wrapper\u001b[33m.\u001b[39mfind(\u001b[32m'Icon.down-icon'\u001b[39m)\u001b[33m.\u001b[39mclosest(\u001b[32m'button'\u001b[39m)\u001b[33m;\u001b[39m\u001b[0m\u001b[22m\n\u001b[2m    \u001b[0m \u001b[90m 302 | \u001b[39m      })\u001b[33m;\u001b[39m\u001b[0m\u001b[22m\n\u001b[2m    \u001b[0m \u001b[90m 303 | \u001b[39m\u001b[0m\u001b[22m\n\u001b[2m\u001b[22m\n\u001b[2m      \u001b[2mat ReactWrapper.single (\u001b[22m\u001b[2mnode_modules/enzyme/src/ReactWrapper.js\u001b[2m:1168:13)\u001b[22m\u001b[2m\u001b[22m\n\u001b[2m      \u001b[2mat ReactWrapper.is (\u001b[22m\u001b[2mnode_modules/enzyme/src/ReactWrapper.js\u001b[2m:569:17)\u001b[22m\u001b[2m\u001b[22m\n\u001b[2m      \u001b[2mat ReactWrapper.closest (\u001b[22m\u001b[2mnode_modules/enzyme/src/ReactWrapper.js\u001b[2m:813:14)\u001b[22m\u001b[2m\u001b[22m\n\u001b[2m      \u001b[2mat Object.<anonymous> (\u001b[22m\u001b[2m\u001b[0m\u001b[36msrc/components/NumberInput/NumberInput-test.js\u001b[39m\u001b[0m\u001b[2m:300:48)\u001b[22m\u001b[2m\u001b[22m\n\n\u001b[1m\u001b[31m  \u001b[1m● \u001b[22m\u001b[1mNumberInput › events › enabled numberInput › should invoke onClick when down arrow is clicked and value is above min\u001b[39m\u001b[22m\n\n    TypeError: Cannot read property 'simulate' of undefined\n\u001b[2m\u001b[22m\n\u001b[2m    \u001b[0m \u001b[90m 354 | \u001b[39m      it(\u001b[32m'should invoke onClick when down arrow is clicked and value is above min'\u001b[39m\u001b[33m,\u001b[39m () \u001b[33m=>\u001b[39m {\u001b[0m\u001b[22m\n\u001b[2m    \u001b[0m \u001b[90m 355 | \u001b[39m        wrapper\u001b[33m.\u001b[39msetProps({ value\u001b[33m:\u001b[39m \u001b[35m1\u001b[39m })\u001b[33m;\u001b[39m\u001b[0m\u001b[22m\n\u001b[2m    \u001b[0m\u001b[31m\u001b[1m>\u001b[22m\u001b[2m\u001b[39m\u001b[90m 356 | \u001b[39m        downArrow\u001b[33m.\u001b[39msimulate(\u001b[32m'click'\u001b[39m)\u001b[33m;\u001b[39m\u001b[0m\u001b[22m\n\u001b[2m    \u001b[0m \u001b[90m     | \u001b[39m                  \u001b[31m\u001b[1m^\u001b[22m\u001b[2m\u001b[39m\u001b[0m\u001b[22m\n\u001b[2m    \u001b[0m \u001b[90m 357 | \u001b[39m        expect(onClick)\u001b[33m.\u001b[39mtoBeCalled()\u001b[33m;\u001b[39m\u001b[0m\u001b[22m\n\u001b[2m    \u001b[0m \u001b[90m 358 | \u001b[39m        expect(onChange)\u001b[33m.\u001b[39mtoBeCalled()\u001b[33m;\u001b[39m\u001b[0m\u001b[22m\n\u001b[2m    \u001b[0m \u001b[90m 359 | \u001b[39m        expect(onClick)\u001b[33m.\u001b[39mtoHaveBeenCalledWith(expect\u001b[33m.\u001b[39manything()\u001b[33m,\u001b[39m \u001b[32m'down'\u001b[39m)\u001b[33m;\u001b[39m\u001b[0m\u001b[22m\n\u001b[2m\u001b[22m\n\u001b[2m      \u001b[2mat Object.<anonymous> (\u001b[22m\u001b[2m\u001b[0m\u001b[36msrc/components/NumberInput/NumberInput-test.js\u001b[39m\u001b[0m\u001b[2m:356:19)\u001b[22m\u001b[2m\u001b[22m\n\n\u001b[1m\u001b[31m  \u001b[1m● \u001b[22m\u001b[1mNumberInput › events › enabled numberInput › should invoke onChange when numberInput is changed\u001b[39m\u001b[22m\n\n    Method “is” is meant to be run on 1 node. 0 found instead.\n\u001b[2m\u001b[22m\n\u001b[2m    \u001b[0m \u001b[90m 298 | \u001b[39m\u001b[0m\u001b[22m\n\u001b[2m    \u001b[0m \u001b[90m 299 | \u001b[39m        input \u001b[33m=\u001b[39m wrapper\u001b[33m.\u001b[39mfind(\u001b[32m'input'\u001b[39m)\u001b[33m;\u001b[39m\u001b[0m\u001b[22m\n\u001b[2m    \u001b[0m\u001b[31m\u001b[1m>\u001b[22m\u001b[2m\u001b[39m\u001b[90m 300 | \u001b[39m        upArrow \u001b[33m=\u001b[39m wrapper\u001b[33m.\u001b[39mfind(\u001b[32m'Icon.up-icon'\u001b[39m)\u001b[33m.\u001b[39mclosest(\u001b[32m'button'\u001b[39m)\u001b[33m;\u001b[39m\u001b[0m\u001b[22m\n\u001b[2m    \u001b[0m \u001b[90m     | \u001b[39m                                               \u001b[31m\u001b[1m^\u001b[22m\u001b[2m\u001b[39m\u001b[0m\u001b[22m\n\u001b[2m    \u001b[0m \u001b[90m 301 | \u001b[39m        downArrow \u001b[33m=\u001b[39m wrapper\u001b[33m.\u001b[39mfind(\u001b[32m'Icon.down-icon'\u001b[39m)\u001b[33m.\u001b[39mclosest(\u001b[32m'button'\u001b[39m)\u001b[33m;\u001b[39m\u001b[0m\u001b[22m\n\u001b[2m    \u001b[0m \u001b[90m 302 | \u001b[39m      })\u001b[33m;\u001b[39m\u001b[0m\u001b[22m\n\u001b[2m    \u001b[0m \u001b[90m 303 | \u001b[39m\u001b[0m\u001b[22m\n\u001b[2m\u001b[22m\n\u001b[2m      \u001b[2mat ReactWrapper.single (\u001b[22m\u001b[2mnode_modules/enzyme/src/ReactWrapper.js\u001b[2m:1168:13)\u001b[22m\u001b[2m\u001b[22m\n\u001b[2m      \u001b[2mat ReactWrapper.is (\u001b[22m\u001b[2mnode_modules/enzyme/src/ReactWrapper.js\u001b[2m:569:17)\u001b[22m\u001b[2m\u001b[22m\n\u001b[2m      \u001b[2mat ReactWrapper.closest (\u001b[22m\u001b[2mnode_modules/enzyme/src/ReactWrapper.js\u001b[2m:813:14)\u001b[22m\u001b[2m\u001b[22m\n\u001b[2m      \u001b[2mat Object.<anonymous> (\u001b[22m\u001b[2m\u001b[0m\u001b[36msrc/components/NumberInput/NumberInput-test.js\u001b[39m\u001b[0m\u001b[2m:300:48)\u001b[22m\u001b[2m\u001b[22m\n\n\u001b[1m\u001b[31m  \u001b[1m● \u001b[22m\u001b[1mNumberInput › events › enabled numberInput › should invoke onChange when numberInput is changed\u001b[39m\u001b[22m\n\n    \u001b[2mexpect(\u001b[22m\u001b[31mjest.fn()\u001b[39m\u001b[2m).\u001b[22mtoHaveBeenCalledWith\u001b[2m(\u001b[22m\u001b[32m...expected\u001b[39m\u001b[2m)\u001b[22m\n\n    Expected: \u001b[32mAnything\u001b[39m\n    Received: \u001b[2mNaN\u001b[22m, \u001b[31m{\"_dispatchInstances\": null, \"_dispatchListeners\": null, \"_targetInst\": {\"_debugHookTypes\": null, \"_debugID\": 1749, \"_debugIsCurrentlyTiming\": false, \"_debugNeedsRemount\": false, \"_debugOwner\": [FiberNode], \"_debugSource\": null, \"actualDuration\": 0, \"actualStartTime\": -1, \"alternate\": [FiberNode], \"child\": null, \"childExpirationTime\": 0, \"dependencies\": null, \"effectTag\": 128, \"elementType\": \"input\", \"expirationTime\": 0, \"firstEffect\": null, \"index\": 2, \"key\": null, \"lastEffect\": null, \"memoizedProps\": [Object], \"memoizedState\": null, \"mode\": 0, \"nextEffect\": null, \"pendingProps\": [Object], \"ref\": [Object], \"return\": [FiberNode], \"selfBaseDuration\": 0, \"sibling\": null, \"stateNode\": <input … />, \"tag\": 5, \"treeBaseDuration\": 0, \"type\": \"input\", \"updateQueue\": null}, \"bubbles\": undefined, \"cancelable\": undefined, \"currentTarget\": null, \"defaultPrevented\": undefined, \"dispatchConfig\": {\"dependencies\": [Array], \"phasedRegistrationNames\": [Object]}, \"eventPhase\": undefined, \"imaginaryTarget\": {\"current\": <input … />}, \"isDefaultPrevented\": [Function functionThatReturnsFalse], \"isPersistent\": [Function functionThatReturnsTrue], \"isPropagationStopped\": [Function functionThatReturnsFalse], \"isTrusted\": undefined, \"nativeEvent\": {\"target\": <input … />, \"type\": \"change\"}, \"target\": <input id=\"test\" max=\"100\" min=\"0\" pattern=\"[0-9]*\" step=\"1\" type=\"number\" value=\"\" />, \"timeStamp\": 1604862144589, \"type\": \"change\"}\u001b[39m\n\n    Number of calls: \u001b[31m1\u001b[39m\n\u001b[2m\u001b[22m\n\u001b[2m    \u001b[0m \u001b[90m 363 | \u001b[39m        input\u001b[33m.\u001b[39msimulate(\u001b[32m'change'\u001b[39m)\u001b[33m;\u001b[39m\u001b[0m\u001b[22m\n\u001b[2m    \u001b[0m \u001b[90m 364 | \u001b[39m        expect(onChange)\u001b[33m.\u001b[39mtoBeCalled()\u001b[33m;\u001b[39m\u001b[0m\u001b[22m\n\u001b[2m    \u001b[0m\u001b[31m\u001b[1m>\u001b[22m\u001b[2m\u001b[39m\u001b[90m 365 | \u001b[39m        expect(onChange)\u001b[33m.\u001b[39mtoHaveBeenCalledWith(expect\u001b[33m.\u001b[39manything())\u001b[33m;\u001b[39m\u001b[0m\u001b[22m\n\u001b[2m    \u001b[0m \u001b[90m     | \u001b[39m                         \u001b[31m\u001b[1m^\u001b[22m\u001b[2m\u001b[39m\u001b[0m\u001b[22m\n\u001b[2m    \u001b[0m \u001b[90m 366 | \u001b[39m      })\u001b[33m;\u001b[39m\u001b[0m\u001b[22m\n\u001b[2m    \u001b[0m \u001b[90m 367 | \u001b[39m    })\u001b[33m;\u001b[39m\u001b[0m\u001b[22m\n\u001b[2m    \u001b[0m \u001b[90m 368 | \u001b[39m  })\u001b[33m;\u001b[39m\u001b[0m\u001b[22m\n\u001b[2m\u001b[22m\n\u001b[2m      \u001b[2mat Object.<anonymous> (\u001b[22m\u001b[2m\u001b[0m\u001b[36msrc/components/NumberInput/NumberInput-test.js\u001b[39m\u001b[0m\u001b[2m:365:26)\u001b[22m\u001b[2m\u001b[22m\n",
      "name": "/Applications/MAMP/htdocs/wfp-ui-next/src/components/NumberInput/NumberInput-test.js",
      "startTime": 1604862141485,
      "status": "failed",
      "summary": ""
    }
  ],
  "wasInterrupted": false
}
